#
# A fatal error has been detected by the Java Runtime Environment:
#
#  EXCEPTION_ACCESS_VIOLATION (0xc0000005) at pc=0x00007ff9ee8e2480, pid=12516, tid=11052
#
# JRE version: Java(TM) SE Runtime Environment (11.0.2+9) (build 11.0.2+9-LTS)
# Java VM: Java HotSpot(TM) 64-Bit Server VM (11.0.2+9-LTS, mixed mode, tiered, compressed oops, g1 gc, windows-amd64)
# Problematic frame:
# V  [jvm.dll+0x372480]
#
# No core dump will be written. Minidumps are not enabled by default on client versions of Windows
#
# If you would like to submit a bug report, please visit:
#   http://bugreport.java.com/bugreport/crash.jsp
#

---------------  S U M M A R Y ------------

Command Line: -XX:MaxMetaspaceSize=256m -XX:+HeapDumpOnOutOfMemoryError -agentlib:jdwp=transport=dt_socket,server=n,suspend=y,address=127.0.0.1:52218 --add-opens=java.base/java.util=ALL-UNNAMED --add-opens=java.base/java.lang=ALL-UNNAMED --add-opens=java.base/java.lang.invoke=ALL-UNNAMED --add-opens=java.prefs/java.util.prefs=ALL-UNNAMED -Xms256m -Xmx512m -Dfile.encoding=windows-1252 -Duser.country=BR -Duser.language=pt -Duser.variant org.gradle.launcher.daemon.bootstrap.GradleDaemon 5.4.1

Host: AMD FX(tm)-4300 Quad-Core Processor            , 4 cores, 11G,  Windows 10 , 64 bit Build 17763 (10.0.17763.475)
Time: Sun Aug 18 01:34:27 2019 Hora oficial do Brasil elapsed time: 34 seconds (0d 0h 0m 34s)

---------------  T H R E A D  ---------------

Current thread (0x0000027db9d93800):  JavaThread "C2 CompilerThread0" daemon [_thread_in_native, id=11052, stack(0x000000bc1fe00000,0x000000bc1ff00000)]


Current CompileTask:
C2:  34372 3793       4       groovy.lang.MetaClassImpl$1MOPIter::methodNameAction (325 bytes)

Stack: [0x000000bc1fe00000,0x000000bc1ff00000],  sp=0x000000bc1fefb610,  free space=1005k
Native frames: (J=compiled Java code, j=interpreted, Vv=VM code, C=native code)
V  [jvm.dll+0x372480]
V  [jvm.dll+0x36bc90]
V  [jvm.dll+0x1a949c]
V  [jvm.dll+0x218352]
V  [jvm.dll+0x2173ea]
V  [jvm.dll+0x194200]
V  [jvm.dll+0x2263af]
V  [jvm.dll+0x2249b8]
V  [jvm.dll+0x738a9d]
V  [jvm.dll+0x6347f2]
C  [ucrtbase.dll+0x21ffa]
C  [KERNEL32.DLL+0x17974]
C  [ntdll.dll+0x6a271]


siginfo: EXCEPTION_ACCESS_VIOLATION (0xc0000005), reading address 0xffffffffffffffff


Register to memory mapping:

RIP=0x00007ff9ee8e2480 jvm.dll
RAX=0x0 is NULL
RBX=0x000000000000000b is an unknown value
RCX=0x0 is NULL
RDX=0x0000000000000008 is an unknown value
RSP=0x000000bc1fefb610 is pointing into the stack for thread: 0x0000027db9d93800
RBP=0x0000000000000008 is an unknown value
RSI=0x00007ff9eefc6738 jvm.dll
RDI=0x0000027db9fbf3f8 points into unknown readable memory: d0 17 43 b9 7d 02 00 00
R8 =0x00047ff9eefc6738 is an unknown value
R9 =0x000000bc1fefb660 is pointing into the stack for thread: 0x0000027db9d93800
R10=0x000000000000000b is an unknown value
R11=0x000000bc1fefb570 is pointing into the stack for thread: 0x0000027db9d93800
R12=0x00007ff9ee570000 jvm.dll
R13=0x0000027dbbb747c0 points into unknown readable memory: 40 80 26 bf 7d 02 00 00
R14=0x000000000000001e is an unknown value
R15=0x00007ff9eefc6738 jvm.dll


Registers:
RAX=0x0000000000000000, RBX=0x000000000000000b, RCX=0x0000000000000000, RDX=0x0000000000000008
RSP=0x000000bc1fefb610, RBP=0x0000000000000008, RSI=0x00007ff9eefc6738, RDI=0x0000027db9fbf3f8
R8 =0x00047ff9eefc6738, R9 =0x000000bc1fefb660, R10=0x000000000000000b, R11=0x000000bc1fefb570
R12=0x00007ff9ee570000, R13=0x0000027dbbb747c0, R14=0x000000000000001e, R15=0x00007ff9eefc6738
RIP=0x00007ff9ee8e2480, EFLAGS=0x0000000000010246

Top of Stack: (sp=0x000000bc1fefb610)
0x000000bc1fefb610:   0000000000000000 0000000000000000
0x000000bc1fefb620:   00000000000006f0 0000027db942cb00
0x000000bc1fefb630:   0000000000000a5e 00007ff9ee8dbc90
0x000000bc1fefb640:   0000027dbf2cf9d0 000000bc1fefb790
0x000000bc1fefb650:   0000000000000a5e 00007ff9eedfa250
0x000000bc1fefb660:   00000a6100000000 0000027d00000003
0x000000bc1fefb670:   00047ff9eefc6738 000000000000000b
0x000000bc1fefb680:   0000027dbc46c740 000000000000001c
0x000000bc1fefb690:   0000027dbf2cfb10 0000000000000000
0x000000bc1fefb6a0:   0000027dbbb747d0 0000000000000000
0x000000bc1fefb6b0:   000000bc1fefb7c0 00007ff9ee71949c
0x000000bc1fefb6c0:   000000bc1fefbb40 000000bc1fefbc28
0x000000bc1fefb6d0:   0000027dbbb74ba8 00000000000003d8
0x000000bc1fefb6e0:   00007ff9eedb4a00 000000000000000c
0x000000bc1fefb6f0:   0000000000000006 0000027dbbb747c0
0x000000bc1fefb700:   0000027dbe822ec0 0000027dbe8294d0 

Instructions: (pc=0x00007ff9ee8e2480)
0x00007ff9ee8e2460:   49 8b 41 20 41 8b da 4c 8b 04 d8 4c 3b c6 74 7a
0x00007ff9ee8e2470:   33 c0 4d 89 41 10 33 c9 0f 1f 84 00 00 00 00 00
0x00007ff9ee8e2480:   42 83 3c 01 00 8d 50 01 0f 85 be 00 00 00 48 83
0x00007ff9ee8e2490:   c1 04 8b c2 83 fa 08 72 e7 4d 8b 59 30 4d 85 db 


Stack slot to memory mapping:
stack at sp + 0 slots: 0x0 is NULL
stack at sp + 1 slots: 0x0 is NULL
stack at sp + 2 slots: 0x00000000000006f0 is an unknown value
stack at sp + 3 slots: 0x0000027db942cb00 points into unknown readable memory: 00 00 1a 00 00 00 00 00
stack at sp + 4 slots: 0x0000000000000a5e is an unknown value
stack at sp + 5 slots: 0x00007ff9ee8dbc90 jvm.dll
stack at sp + 6 slots: 0x0000027dbf2cf9d0 points into unknown readable memory: 06 00 00 00 00 00 00 00
stack at sp + 7 slots: 0x000000bc1fefb790 is pointing into the stack for thread: 0x0000027db9d93800


---------------  P R O C E S S  ---------------

Threads class SMR info:
_java_thread_list=0x0000027dbc1a2090, length=31, elements={
0x0000027d9c9e8000, 0x0000027db9412000, 0x0000027db941b800, 0x0000027db9434000,
0x0000027db9435000, 0x0000027db9d93800, 0x0000027db9d97000, 0x0000027db9da1000,
0x0000027db9ef2800, 0x0000027db9f26800, 0x0000027db9f3a800, 0x0000027db9f3c000,
0x0000027db9f4d000, 0x0000027dbb189000, 0x0000027dbadd8000, 0x0000027dbb761800,
0x0000027dba91f000, 0x0000027dbb706800, 0x0000027dbb497800, 0x0000027dbb498000,
0x0000027dbb59d800, 0x0000027dbba9c000, 0x0000027dbba9d000, 0x0000027dba69b000,
0x0000027dba699800, 0x0000027dba69a800, 0x0000027dba69d000, 0x0000027dba698000,
0x0000027dba69e800, 0x0000027dbc616000, 0x0000027dbf83b000
}

Java Threads: ( => current thread )
  0x0000027d9c9e8000 JavaThread "main" [_thread_blocked, id=1280, stack(0x000000bc1f300000,0x000000bc1f400000)]
  0x0000027db9412000 JavaThread "Reference Handler" daemon [_thread_blocked, id=12544, stack(0x000000bc1fa00000,0x000000bc1fb00000)]
  0x0000027db941b800 JavaThread "Finalizer" daemon [_thread_blocked, id=5448, stack(0x000000bc1fb00000,0x000000bc1fc00000)]
  0x0000027db9434000 JavaThread "Signal Dispatcher" daemon [_thread_blocked, id=6996, stack(0x000000bc1fc00000,0x000000bc1fd00000)]
  0x0000027db9435000 JavaThread "Attach Listener" daemon [_thread_blocked, id=8620, stack(0x000000bc1fd00000,0x000000bc1fe00000)]
=>0x0000027db9d93800 JavaThread "C2 CompilerThread0" daemon [_thread_in_native, id=11052, stack(0x000000bc1fe00000,0x000000bc1ff00000)]
  0x0000027db9d97000 JavaThread "C1 CompilerThread0" daemon [_thread_blocked, id=11536, stack(0x000000bc1ff00000,0x000000bc20000000)]
  0x0000027db9da1000 JavaThread "Sweeper thread" daemon [_thread_blocked, id=11024, stack(0x000000bc20000000,0x000000bc20100000)]
  0x0000027db9ef2800 JavaThread "Common-Cleaner" daemon [_thread_blocked, id=4872, stack(0x000000bc20100000,0x000000bc20200000)]
  0x0000027db9f26800 JavaThread "JDWP Transport Listener: dt_socket" daemon [_thread_blocked, id=3464, stack(0x000000bc20200000,0x000000bc20300000)]
  0x0000027db9f3a800 JavaThread "JDWP Event Helper Thread" daemon [_thread_blocked, id=11880, stack(0x000000bc20300000,0x000000bc20400000)]
  0x0000027db9f3c000 JavaThread "JDWP Command Reader" daemon [_thread_in_native, id=7692, stack(0x000000bc20400000,0x000000bc20500000)]
  0x0000027db9f4d000 JavaThread "Service Thread" daemon [_thread_blocked, id=9080, stack(0x000000bc20500000,0x000000bc20600000)]
  0x0000027dbb189000 JavaThread "Daemon health stats" [_thread_blocked, id=6868, stack(0x000000bc20a00000,0x000000bc20b00000)]
  0x0000027dbadd8000 JavaThread "Incoming local TCP Connector on port 52223" [_thread_in_native, id=12060, stack(0x000000bc20b00000,0x000000bc20c00000)]
  0x0000027dbb761800 JavaThread "Daemon periodic checks" [_thread_blocked, id=13224, stack(0x000000bc20d00000,0x000000bc20e00000)]
  0x0000027dba91f000 JavaThread "Daemon" [_thread_blocked, id=5144, stack(0x000000bc20e00000,0x000000bc20f00000)]
  0x0000027dbb706800 JavaThread "Handler for socket connection from /127.0.0.1:52223 to /127.0.0.1:52224" [_thread_in_native, id=8756, stack(0x000000bc20c00000,0x000000bc20d00000)]
  0x0000027dbb497800 JavaThread "Cancel handler" [_thread_blocked, id=11672, stack(0x000000bc20f00000,0x000000bc21000000)]
  0x0000027dbb498000 JavaThread "Daemon worker" [_thread_in_vm, id=11332, stack(0x000000bc21000000,0x000000bc21100000)]
  0x0000027dbb59d800 JavaThread "Asynchronous log dispatcher for DefaultDaemonConnection: socket connection from /127.0.0.1:52223 to /127.0.0.1:52224" [_thread_blocked, id=8024, stack(0x000000bc21100000,0x000000bc21200000)]
  0x0000027dbba9c000 JavaThread "Stdin handler" [_thread_blocked, id=10288, stack(0x000000bc21200000,0x000000bc21300000)]
  0x0000027dbba9d000 JavaThread "Thread-8" [_thread_blocked, id=3328, stack(0x000000bc21300000,0x000000bc21400000)]
  0x0000027dba69b000 JavaThread "Cache worker for file hash cache (C:\Users\gabri\.gradle\caches\5.4.1\fileHashes)" [_thread_blocked, id=7868, stack(0x000000bc21400000,0x000000bc21500000)]
  0x0000027dba699800 JavaThread "File lock request listener" [_thread_in_native, id=9728, stack(0x000000bc21500000,0x000000bc21600000)]
  0x0000027dba69a800 JavaThread "Cache worker for journal cache (C:\Users\gabri\.gradle\caches\journal-1)" [_thread_blocked, id=3300, stack(0x000000bc21600000,0x000000bc21700000)]
  0x0000027dba69d000 JavaThread "Cache worker for file hash cache (C:\Users\gabri\Desktop\restResult\.gradle\5.4.1\fileHashes)" [_thread_blocked, id=2484, stack(0x000000bc21700000,0x000000bc21800000)]
  0x0000027dba698000 JavaThread "Cache worker for cache directory md-supplier (C:\Users\gabri\.gradle\caches\5.4.1\md-supplier)" [_thread_blocked, id=6092, stack(0x000000bc21800000,0x000000bc21900000)]
  0x0000027dba69e800 JavaThread "Cache worker for cache directory md-rule (C:\Users\gabri\.gradle\caches\5.4.1\md-rule)" [_thread_blocked, id=9872, stack(0x000000bc21a00000,0x000000bc21b00000)]
  0x0000027dbc616000 JavaThread "Cache worker for execution history cache (C:\Users\gabri\.gradle\caches\5.4.1\executionHistory)" [_thread_blocked, id=4292, stack(0x000000bc21b00000,0x000000bc21c00000)]
  0x0000027dbf83b000 JavaThread "C2 CompilerThread1" daemon [_thread_blocked, id=12968, stack(0x000000bc21900000,0x000000bc21a00000)]

Other Threads:
  0x0000027db93e5000 VMThread "VM Thread" [stack: 0x000000bc1f900000,0x000000bc1fa00000] [id=12988]
  0x0000027db9f51000 WatcherThread [stack: 0x000000bc20600000,0x000000bc20700000] [id=11568]
  0x0000027d9ca01000 GCTaskThread "GC Thread#0" [stack: 0x000000bc1f400000,0x000000bc1f500000] [id=12856]
  0x0000027dba6cd800 GCTaskThread "GC Thread#1" [stack: 0x000000bc20700000,0x000000bc20800000] [id=6380]
  0x0000027dba6ce800 GCTaskThread "GC Thread#2" [stack: 0x000000bc20800000,0x000000bc20900000] [id=11516]
  0x0000027dba66e800 GCTaskThread "GC Thread#3" [stack: 0x000000bc20900000,0x000000bc20a00000] [id=10916]
  0x0000027d9ca11800 ConcurrentGCThread "G1 Main Marker" [stack: 0x000000bc1f500000,0x000000bc1f600000] [id=7188]
  0x0000027d9ca12800 ConcurrentGCThread "G1 Conc#0" [stack: 0x000000bc1f600000,0x000000bc1f700000] [id=2868]
  0x0000027db9286800 ConcurrentGCThread "G1 Refine#0" [stack: 0x000000bc1f700000,0x000000bc1f800000] [id=8232]
  0x0000027db9287800 ConcurrentGCThread "G1 Young RemSet Sampling" [stack: 0x000000bc1f800000,0x000000bc1f900000] [id=6172]

Threads with active compile tasks:
C2 CompilerThread03793       4       groovy.lang.MetaClassImpl$1MOPIter::methodNameAction (325 bytes)

VM state:not at safepoint (normal execution)

VM Mutex/Monitor currently owned by a thread: None

Heap address: 0x00000000e0000000, size: 512 MB, Compressed Oops mode: 32-bit
Narrow klass base: 0x0000000000000000, Narrow klass shift: 3
Compressed class space size: 260046848 Address: 0x0000000100000000

Heap:
 garbage-first heap   total 262144K, used 98032K [0x00000000e0000000, 0x0000000100000000)
  region size 1024K, 86 young (88064K), 9 survivors (9216K)
 Metaspace       used 42131K, capacity 42803K, committed 42880K, reserved 292864K
  class space    used 5215K, capacity 5463K, committed 5504K, reserved 253952K
Heap Regions: E=young(eden), S=young(survivor), O=old, HS=humongous(starts), HC=humongous(continues), CS=collection set, F=free, A=archive, TAMS=top-at-mark-start (previous, next)
|   0|0x00000000e0000000, 0x00000000e0100000, 0x00000000e0100000|100%| O|  |TAMS 0x00000000e0100000, 0x00000000e0000000| Untracked 
|   1|0x00000000e0100000, 0x00000000e0200000, 0x00000000e0200000|100%| O|  |TAMS 0x00000000e0200000, 0x00000000e0100000| Untracked 
|   2|0x00000000e0200000, 0x00000000e0300000, 0x00000000e0300000|100%|HS|  |TAMS 0x00000000e0300000, 0x00000000e0200000| Complete 
|   3|0x00000000e0300000, 0x00000000e0400000, 0x00000000e0400000|100%|HS|  |TAMS 0x00000000e0400000, 0x00000000e0300000| Complete 
|   4|0x00000000e0400000, 0x00000000e0500000, 0x00000000e0500000|100%|HC|  |TAMS 0x00000000e0500000, 0x00000000e0400000| Complete 
|   5|0x00000000e0500000, 0x00000000e0600000, 0x00000000e0600000|100%| O|  |TAMS 0x00000000e0600000, 0x00000000e0500000| Untracked 
|   6|0x00000000e0600000, 0x00000000e0700000, 0x00000000e0700000|100%| O|  |TAMS 0x00000000e0700000, 0x00000000e0600000| Untracked 
|   7|0x00000000e0700000, 0x00000000e0800000, 0x00000000e0800000|100%| O|  |TAMS 0x00000000e0800000, 0x00000000e0700000| Untracked 
|   8|0x00000000e0800000, 0x00000000e0900000, 0x00000000e0900000|100%| O|  |TAMS 0x00000000e0900000, 0x00000000e0800000| Untracked 
|   9|0x00000000e0900000, 0x00000000e0a00000, 0x00000000e0a00000|100%| O|  |TAMS 0x00000000e0a00000, 0x00000000e0900000| Untracked 
|  10|0x00000000e0a00000, 0x00000000e0b00000, 0x00000000e0b00000|100%| O|  |TAMS 0x00000000e0b00000, 0x00000000e0a00000| Untracked 
|  11|0x00000000e0b00000, 0x00000000e0b82a00, 0x00000000e0c00000| 51%| O|  |TAMS 0x00000000e0b82a00, 0x00000000e0b00000| Untracked 
|  12|0x00000000e0c00000, 0x00000000e0c00000, 0x00000000e0d00000|  0%| F|  |TAMS 0x00000000e0c00000, 0x00000000e0c00000| Untracked 
|  13|0x00000000e0d00000, 0x00000000e0d00000, 0x00000000e0e00000|  0%| F|  |TAMS 0x00000000e0d00000, 0x00000000e0d00000| Untracked 
|  14|0x00000000e0e00000, 0x00000000e0e00000, 0x00000000e0f00000|  0%| F|  |TAMS 0x00000000e0e00000, 0x00000000e0e00000| Untracked 
|  15|0x00000000e0f00000, 0x00000000e0f00000, 0x00000000e1000000|  0%| F|  |TAMS 0x00000000e0f00000, 0x00000000e0f00000| Untracked 
|  16|0x00000000e1000000, 0x00000000e1000000, 0x00000000e1100000|  0%| F|  |TAMS 0x00000000e1000000, 0x00000000e1000000| Untracked 
|  17|0x00000000e1100000, 0x00000000e1100000, 0x00000000e1200000|  0%| F|  |TAMS 0x00000000e1100000, 0x00000000e1100000| Untracked 
|  18|0x00000000e1200000, 0x00000000e1200000, 0x00000000e1300000|  0%| F|  |TAMS 0x00000000e1200000, 0x00000000e1200000| Untracked 
|  19|0x00000000e1300000, 0x00000000e1300000, 0x00000000e1400000|  0%| F|  |TAMS 0x00000000e1300000, 0x00000000e1300000| Untracked 
|  20|0x00000000e1400000, 0x00000000e1400000, 0x00000000e1500000|  0%| F|  |TAMS 0x00000000e1400000, 0x00000000e1400000| Untracked 
|  21|0x00000000e1500000, 0x00000000e1500000, 0x00000000e1600000|  0%| F|  |TAMS 0x00000000e1500000, 0x00000000e1500000| Untracked 
|  22|0x00000000e1600000, 0x00000000e1600000, 0x00000000e1700000|  0%| F|  |TAMS 0x00000000e1600000, 0x00000000e1600000| Untracked 
|  23|0x00000000e1700000, 0x00000000e1700000, 0x00000000e1800000|  0%| F|  |TAMS 0x00000000e1700000, 0x00000000e1700000| Untracked 
|  24|0x00000000e1800000, 0x00000000e1800000, 0x00000000e1900000|  0%| F|  |TAMS 0x00000000e1800000, 0x00000000e1800000| Untracked 
|  25|0x00000000e1900000, 0x00000000e1900000, 0x00000000e1a00000|  0%| F|  |TAMS 0x00000000e1900000, 0x00000000e1900000| Untracked 
|  26|0x00000000e1a00000, 0x00000000e1a00000, 0x00000000e1b00000|  0%| F|  |TAMS 0x00000000e1a00000, 0x00000000e1a00000| Untracked 
|  27|0x00000000e1b00000, 0x00000000e1b00000, 0x00000000e1c00000|  0%| F|  |TAMS 0x00000000e1b00000, 0x00000000e1b00000| Untracked 
|  28|0x00000000e1c00000, 0x00000000e1c00000, 0x00000000e1d00000|  0%| F|  |TAMS 0x00000000e1c00000, 0x00000000e1c00000| Untracked 
|  29|0x00000000e1d00000, 0x00000000e1d00000, 0x00000000e1e00000|  0%| F|  |TAMS 0x00000000e1d00000, 0x00000000e1d00000| Untracked 
|  30|0x00000000e1e00000, 0x00000000e1e00000, 0x00000000e1f00000|  0%| F|  |TAMS 0x00000000e1e00000, 0x00000000e1e00000| Untracked 
|  31|0x00000000e1f00000, 0x00000000e1f00000, 0x00000000e2000000|  0%| F|  |TAMS 0x00000000e1f00000, 0x00000000e1f00000| Untracked 
|  32|0x00000000e2000000, 0x00000000e2000000, 0x00000000e2100000|  0%| F|  |TAMS 0x00000000e2000000, 0x00000000e2000000| Untracked 
|  33|0x00000000e2100000, 0x00000000e2100000, 0x00000000e2200000|  0%| F|  |TAMS 0x00000000e2100000, 0x00000000e2100000| Untracked 
|  34|0x00000000e2200000, 0x00000000e2200000, 0x00000000e2300000|  0%| F|  |TAMS 0x00000000e2200000, 0x00000000e2200000| Untracked 
|  35|0x00000000e2300000, 0x00000000e2300000, 0x00000000e2400000|  0%| F|  |TAMS 0x00000000e2300000, 0x00000000e2300000| Untracked 
|  36|0x00000000e2400000, 0x00000000e2400000, 0x00000000e2500000|  0%| F|  |TAMS 0x00000000e2400000, 0x00000000e2400000| Untracked 
|  37|0x00000000e2500000, 0x00000000e2500000, 0x00000000e2600000|  0%| F|  |TAMS 0x00000000e2500000, 0x00000000e2500000| Untracked 
|  38|0x00000000e2600000, 0x00000000e2600000, 0x00000000e2700000|  0%| F|  |TAMS 0x00000000e2600000, 0x00000000e2600000| Untracked 
|  39|0x00000000e2700000, 0x00000000e2700000, 0x00000000e2800000|  0%| F|  |TAMS 0x00000000e2700000, 0x00000000e2700000| Untracked 
|  40|0x00000000e2800000, 0x00000000e2800000, 0x00000000e2900000|  0%| F|  |TAMS 0x00000000e2800000, 0x00000000e2800000| Untracked 
|  41|0x00000000e2900000, 0x00000000e2900000, 0x00000000e2a00000|  0%| F|  |TAMS 0x00000000e2900000, 0x00000000e2900000| Untracked 
|  42|0x00000000e2a00000, 0x00000000e2a00000, 0x00000000e2b00000|  0%| F|  |TAMS 0x00000000e2a00000, 0x00000000e2a00000| Untracked 
|  43|0x00000000e2b00000, 0x00000000e2b00000, 0x00000000e2c00000|  0%| F|  |TAMS 0x00000000e2b00000, 0x00000000e2b00000| Untracked 
|  44|0x00000000e2c00000, 0x00000000e2c00000, 0x00000000e2d00000|  0%| F|  |TAMS 0x00000000e2c00000, 0x00000000e2c00000| Untracked 
|  45|0x00000000e2d00000, 0x00000000e2d00000, 0x00000000e2e00000|  0%| F|  |TAMS 0x00000000e2d00000, 0x00000000e2d00000| Untracked 
|  46|0x00000000e2e00000, 0x00000000e2e00000, 0x00000000e2f00000|  0%| F|  |TAMS 0x00000000e2e00000, 0x00000000e2e00000| Untracked 
|  47|0x00000000e2f00000, 0x00000000e2f00000, 0x00000000e3000000|  0%| F|  |TAMS 0x00000000e2f00000, 0x00000000e2f00000| Untracked 
|  48|0x00000000e3000000, 0x00000000e3000000, 0x00000000e3100000|  0%| F|  |TAMS 0x00000000e3000000, 0x00000000e3000000| Untracked 
|  49|0x00000000e3100000, 0x00000000e3100000, 0x00000000e3200000|  0%| F|  |TAMS 0x00000000e3100000, 0x00000000e3100000| Untracked 
|  50|0x00000000e3200000, 0x00000000e3200000, 0x00000000e3300000|  0%| F|  |TAMS 0x00000000e3200000, 0x00000000e3200000| Untracked 
|  51|0x00000000e3300000, 0x00000000e3300000, 0x00000000e3400000|  0%| F|  |TAMS 0x00000000e3300000, 0x00000000e3300000| Untracked 
|  52|0x00000000e3400000, 0x00000000e3400000, 0x00000000e3500000|  0%| F|  |TAMS 0x00000000e3400000, 0x00000000e3400000| Untracked 
|  53|0x00000000e3500000, 0x00000000e3500000, 0x00000000e3600000|  0%| F|  |TAMS 0x00000000e3500000, 0x00000000e3500000| Untracked 
|  54|0x00000000e3600000, 0x00000000e3600000, 0x00000000e3700000|  0%| F|  |TAMS 0x00000000e3600000, 0x00000000e3600000| Untracked 
|  55|0x00000000e3700000, 0x00000000e3700000, 0x00000000e3800000|  0%| F|  |TAMS 0x00000000e3700000, 0x00000000e3700000| Untracked 
|  56|0x00000000e3800000, 0x00000000e3800000, 0x00000000e3900000|  0%| F|  |TAMS 0x00000000e3800000, 0x00000000e3800000| Untracked 
|  57|0x00000000e3900000, 0x00000000e3900000, 0x00000000e3a00000|  0%| F|  |TAMS 0x00000000e3900000, 0x00000000e3900000| Untracked 
|  58|0x00000000e3a00000, 0x00000000e3a00000, 0x00000000e3b00000|  0%| F|  |TAMS 0x00000000e3a00000, 0x00000000e3a00000| Untracked 
|  59|0x00000000e3b00000, 0x00000000e3b00000, 0x00000000e3c00000|  0%| F|  |TAMS 0x00000000e3b00000, 0x00000000e3b00000| Untracked 
|  60|0x00000000e3c00000, 0x00000000e3c00000, 0x00000000e3d00000|  0%| F|  |TAMS 0x00000000e3c00000, 0x00000000e3c00000| Untracked 
|  61|0x00000000e3d00000, 0x00000000e3d00000, 0x00000000e3e00000|  0%| F|  |TAMS 0x00000000e3d00000, 0x00000000e3d00000| Untracked 
|  62|0x00000000e3e00000, 0x00000000e3e00000, 0x00000000e3f00000|  0%| F|  |TAMS 0x00000000e3e00000, 0x00000000e3e00000| Untracked 
|  63|0x00000000e3f00000, 0x00000000e3f00000, 0x00000000e4000000|  0%| F|  |TAMS 0x00000000e3f00000, 0x00000000e3f00000| Untracked 
|  64|0x00000000e4000000, 0x00000000e4000000, 0x00000000e4100000|  0%| F|  |TAMS 0x00000000e4000000, 0x00000000e4000000| Untracked 
|  65|0x00000000e4100000, 0x00000000e4100000, 0x00000000e4200000|  0%| F|  |TAMS 0x00000000e4100000, 0x00000000e4100000| Untracked 
|  66|0x00000000e4200000, 0x00000000e4200000, 0x00000000e4300000|  0%| F|  |TAMS 0x00000000e4200000, 0x00000000e4200000| Untracked 
|  67|0x00000000e4300000, 0x00000000e4300000, 0x00000000e4400000|  0%| F|  |TAMS 0x00000000e4300000, 0x00000000e4300000| Untracked 
|  68|0x00000000e4400000, 0x00000000e4400000, 0x00000000e4500000|  0%| F|  |TAMS 0x00000000e4400000, 0x00000000e4400000| Untracked 
|  69|0x00000000e4500000, 0x00000000e4500000, 0x00000000e4600000|  0%| F|  |TAMS 0x00000000e4500000, 0x00000000e4500000| Untracked 
|  70|0x00000000e4600000, 0x00000000e4600000, 0x00000000e4700000|  0%| F|  |TAMS 0x00000000e4600000, 0x00000000e4600000| Untracked 
|  71|0x00000000e4700000, 0x00000000e4700000, 0x00000000e4800000|  0%| F|  |TAMS 0x00000000e4700000, 0x00000000e4700000| Untracked 
|  72|0x00000000e4800000, 0x00000000e4800000, 0x00000000e4900000|  0%| F|  |TAMS 0x00000000e4800000, 0x00000000e4800000| Untracked 
|  73|0x00000000e4900000, 0x00000000e4900000, 0x00000000e4a00000|  0%| F|  |TAMS 0x00000000e4900000, 0x00000000e4900000| Untracked 
|  74|0x00000000e4a00000, 0x00000000e4a00000, 0x00000000e4b00000|  0%| F|  |TAMS 0x00000000e4a00000, 0x00000000e4a00000| Untracked 
|  75|0x00000000e4b00000, 0x00000000e4b00000, 0x00000000e4c00000|  0%| F|  |TAMS 0x00000000e4b00000, 0x00000000e4b00000| Untracked 
|  76|0x00000000e4c00000, 0x00000000e4c00000, 0x00000000e4d00000|  0%| F|  |TAMS 0x00000000e4c00000, 0x00000000e4c00000| Untracked 
|  77|0x00000000e4d00000, 0x00000000e4d00000, 0x00000000e4e00000|  0%| F|  |TAMS 0x00000000e4d00000, 0x00000000e4d00000| Untracked 
|  78|0x00000000e4e00000, 0x00000000e4e00000, 0x00000000e4f00000|  0%| F|  |TAMS 0x00000000e4e00000, 0x00000000e4e00000| Untracked 
|  79|0x00000000e4f00000, 0x00000000e4f00000, 0x00000000e5000000|  0%| F|  |TAMS 0x00000000e4f00000, 0x00000000e4f00000| Untracked 
|  80|0x00000000e5000000, 0x00000000e5000000, 0x00000000e5100000|  0%| F|  |TAMS 0x00000000e5000000, 0x00000000e5000000| Untracked 
|  81|0x00000000e5100000, 0x00000000e5100000, 0x00000000e5200000|  0%| F|  |TAMS 0x00000000e5100000, 0x00000000e5100000| Untracked 
|  82|0x00000000e5200000, 0x00000000e5200000, 0x00000000e5300000|  0%| F|  |TAMS 0x00000000e5200000, 0x00000000e5200000| Untracked 
|  83|0x00000000e5300000, 0x00000000e5300000, 0x00000000e5400000|  0%| F|  |TAMS 0x00000000e5300000, 0x00000000e5300000| Untracked 
|  84|0x00000000e5400000, 0x00000000e5400000, 0x00000000e5500000|  0%| F|  |TAMS 0x00000000e5400000, 0x00000000e5400000| Untracked 
|  85|0x00000000e5500000, 0x00000000e5500000, 0x00000000e5600000|  0%| F|  |TAMS 0x00000000e5500000, 0x00000000e5500000| Untracked 
|  86|0x00000000e5600000, 0x00000000e5600000, 0x00000000e5700000|  0%| F|  |TAMS 0x00000000e5600000, 0x00000000e5600000| Untracked 
|  87|0x00000000e5700000, 0x00000000e5700000, 0x00000000e5800000|  0%| F|  |TAMS 0x00000000e5700000, 0x00000000e5700000| Untracked 
|  88|0x00000000e5800000, 0x00000000e5800000, 0x00000000e5900000|  0%| F|  |TAMS 0x00000000e5800000, 0x00000000e5800000| Untracked 
|  89|0x00000000e5900000, 0x00000000e5900000, 0x00000000e5a00000|  0%| F|  |TAMS 0x00000000e5900000, 0x00000000e5900000| Untracked 
|  90|0x00000000e5a00000, 0x00000000e5a00000, 0x00000000e5b00000|  0%| F|  |TAMS 0x00000000e5a00000, 0x00000000e5a00000| Untracked 
|  91|0x00000000e5b00000, 0x00000000e5b00000, 0x00000000e5c00000|  0%| F|  |TAMS 0x00000000e5b00000, 0x00000000e5b00000| Untracked 
|  92|0x00000000e5c00000, 0x00000000e5c00000, 0x00000000e5d00000|  0%| F|  |TAMS 0x00000000e5c00000, 0x00000000e5c00000| Untracked 
|  93|0x00000000e5d00000, 0x00000000e5d00000, 0x00000000e5e00000|  0%| F|  |TAMS 0x00000000e5d00000, 0x00000000e5d00000| Untracked 
|  94|0x00000000e5e00000, 0x00000000e5e00000, 0x00000000e5f00000|  0%| F|  |TAMS 0x00000000e5e00000, 0x00000000e5e00000| Untracked 
|  95|0x00000000e5f00000, 0x00000000e5f00000, 0x00000000e6000000|  0%| F|  |TAMS 0x00000000e5f00000, 0x00000000e5f00000| Untracked 
|  96|0x00000000e6000000, 0x00000000e6000000, 0x00000000e6100000|  0%| F|  |TAMS 0x00000000e6000000, 0x00000000e6000000| Untracked 
|  97|0x00000000e6100000, 0x00000000e6100000, 0x00000000e6200000|  0%| F|  |TAMS 0x00000000e6100000, 0x00000000e6100000| Untracked 
|  98|0x00000000e6200000, 0x00000000e6200000, 0x00000000e6300000|  0%| F|  |TAMS 0x00000000e6200000, 0x00000000e6200000| Untracked 
|  99|0x00000000e6300000, 0x00000000e6300000, 0x00000000e6400000|  0%| F|  |TAMS 0x00000000e6300000, 0x00000000e6300000| Untracked 
| 100|0x00000000e6400000, 0x00000000e6400000, 0x00000000e6500000|  0%| F|  |TAMS 0x00000000e6400000, 0x00000000e6400000| Untracked 
| 101|0x00000000e6500000, 0x00000000e6500000, 0x00000000e6600000|  0%| F|  |TAMS 0x00000000e6500000, 0x00000000e6500000| Untracked 
| 102|0x00000000e6600000, 0x00000000e6600000, 0x00000000e6700000|  0%| F|  |TAMS 0x00000000e6600000, 0x00000000e6600000| Untracked 
| 103|0x00000000e6700000, 0x00000000e6700000, 0x00000000e6800000|  0%| F|  |TAMS 0x00000000e6700000, 0x00000000e6700000| Untracked 
| 104|0x00000000e6800000, 0x00000000e6800000, 0x00000000e6900000|  0%| F|  |TAMS 0x00000000e6800000, 0x00000000e6800000| Untracked 
| 105|0x00000000e6900000, 0x00000000e6900000, 0x00000000e6a00000|  0%| F|  |TAMS 0x00000000e6900000, 0x00000000e6900000| Untracked 
| 106|0x00000000e6a00000, 0x00000000e6a00000, 0x00000000e6b00000|  0%| F|  |TAMS 0x00000000e6a00000, 0x00000000e6a00000| Untracked 
| 107|0x00000000e6b00000, 0x00000000e6b00000, 0x00000000e6c00000|  0%| F|  |TAMS 0x00000000e6b00000, 0x00000000e6b00000| Untracked 
| 108|0x00000000e6c00000, 0x00000000e6c00000, 0x00000000e6d00000|  0%| F|  |TAMS 0x00000000e6c00000, 0x00000000e6c00000| Untracked 
| 109|0x00000000e6d00000, 0x00000000e6d00000, 0x00000000e6e00000|  0%| F|  |TAMS 0x00000000e6d00000, 0x00000000e6d00000| Untracked 
| 110|0x00000000e6e00000, 0x00000000e6e00000, 0x00000000e6f00000|  0%| F|  |TAMS 0x00000000e6e00000, 0x00000000e6e00000| Untracked 
| 111|0x00000000e6f00000, 0x00000000e6f00000, 0x00000000e7000000|  0%| F|  |TAMS 0x00000000e6f00000, 0x00000000e6f00000| Untracked 
| 112|0x00000000e7000000, 0x00000000e7000000, 0x00000000e7100000|  0%| F|  |TAMS 0x00000000e7000000, 0x00000000e7000000| Untracked 
| 113|0x00000000e7100000, 0x00000000e7100000, 0x00000000e7200000|  0%| F|  |TAMS 0x00000000e7100000, 0x00000000e7100000| Untracked 
| 114|0x00000000e7200000, 0x00000000e7200000, 0x00000000e7300000|  0%| F|  |TAMS 0x00000000e7200000, 0x00000000e7200000| Untracked 
| 115|0x00000000e7300000, 0x00000000e7300000, 0x00000000e7400000|  0%| F|  |TAMS 0x00000000e7300000, 0x00000000e7300000| Untracked 
| 116|0x00000000e7400000, 0x00000000e7400000, 0x00000000e7500000|  0%| F|  |TAMS 0x00000000e7400000, 0x00000000e7400000| Untracked 
| 117|0x00000000e7500000, 0x00000000e7500000, 0x00000000e7600000|  0%| F|  |TAMS 0x00000000e7500000, 0x00000000e7500000| Untracked 
| 118|0x00000000e7600000, 0x00000000e7600000, 0x00000000e7700000|  0%| F|  |TAMS 0x00000000e7600000, 0x00000000e7600000| Untracked 
| 119|0x00000000e7700000, 0x00000000e7700000, 0x00000000e7800000|  0%| F|  |TAMS 0x00000000e7700000, 0x00000000e7700000| Untracked 
| 120|0x00000000e7800000, 0x00000000e7800000, 0x00000000e7900000|  0%| F|  |TAMS 0x00000000e7800000, 0x00000000e7800000| Untracked 
| 121|0x00000000e7900000, 0x00000000e7900000, 0x00000000e7a00000|  0%| F|  |TAMS 0x00000000e7900000, 0x00000000e7900000| Untracked 
| 122|0x00000000e7a00000, 0x00000000e7a00000, 0x00000000e7b00000|  0%| F|  |TAMS 0x00000000e7a00000, 0x00000000e7a00000| Untracked 
| 123|0x00000000e7b00000, 0x00000000e7b00000, 0x00000000e7c00000|  0%| F|  |TAMS 0x00000000e7b00000, 0x00000000e7b00000| Untracked 
| 124|0x00000000e7c00000, 0x00000000e7c00000, 0x00000000e7d00000|  0%| F|  |TAMS 0x00000000e7c00000, 0x00000000e7c00000| Untracked 
| 125|0x00000000e7d00000, 0x00000000e7d00000, 0x00000000e7e00000|  0%| F|  |TAMS 0x00000000e7d00000, 0x00000000e7d00000| Untracked 
| 126|0x00000000e7e00000, 0x00000000e7e00000, 0x00000000e7f00000|  0%| F|  |TAMS 0x00000000e7e00000, 0x00000000e7e00000| Untracked 
| 127|0x00000000e7f00000, 0x00000000e7f00000, 0x00000000e8000000|  0%| F|  |TAMS 0x00000000e7f00000, 0x00000000e7f00000| Untracked 
| 128|0x00000000e8000000, 0x00000000e8000000, 0x00000000e8100000|  0%| F|  |TAMS 0x00000000e8000000, 0x00000000e8000000| Untracked 
| 129|0x00000000e8100000, 0x00000000e8100000, 0x00000000e8200000|  0%| F|  |TAMS 0x00000000e8100000, 0x00000000e8100000| Untracked 
| 130|0x00000000e8200000, 0x00000000e8200000, 0x00000000e8300000|  0%| F|  |TAMS 0x00000000e8200000, 0x00000000e8200000| Untracked 
| 131|0x00000000e8300000, 0x00000000e8300000, 0x00000000e8400000|  0%| F|  |TAMS 0x00000000e8300000, 0x00000000e8300000| Untracked 
| 132|0x00000000e8400000, 0x00000000e8400000, 0x00000000e8500000|  0%| F|  |TAMS 0x00000000e8400000, 0x00000000e8400000| Untracked 
| 133|0x00000000e8500000, 0x00000000e8500000, 0x00000000e8600000|  0%| F|  |TAMS 0x00000000e8500000, 0x00000000e8500000| Untracked 
| 134|0x00000000e8600000, 0x00000000e8600000, 0x00000000e8700000|  0%| F|  |TAMS 0x00000000e8600000, 0x00000000e8600000| Untracked 
| 135|0x00000000e8700000, 0x00000000e8700000, 0x00000000e8800000|  0%| F|  |TAMS 0x00000000e8700000, 0x00000000e8700000| Untracked 
| 136|0x00000000e8800000, 0x00000000e8800000, 0x00000000e8900000|  0%| F|  |TAMS 0x00000000e8800000, 0x00000000e8800000| Untracked 
| 137|0x00000000e8900000, 0x00000000e8900000, 0x00000000e8a00000|  0%| F|  |TAMS 0x00000000e8900000, 0x00000000e8900000| Untracked 
| 138|0x00000000e8a00000, 0x00000000e8a00000, 0x00000000e8b00000|  0%| F|  |TAMS 0x00000000e8a00000, 0x00000000e8a00000| Untracked 
| 139|0x00000000e8b00000, 0x00000000e8b00000, 0x00000000e8c00000|  0%| F|  |TAMS 0x00000000e8b00000, 0x00000000e8b00000| Untracked 
| 140|0x00000000e8c00000, 0x00000000e8c00000, 0x00000000e8d00000|  0%| F|  |TAMS 0x00000000e8c00000, 0x00000000e8c00000| Untracked 
| 141|0x00000000e8d00000, 0x00000000e8d00000, 0x00000000e8e00000|  0%| F|  |TAMS 0x00000000e8d00000, 0x00000000e8d00000| Untracked 
| 142|0x00000000e8e00000, 0x00000000e8e00000, 0x00000000e8f00000|  0%| F|  |TAMS 0x00000000e8e00000, 0x00000000e8e00000| Untracked 
| 143|0x00000000e8f00000, 0x00000000e8f00000, 0x00000000e9000000|  0%| F|  |TAMS 0x00000000e8f00000, 0x00000000e8f00000| Untracked 
| 144|0x00000000e9000000, 0x00000000e9000000, 0x00000000e9100000|  0%| F|  |TAMS 0x00000000e9000000, 0x00000000e9000000| Untracked 
| 145|0x00000000e9100000, 0x00000000e9100000, 0x00000000e9200000|  0%| F|  |TAMS 0x00000000e9100000, 0x00000000e9100000| Untracked 
| 146|0x00000000e9200000, 0x00000000e9200000, 0x00000000e9300000|  0%| F|  |TAMS 0x00000000e9200000, 0x00000000e9200000| Untracked 
| 147|0x00000000e9300000, 0x00000000e9300000, 0x00000000e9400000|  0%| F|  |TAMS 0x00000000e9300000, 0x00000000e9300000| Untracked 
| 148|0x00000000e9400000, 0x00000000e9400000, 0x00000000e9500000|  0%| F|  |TAMS 0x00000000e9400000, 0x00000000e9400000| Untracked 
| 149|0x00000000e9500000, 0x00000000e9500000, 0x00000000e9600000|  0%| F|  |TAMS 0x00000000e9500000, 0x00000000e9500000| Untracked 
| 150|0x00000000e9600000, 0x00000000e9600000, 0x00000000e9700000|  0%| F|  |TAMS 0x00000000e9600000, 0x00000000e9600000| Untracked 
| 151|0x00000000e9700000, 0x00000000e9700000, 0x00000000e9800000|  0%| F|  |TAMS 0x00000000e9700000, 0x00000000e9700000| Untracked 
| 152|0x00000000e9800000, 0x00000000e9800000, 0x00000000e9900000|  0%| F|  |TAMS 0x00000000e9800000, 0x00000000e9800000| Untracked 
| 153|0x00000000e9900000, 0x00000000e9900000, 0x00000000e9a00000|  0%| F|  |TAMS 0x00000000e9900000, 0x00000000e9900000| Untracked 
| 154|0x00000000e9a00000, 0x00000000e9a00000, 0x00000000e9b00000|  0%| F|  |TAMS 0x00000000e9a00000, 0x00000000e9a00000| Untracked 
| 155|0x00000000e9b00000, 0x00000000e9b00000, 0x00000000e9c00000|  0%| F|  |TAMS 0x00000000e9b00000, 0x00000000e9b00000| Untracked 
| 156|0x00000000e9c00000, 0x00000000e9c00000, 0x00000000e9d00000|  0%| F|  |TAMS 0x00000000e9c00000, 0x00000000e9c00000| Untracked 
| 157|0x00000000e9d00000, 0x00000000e9d00000, 0x00000000e9e00000|  0%| F|  |TAMS 0x00000000e9d00000, 0x00000000e9d00000| Untracked 
| 158|0x00000000e9e00000, 0x00000000e9e00000, 0x00000000e9f00000|  0%| F|  |TAMS 0x00000000e9e00000, 0x00000000e9e00000| Untracked 
| 159|0x00000000e9f00000, 0x00000000e9f00000, 0x00000000ea000000|  0%| F|  |TAMS 0x00000000e9f00000, 0x00000000e9f00000| Untracked 
| 160|0x00000000ea000000, 0x00000000ea000000, 0x00000000ea100000|  0%| F|  |TAMS 0x00000000ea000000, 0x00000000ea000000| Untracked 
| 161|0x00000000ea100000, 0x00000000ea100000, 0x00000000ea200000|  0%| F|  |TAMS 0x00000000ea100000, 0x00000000ea100000| Untracked 
| 162|0x00000000ea200000, 0x00000000ea200000, 0x00000000ea300000|  0%| F|  |TAMS 0x00000000ea200000, 0x00000000ea200000| Untracked 
| 163|0x00000000ea300000, 0x00000000ea300000, 0x00000000ea400000|  0%| F|  |TAMS 0x00000000ea300000, 0x00000000ea300000| Untracked 
| 164|0x00000000ea400000, 0x00000000ea400000, 0x00000000ea500000|  0%| F|  |TAMS 0x00000000ea400000, 0x00000000ea400000| Untracked 
| 165|0x00000000ea500000, 0x00000000ea500000, 0x00000000ea600000|  0%| F|  |TAMS 0x00000000ea500000, 0x00000000ea500000| Untracked 
| 166|0x00000000ea600000, 0x00000000ea600000, 0x00000000ea700000|  0%| F|  |TAMS 0x00000000ea600000, 0x00000000ea600000| Untracked 
| 167|0x00000000ea700000, 0x00000000ea700000, 0x00000000ea800000|  0%| F|  |TAMS 0x00000000ea700000, 0x00000000ea700000| Untracked 
| 168|0x00000000ea800000, 0x00000000ea800000, 0x00000000ea900000|  0%| F|  |TAMS 0x00000000ea800000, 0x00000000ea800000| Untracked 
| 169|0x00000000ea900000, 0x00000000ea900000, 0x00000000eaa00000|  0%| F|  |TAMS 0x00000000ea900000, 0x00000000ea900000| Untracked 
| 170|0x00000000eaa00000, 0x00000000eab00000, 0x00000000eab00000|100%| E|  |TAMS 0x00000000eaa00000, 0x00000000eaa00000| Complete 
| 171|0x00000000eab00000, 0x00000000eac00000, 0x00000000eac00000|100%| E|CS|TAMS 0x00000000eab00000, 0x00000000eab00000| Complete 
| 172|0x00000000eac00000, 0x00000000ead00000, 0x00000000ead00000|100%| E|CS|TAMS 0x00000000eac00000, 0x00000000eac00000| Complete 
| 173|0x00000000ead00000, 0x00000000eae00000, 0x00000000eae00000|100%| E|CS|TAMS 0x00000000ead00000, 0x00000000ead00000| Complete 
| 174|0x00000000eae00000, 0x00000000eaf00000, 0x00000000eaf00000|100%| E|CS|TAMS 0x00000000eae00000, 0x00000000eae00000| Complete 
| 175|0x00000000eaf00000, 0x00000000eb000000, 0x00000000eb000000|100%| E|CS|TAMS 0x00000000eaf00000, 0x00000000eaf00000| Complete 
| 176|0x00000000eb000000, 0x00000000eb100000, 0x00000000eb100000|100%| E|CS|TAMS 0x00000000eb000000, 0x00000000eb000000| Complete 
| 177|0x00000000eb100000, 0x00000000eb200000, 0x00000000eb200000|100%| E|CS|TAMS 0x00000000eb100000, 0x00000000eb100000| Complete 
| 178|0x00000000eb200000, 0x00000000eb300000, 0x00000000eb300000|100%| E|CS|TAMS 0x00000000eb200000, 0x00000000eb200000| Complete 
| 179|0x00000000eb300000, 0x00000000eb400000, 0x00000000eb400000|100%| E|CS|TAMS 0x00000000eb300000, 0x00000000eb300000| Complete 
| 180|0x00000000eb400000, 0x00000000eb500000, 0x00000000eb500000|100%| E|CS|TAMS 0x00000000eb400000, 0x00000000eb400000| Complete 
| 181|0x00000000eb500000, 0x00000000eb600000, 0x00000000eb600000|100%| E|CS|TAMS 0x00000000eb500000, 0x00000000eb500000| Complete 
| 182|0x00000000eb600000, 0x00000000eb700000, 0x00000000eb700000|100%| E|CS|TAMS 0x00000000eb600000, 0x00000000eb600000| Complete 
| 183|0x00000000eb700000, 0x00000000eb800000, 0x00000000eb800000|100%| E|CS|TAMS 0x00000000eb700000, 0x00000000eb700000| Complete 
| 184|0x00000000eb800000, 0x00000000eb900000, 0x00000000eb900000|100%| E|CS|TAMS 0x00000000eb800000, 0x00000000eb800000| Complete 
| 185|0x00000000eb900000, 0x00000000eba00000, 0x00000000eba00000|100%| E|CS|TAMS 0x00000000eb900000, 0x00000000eb900000| Complete 
| 186|0x00000000eba00000, 0x00000000ebb00000, 0x00000000ebb00000|100%| E|CS|TAMS 0x00000000eba00000, 0x00000000eba00000| Complete 
| 187|0x00000000ebb00000, 0x00000000ebc00000, 0x00000000ebc00000|100%| E|CS|TAMS 0x00000000ebb00000, 0x00000000ebb00000| Complete 
| 188|0x00000000ebc00000, 0x00000000ebd00000, 0x00000000ebd00000|100%| E|CS|TAMS 0x00000000ebc00000, 0x00000000ebc00000| Complete 
| 189|0x00000000ebd00000, 0x00000000ebe00000, 0x00000000ebe00000|100%| E|CS|TAMS 0x00000000ebd00000, 0x00000000ebd00000| Complete 
| 190|0x00000000ebe00000, 0x00000000ebf00000, 0x00000000ebf00000|100%| E|CS|TAMS 0x00000000ebe00000, 0x00000000ebe00000| Complete 
| 191|0x00000000ebf00000, 0x00000000ec000000, 0x00000000ec000000|100%| E|CS|TAMS 0x00000000ebf00000, 0x00000000ebf00000| Complete 
| 192|0x00000000ec000000, 0x00000000ec100000, 0x00000000ec100000|100%| E|CS|TAMS 0x00000000ec000000, 0x00000000ec000000| Complete 
| 193|0x00000000ec100000, 0x00000000ec200000, 0x00000000ec200000|100%| E|CS|TAMS 0x00000000ec100000, 0x00000000ec100000| Complete 
| 194|0x00000000ec200000, 0x00000000ec300000, 0x00000000ec300000|100%| E|CS|TAMS 0x00000000ec200000, 0x00000000ec200000| Complete 
| 195|0x00000000ec300000, 0x00000000ec400000, 0x00000000ec400000|100%| E|CS|TAMS 0x00000000ec300000, 0x00000000ec300000| Complete 
| 196|0x00000000ec400000, 0x00000000ec500000, 0x00000000ec500000|100%| E|CS|TAMS 0x00000000ec400000, 0x00000000ec400000| Complete 
| 197|0x00000000ec500000, 0x00000000ec600000, 0x00000000ec600000|100%| E|CS|TAMS 0x00000000ec500000, 0x00000000ec500000| Complete 
| 198|0x00000000ec600000, 0x00000000ec700000, 0x00000000ec700000|100%| E|CS|TAMS 0x00000000ec600000, 0x00000000ec600000| Complete 
| 199|0x00000000ec700000, 0x00000000ec800000, 0x00000000ec800000|100%| E|CS|TAMS 0x00000000ec700000, 0x00000000ec700000| Complete 
| 200|0x00000000ec800000, 0x00000000ec900000, 0x00000000ec900000|100%| E|CS|TAMS 0x00000000ec800000, 0x00000000ec800000| Complete 
| 201|0x00000000ec900000, 0x00000000eca00000, 0x00000000eca00000|100%| E|CS|TAMS 0x00000000ec900000, 0x00000000ec900000| Complete 
| 202|0x00000000eca00000, 0x00000000ecb00000, 0x00000000ecb00000|100%| E|CS|TAMS 0x00000000eca00000, 0x00000000eca00000| Complete 
| 203|0x00000000ecb00000, 0x00000000ecc00000, 0x00000000ecc00000|100%| E|CS|TAMS 0x00000000ecb00000, 0x00000000ecb00000| Complete 
| 204|0x00000000ecc00000, 0x00000000ecd00000, 0x00000000ecd00000|100%| E|CS|TAMS 0x00000000ecc00000, 0x00000000ecc00000| Complete 
| 205|0x00000000ecd00000, 0x00000000ece00000, 0x00000000ece00000|100%| E|CS|TAMS 0x00000000ecd00000, 0x00000000ecd00000| Complete 
| 206|0x00000000ece00000, 0x00000000ecf00000, 0x00000000ecf00000|100%| E|CS|TAMS 0x00000000ece00000, 0x00000000ece00000| Complete 
| 207|0x00000000ecf00000, 0x00000000ed000000, 0x00000000ed000000|100%| E|CS|TAMS 0x00000000ecf00000, 0x00000000ecf00000| Complete 
| 208|0x00000000ed000000, 0x00000000ed100000, 0x00000000ed100000|100%| E|CS|TAMS 0x00000000ed000000, 0x00000000ed000000| Complete 
| 209|0x00000000ed100000, 0x00000000ed200000, 0x00000000ed200000|100%| E|CS|TAMS 0x00000000ed100000, 0x00000000ed100000| Complete 
| 210|0x00000000ed200000, 0x00000000ed300000, 0x00000000ed300000|100%| E|CS|TAMS 0x00000000ed200000, 0x00000000ed200000| Complete 
| 211|0x00000000ed300000, 0x00000000ed400000, 0x00000000ed400000|100%| E|CS|TAMS 0x00000000ed300000, 0x00000000ed300000| Complete 
| 212|0x00000000ed400000, 0x00000000ed500000, 0x00000000ed500000|100%| E|CS|TAMS 0x00000000ed400000, 0x00000000ed400000| Complete 
| 213|0x00000000ed500000, 0x00000000ed600000, 0x00000000ed600000|100%| E|CS|TAMS 0x00000000ed500000, 0x00000000ed500000| Complete 
| 214|0x00000000ed600000, 0x00000000ed700000, 0x00000000ed700000|100%| E|CS|TAMS 0x00000000ed600000, 0x00000000ed600000| Complete 
| 215|0x00000000ed700000, 0x00000000ed800000, 0x00000000ed800000|100%| E|CS|TAMS 0x00000000ed700000, 0x00000000ed700000| Complete 
| 216|0x00000000ed800000, 0x00000000ed900000, 0x00000000ed900000|100%| E|CS|TAMS 0x00000000ed800000, 0x00000000ed800000| Complete 
| 217|0x00000000ed900000, 0x00000000ed939600, 0x00000000eda00000| 22%| S|CS|TAMS 0x00000000ed900000, 0x00000000ed900000| Complete 
| 218|0x00000000eda00000, 0x00000000edb00000, 0x00000000edb00000|100%| S|CS|TAMS 0x00000000eda00000, 0x00000000eda00000| Complete 
| 219|0x00000000edb00000, 0x00000000edc00000, 0x00000000edc00000|100%| S|CS|TAMS 0x00000000edb00000, 0x00000000edb00000| Complete 
| 220|0x00000000edc00000, 0x00000000edd00000, 0x00000000edd00000|100%| S|CS|TAMS 0x00000000edc00000, 0x00000000edc00000| Complete 
| 221|0x00000000edd00000, 0x00000000ede00000, 0x00000000ede00000|100%| S|CS|TAMS 0x00000000edd00000, 0x00000000edd00000| Complete 
| 222|0x00000000ede00000, 0x00000000edf00000, 0x00000000edf00000|100%| S|CS|TAMS 0x00000000ede00000, 0x00000000ede00000| Complete 
| 223|0x00000000edf00000, 0x00000000ee000000, 0x00000000ee000000|100%| S|CS|TAMS 0x00000000edf00000, 0x00000000edf00000| Complete 
| 224|0x00000000ee000000, 0x00000000ee100000, 0x00000000ee100000|100%| S|CS|TAMS 0x00000000ee000000, 0x00000000ee000000| Complete 
| 225|0x00000000ee100000, 0x00000000ee200000, 0x00000000ee200000|100%| S|CS|TAMS 0x00000000ee100000, 0x00000000ee100000| Complete 
| 226|0x00000000ee200000, 0x00000000ee300000, 0x00000000ee300000|100%| E|CS|TAMS 0x00000000ee200000, 0x00000000ee200000| Complete 
| 227|0x00000000ee300000, 0x00000000ee400000, 0x00000000ee400000|100%| E|CS|TAMS 0x00000000ee300000, 0x00000000ee300000| Complete 
| 228|0x00000000ee400000, 0x00000000ee500000, 0x00000000ee500000|100%| E|CS|TAMS 0x00000000ee400000, 0x00000000ee400000| Complete 
| 229|0x00000000ee500000, 0x00000000ee600000, 0x00000000ee600000|100%| E|CS|TAMS 0x00000000ee500000, 0x00000000ee500000| Complete 
| 230|0x00000000ee600000, 0x00000000ee700000, 0x00000000ee700000|100%| E|CS|TAMS 0x00000000ee600000, 0x00000000ee600000| Complete 
| 231|0x00000000ee700000, 0x00000000ee800000, 0x00000000ee800000|100%| E|CS|TAMS 0x00000000ee700000, 0x00000000ee700000| Complete 
| 232|0x00000000ee800000, 0x00000000ee900000, 0x00000000ee900000|100%| E|CS|TAMS 0x00000000ee800000, 0x00000000ee800000| Complete 
| 233|0x00000000ee900000, 0x00000000eea00000, 0x00000000eea00000|100%| E|CS|TAMS 0x00000000ee900000, 0x00000000ee900000| Complete 
| 234|0x00000000eea00000, 0x00000000eeb00000, 0x00000000eeb00000|100%| E|CS|TAMS 0x00000000eea00000, 0x00000000eea00000| Complete 
| 235|0x00000000eeb00000, 0x00000000eec00000, 0x00000000eec00000|100%| E|CS|TAMS 0x00000000eeb00000, 0x00000000eeb00000| Complete 
| 236|0x00000000eec00000, 0x00000000eed00000, 0x00000000eed00000|100%| E|CS|TAMS 0x00000000eec00000, 0x00000000eec00000| Complete 
| 237|0x00000000eed00000, 0x00000000eee00000, 0x00000000eee00000|100%| E|CS|TAMS 0x00000000eed00000, 0x00000000eed00000| Complete 
| 238|0x00000000eee00000, 0x00000000eef00000, 0x00000000eef00000|100%| E|CS|TAMS 0x00000000eee00000, 0x00000000eee00000| Complete 
| 239|0x00000000eef00000, 0x00000000ef000000, 0x00000000ef000000|100%| E|CS|TAMS 0x00000000eef00000, 0x00000000eef00000| Complete 
| 240|0x00000000ef000000, 0x00000000ef100000, 0x00000000ef100000|100%| E|CS|TAMS 0x00000000ef000000, 0x00000000ef000000| Complete 
| 241|0x00000000ef100000, 0x00000000ef200000, 0x00000000ef200000|100%| E|CS|TAMS 0x00000000ef100000, 0x00000000ef100000| Complete 
| 242|0x00000000ef200000, 0x00000000ef300000, 0x00000000ef300000|100%| E|CS|TAMS 0x00000000ef200000, 0x00000000ef200000| Complete 
| 243|0x00000000ef300000, 0x00000000ef400000, 0x00000000ef400000|100%| E|CS|TAMS 0x00000000ef300000, 0x00000000ef300000| Complete 
| 244|0x00000000ef400000, 0x00000000ef500000, 0x00000000ef500000|100%| E|CS|TAMS 0x00000000ef400000, 0x00000000ef400000| Complete 
| 245|0x00000000ef500000, 0x00000000ef600000, 0x00000000ef600000|100%| E|CS|TAMS 0x00000000ef500000, 0x00000000ef500000| Complete 
| 246|0x00000000ef600000, 0x00000000ef700000, 0x00000000ef700000|100%| E|CS|TAMS 0x00000000ef600000, 0x00000000ef600000| Complete 
| 247|0x00000000ef700000, 0x00000000ef800000, 0x00000000ef800000|100%| E|CS|TAMS 0x00000000ef700000, 0x00000000ef700000| Complete 
| 248|0x00000000ef800000, 0x00000000ef900000, 0x00000000ef900000|100%| E|CS|TAMS 0x00000000ef800000, 0x00000000ef800000| Complete 
| 249|0x00000000ef900000, 0x00000000efa00000, 0x00000000efa00000|100%| E|CS|TAMS 0x00000000ef900000, 0x00000000ef900000| Complete 
| 250|0x00000000efa00000, 0x00000000efb00000, 0x00000000efb00000|100%| E|CS|TAMS 0x00000000efa00000, 0x00000000efa00000| Complete 
| 251|0x00000000efb00000, 0x00000000efc00000, 0x00000000efc00000|100%| E|CS|TAMS 0x00000000efb00000, 0x00000000efb00000| Complete 
| 252|0x00000000efc00000, 0x00000000efd00000, 0x00000000efd00000|100%| E|CS|TAMS 0x00000000efc00000, 0x00000000efc00000| Complete 
| 253|0x00000000efd00000, 0x00000000efe00000, 0x00000000efe00000|100%| E|CS|TAMS 0x00000000efd00000, 0x00000000efd00000| Complete 
| 254|0x00000000efe00000, 0x00000000eff00000, 0x00000000eff00000|100%| E|CS|TAMS 0x00000000efe00000, 0x00000000efe00000| Complete 
| 255|0x00000000eff00000, 0x00000000f0000000, 0x00000000f0000000|100%| E|CS|TAMS 0x00000000eff00000, 0x00000000eff00000| Complete 

Card table byte_map: [0x0000027db5bf0000,0x0000027db5cf0000] _byte_map_base: 0x0000027db54f0000

Marking Bits (Prev, Next): (CMBitMap*) 0x0000027d9ca0e978, (CMBitMap*) 0x0000027d9ca0e9b0
 Prev Bits: [0x0000027db5df0000, 0x0000027db65f0000)
 Next Bits: [0x0000027db65f0000, 0x0000027db6df0000)

Polling page: 0x0000027d9c870000

Metaspace:

Usage:
  Non-class:     36.53 MB capacity,    36.06 MB ( 99%) used,   413.93 KB (  1%) free+waste,    60.19 KB ( <1%) overhead. 
      Class:      5.33 MB capacity,     5.10 MB ( 96%) used,   217.44 KB (  4%) free+waste,    26.13 KB ( <1%) overhead. 
       Both:     41.86 MB capacity,    41.16 MB ( 98%) used,   631.37 KB (  1%) free+waste,    86.31 KB ( <1%) overhead. 

Virtual space:
  Non-class space:       38.00 MB reserved,      36.75 MB ( 97%) committed 
      Class space:      248.00 MB reserved,       5.38 MB (  2%) committed 
             Both:      286.00 MB reserved,      42.13 MB ( 15%) committed 

Chunk freelists:
   Non-Class:  4.50 KB
       Class:  1.13 KB
        Both:  5.63 KB

CodeHeap 'non-profiled nmethods': size=120064Kb used=2177Kb max_used=2177Kb free=117886Kb
 bounds [0x0000027dadf90000, 0x0000027dae200000, 0x0000027db54d0000]
CodeHeap 'profiled nmethods': size=120000Kb used=9174Kb max_used=9174Kb free=110825Kb
 bounds [0x0000027da6a60000, 0x0000027da7360000, 0x0000027dadf90000]
CodeHeap 'non-nmethods': size=5696Kb used=2281Kb max_used=2346Kb free=3414Kb
 bounds [0x0000027da64d0000, 0x0000027da6740000, 0x0000027da6a60000]
 total_blobs=5459 nmethods=3726 adapters=675
 compilation: enabled
              stopped_count=0, restarted_count=0
 full_count=0

Compilation events (10 events):
Event: 34.262 Thread 0x0000027db9d97000 nmethod 3856 0x0000027da7351710 code [0x0000027da7351a40, 0x0000027da7353370]
Event: 34.262 Thread 0x0000027db9d97000 3855       3       com.google.common.reflect.TypeResolver$TypeMappingIntrospector::visitParameterizedType (105 bytes)
Event: 34.266 Thread 0x0000027db9d97000 nmethod 3855 0x0000027da7353990 code [0x0000027da7353cc0, 0x0000027da7355250]
Event: 34.266 Thread 0x0000027db9d97000 3857       3       com.google.common.collect.CollectPreconditions::checkNonnegative (37 bytes)
Event: 34.268 Thread 0x0000027db9d97000 nmethod 3857 0x0000027da7355910 code [0x0000027da7355ba0, 0x0000027da7356530]
Event: 34.271 Thread 0x0000027db9d97000 3858       3       java.util.Arrays::hashCode (56 bytes)
Event: 34.272 Thread 0x0000027db9d97000 nmethod 3858 0x0000027da7356890 code [0x0000027da7356a60, 0x0000027da7356e10]
Event: 34.314 Thread 0x0000027dbf83b000 3859       4       sun.net.www.ParseUtil::encodePath (41 bytes)
Event: 34.328 Thread 0x0000027dbf83b000 nmethod 3859 0x0000027dae1aca90 code [0x0000027dae1acc40, 0x0000027dae1acfc8]
Event: 34.349 Thread 0x0000027dbf83b000 3860  s    4       java.util.jar.JarFile::getInputStream (72 bytes)

GC Heap History (10 events):
Event: 8.009 GC heap before
{Heap before GC invocations=2 (full 0):
 garbage-first heap   total 262144K, used 32222K [0x00000000e0000000, 0x0000000100000000)
  region size 1024K, 26 young (26624K), 1 survivors (1024K)
 Metaspace       used 11270K, capacity 11624K, committed 11904K, reserved 266240K
  class space    used 1209K, capacity 1297K, committed 1408K, reserved 253952K
}
Event: 8.018 GC heap after
{Heap after GC invocations=3 (full 0):
 garbage-first heap   total 262144K, used 11911K [0x00000000e0000000, 0x0000000100000000)
  region size 1024K, 4 young (4096K), 4 survivors (4096K)
 Metaspace       used 11270K, capacity 11624K, committed 11904K, reserved 266240K
  class space    used 1209K, capacity 1297K, committed 1408K, reserved 253952K
}
Event: 15.724 GC heap before
{Heap before GC invocations=3 (full 0):
 garbage-first heap   total 262144K, used 52871K [0x00000000e0000000, 0x0000000100000000)
  region size 1024K, 44 young (45056K), 4 survivors (4096K)
 Metaspace       used 19862K, capacity 20270K, committed 20608K, reserved 272384K
  class space    used 2450K, capacity 2574K, committed 2688K, reserved 253952K
}
Event: 15.744 GC heap after
{Heap after GC invocations=4 (full 0):
 garbage-first heap   total 262144K, used 14656K [0x00000000e0000000, 0x0000000100000000)
  region size 1024K, 3 young (3072K), 3 survivors (3072K)
 Metaspace       used 19862K, capacity 20270K, committed 20608K, reserved 272384K
  class space    used 2450K, capacity 2574K, committed 2688K, reserved 253952K
}
Event: 16.363 GC heap before
{Heap before GC invocations=4 (full 0):
 garbage-first heap   total 262144K, used 19776K [0x00000000e0000000, 0x0000000100000000)
  region size 1024K, 9 young (9216K), 3 survivors (3072K)
 Metaspace       used 20687K, capacity 21146K, committed 21248K, reserved 272384K
  class space    used 2572K, capacity 2742K, committed 2816K, reserved 253952K
}
Event: 16.377 GC heap after
{Heap after GC invocations=5 (full 0):
 garbage-first heap   total 262144K, used 14972K [0x00000000e0000000, 0x0000000100000000)
  region size 1024K, 4 young (4096K), 4 survivors (4096K)
 Metaspace       used 20687K, capacity 21146K, committed 21248K, reserved 272384K
  class space    used 2572K, capacity 2742K, committed 2816K, reserved 253952K
}
Event: 21.051 GC heap before
{Heap before GC invocations=6 (full 0):
 garbage-first heap   total 262144K, used 64124K [0x00000000e0000000, 0x0000000100000000)
  region size 1024K, 53 young (54272K), 4 survivors (4096K)
 Metaspace       used 28628K, capacity 29177K, committed 29440K, reserved 280576K
  class space    used 3567K, capacity 3749K, committed 3840K, reserved 253952K
}
Event: 21.073 GC heap after
{Heap after GC invocations=7 (full 0):
 garbage-first heap   total 262144K, used 17317K [0x00000000e0000000, 0x0000000100000000)
  region size 1024K, 6 young (6144K), 6 survivors (6144K)
 Metaspace       used 28628K, capacity 29177K, committed 29440K, reserved 280576K
  class space    used 3567K, capacity 3749K, committed 3840K, reserved 253952K
}
Event: 24.814 GC heap before
{Heap before GC invocations=7 (full 0):
 garbage-first heap   total 262144K, used 49061K [0x00000000e0000000, 0x0000000100000000)
  region size 1024K, 36 young (36864K), 6 survivors (6144K)
 Metaspace       used 35125K, capacity 35709K, committed 35840K, reserved 286720K
  class space    used 4194K, capacity 4405K, committed 4480K, reserved 253952K
}
Event: 24.845 GC heap after
{Heap after GC invocations=8 (full 0):
 garbage-first heap   total 262144K, used 20208K [0x00000000e0000000, 0x0000000100000000)
  region size 1024K, 9 young (9216K), 9 survivors (9216K)
 Metaspace       used 35125K, capacity 35709K, committed 35840K, reserved 286720K
  class space    used 4194K, capacity 4405K, committed 4480K, reserved 253952K
}

Deoptimization events (10 events):
Event: 30.378 Thread 0x0000027dba69b000 Uncommon trap: reason=bimorphic_or_optimized_type_check action=maybe_recompile pc=0x0000027dae0de130 method=java.io.DataInputStream.readInt()I @ 4 c2
Event: 30.533 Thread 0x0000027dbb498000 Uncommon trap: reason=unstable_if action=reinterpret pc=0x0000027dae0ebcdc method=java.util.Formatter$Conversion.isGeneral(C)Z @ 1 c2
Event: 30.816 Thread 0x0000027dbb498000 Uncommon trap: reason=unstable_if action=reinterpret pc=0x0000027dae0a1970 method=org.codehaus.groovy.antlr.SourceBuffer.write(I)V @ 2 c2
Event: 32.099 Thread 0x0000027dbb498000 Uncommon trap: reason=unstable_if action=reinterpret pc=0x0000027dae1496c4 method=org.objectweb.asm.ByteVector.putShort(I)Lorg/objectweb/asm/ByteVector; @ 13 c2
Event: 32.160 Thread 0x0000027dbb498000 Uncommon trap: reason=profile_predicate action=maybe_recompile pc=0x0000027dae1846fc method=java.util.regex.Pattern$BnM.optimize(Ljava/util/regex/Pattern$Node;)Ljava/util/regex/Pattern$Node; @ 67 c2
Event: 32.160 Thread 0x0000027dbb498000 Uncommon trap: reason=profile_predicate action=maybe_recompile pc=0x0000027dae1846fc method=java.util.regex.Pattern$BnM.optimize(Ljava/util/regex/Pattern$Node;)Ljava/util/regex/Pattern$Node; @ 67 c2
Event: 32.160 Thread 0x0000027dbb498000 Uncommon trap: reason=profile_predicate action=maybe_recompile pc=0x0000027dae1846fc method=java.util.regex.Pattern$BnM.optimize(Ljava/util/regex/Pattern$Node;)Ljava/util/regex/Pattern$Node; @ 67 c2
Event: 32.160 Thread 0x0000027dbb498000 Uncommon trap: reason=profile_predicate action=maybe_recompile pc=0x0000027dae1846fc method=java.util.regex.Pattern$BnM.optimize(Ljava/util/regex/Pattern$Node;)Ljava/util/regex/Pattern$Node; @ 67 c2
Event: 33.872 Thread 0x0000027dbb498000 Uncommon trap: reason=unstable_if action=reinterpret pc=0x0000027dae151cc8 method=java.util.Arrays.hashCode([Ljava/lang/Object;)I @ 34 c2
Event: 34.243 Thread 0x0000027dbb498000 Uncommon trap: reason=unstable_if action=reinterpret pc=0x0000027dae1aa9bc method=org.objectweb.asm.Type.appendDescriptor(Ljava/lang/Class;Ljava/lang/StringBuilder;)V @ 6 c2

Classes redefined (0 events):
No events

Internal exceptions (10 events):
Event: 33.538 Thread 0x0000027dbb498000 Exception <a 'java/lang/ClassNotFoundException'{0x00000000eb4b6e48}: org/gradle/initialization/SettingsScriptBeanInfo> (0x00000000eb4b6e48) thrown at [t:/workspace/open/src/hotspot/share/classfile/systemDictionary.cpp, line 231]
Event: 33.558 Thread 0x0000027dbb498000 Exception <a 'java/lang/ClassNotFoundException'{0x00000000eb4c5120}: org/gradle/initialization/SettingsScriptCustomizer> (0x00000000eb4c5120) thrown at [t:/workspace/open/src/hotspot/share/classfile/systemDictionary.cpp, line 231]
Event: 33.562 Thread 0x0000027dbb498000 Exception <a 'java/lang/ClassNotFoundException'{0x00000000eb4d4738}: settings_346eqboxh199ctggyh4osvx0sCustomizer> (0x00000000eb4d4738) thrown at [t:/workspace/open/src/hotspot/share/classfile/systemDictionary.cpp, line 231]
Event: 33.610 Thread 0x0000027dbb498000 Exception <a 'java/lang/ClassNotFoundException'{0x00000000eb342898}: org/gradle/initialization/DefaultSettings_DecoratedBeanInfo> (0x00000000eb342898) thrown at [t:/workspace/open/src/hotspot/share/classfile/systemDictionary.cpp, line 231]
Event: 33.615 Thread 0x0000027dbb498000 Exception <a 'java/lang/ClassNotFoundException'{0x00000000eb35a5e8}: org/gradle/initialization/DefaultSettingsBeanInfo> (0x00000000eb35a5e8) thrown at [t:/workspace/open/src/hotspot/share/classfile/systemDictionary.cpp, line 231]
Event: 33.632 Thread 0x0000027dbb498000 Exception <a 'java/lang/ClassNotFoundException'{0x00000000eb373228}: org/gradle/initialization/DefaultSettingsCustomizer> (0x00000000eb373228) thrown at [t:/workspace/open/src/hotspot/share/classfile/systemDictionary.cpp, line 231]
Event: 33.680 Thread 0x0000027dbb498000 Exception <a 'java/lang/ClassNotFoundException'{0x00000000eb3b37e8}: org/gradle/initialization/DefaultSettings_DecoratedCustomizer> (0x00000000eb3b37e8) thrown at [t:/workspace/open/src/hotspot/share/classfile/systemDictionary.cpp, line 231]
Event: 33.798 Thread 0x0000027dbb498000 Exception <a 'java/lang/ClassNotFoundException'{0x00000000eb2222e8}: org/gradle/initialization/DefaultProjectDescriptorBeanInfo> (0x00000000eb2222e8) thrown at [t:/workspace/open/src/hotspot/share/classfile/systemDictionary.cpp, line 231]
Event: 33.808 Thread 0x0000027dbb498000 Exception <a 'java/lang/ClassNotFoundException'{0x00000000eb23b380}: org/gradle/initialization/DefaultProjectDescriptorCustomizer> (0x00000000eb23b380) thrown at [t:/workspace/open/src/hotspot/share/classfile/systemDictionary.cpp, line 231]
Event: 33.872 Thread 0x0000027dbb498000 Implicit null exception at 0x0000027dae151bf2 to 0x0000027dae151ca6

Events (10 events):
Event: 34.347 Thread 0x0000027dbb498000 DEOPT PACKING pc=0x0000027da6f7014c sp=0x000000bc210f88f0
Event: 34.347 Thread 0x0000027dbb498000 DEOPT UNPACKING pc=0x0000027da650cf4e sp=0x000000bc210f7e88 mode 1
Event: 34.349 loading class org/gradle/model/internal/core/AddProjectionsAction
Event: 34.349 loading class org/gradle/model/internal/core/AddProjectionsAction done
Event: 34.349 Thread 0x0000027dbb498000 DEOPT PACKING pc=0x0000027da6b3f9c1 sp=0x000000bc210f8670
Event: 34.349 Thread 0x0000027dbb498000 DEOPT UNPACKING pc=0x0000027da650cf4e sp=0x000000bc210f7b18 mode 1
Event: 34.349 Thread 0x0000027dbb498000 DEOPT PACKING pc=0x0000027da6f7014c sp=0x000000bc210f86d0
Event: 34.349 Thread 0x0000027dbb498000 DEOPT UNPACKING pc=0x0000027da650cf4e sp=0x000000bc210f7c68 mode 1
Event: 34.349 Thread 0x0000027dbb498000 DEOPT PACKING pc=0x0000027da6f7014c sp=0x000000bc210f8860
Event: 34.349 Thread 0x0000027dbb498000 DEOPT UNPACKING pc=0x0000027da650cf4e sp=0x000000bc210f7df8 mode 1


Dynamic libraries:
0x00007ff6aa740000 - 0x00007ff6aa787000 	C:\Program Files\Java\jdk-11.0.2\bin\java.exe
0x00007ffa2c850000 - 0x00007ffa2ca3d000 	C:\Windows\SYSTEM32\ntdll.dll
0x00007ffa29f40000 - 0x00007ffa29ff3000 	C:\Windows\System32\KERNEL32.DLL
0x00007ffa289c0000 - 0x00007ffa28c53000 	C:\Windows\System32\KERNELBASE.dll
0x00007ffa2c770000 - 0x00007ffa2c813000 	C:\Windows\System32\ADVAPI32.dll
0x00007ffa2c0b0000 - 0x00007ffa2c14e000 	C:\Windows\System32\msvcrt.dll
0x00007ffa2a5b0000 - 0x00007ffa2a64e000 	C:\Windows\System32\sechost.dll
0x00007ffa2c150000 - 0x00007ffa2c272000 	C:\Windows\System32\RPCRT4.dll
0x00007ffa2c430000 - 0x00007ffa2c5c7000 	C:\Windows\System32\USER32.dll
0x00007ffa299b0000 - 0x00007ffa299d0000 	C:\Windows\System32\win32u.dll
0x00007ffa2bf20000 - 0x00007ffa2bf49000 	C:\Windows\System32\GDI32.dll
0x00007ffa28ec0000 - 0x00007ffa29059000 	C:\Windows\System32\gdi32full.dll
0x00007ffa28920000 - 0x00007ffa289c0000 	C:\Windows\System32\msvcp_win.dll
0x00007ffa297d0000 - 0x00007ffa298ca000 	C:\Windows\System32\ucrtbase.dll
0x00007ffa20f00000 - 0x00007ffa21179000 	C:\Windows\WinSxS\amd64_microsoft.windows.common-controls_6595b64144ccf1df_6.0.17763.678_none_05b74150071d72bf\COMCTL32.dll
0x00007ffa29c10000 - 0x00007ffa29f3c000 	C:\Windows\System32\combase.dll
0x00007ffa29930000 - 0x00007ffa299ae000 	C:\Windows\System32\bcryptPrimitives.dll
0x00007ffa24510000 - 0x00007ffa2451a000 	C:\Windows\SYSTEM32\VERSION.dll
0x00007ffa2c740000 - 0x00007ffa2c76e000 	C:\Windows\System32\IMM32.DLL
0x00007ffa16b20000 - 0x00007ffa16b36000 	C:\Program Files\Java\jdk-11.0.2\bin\vcruntime140.dll
0x00007ffa07940000 - 0x00007ffa079ea000 	C:\Program Files\Java\jdk-11.0.2\bin\msvcp140.dll
0x00007ff9ee570000 - 0x00007ff9ef097000 	C:\Program Files\Java\jdk-11.0.2\bin\server\jvm.dll
0x00007ffa2bb40000 - 0x00007ffa2bb48000 	C:\Windows\System32\PSAPI.DLL
0x00007ffa22a20000 - 0x00007ffa22a29000 	C:\Windows\SYSTEM32\WSOCK32.dll
0x00007ffa2a0b0000 - 0x00007ffa2a11d000 	C:\Windows\System32\WS2_32.dll
0x00007ffa25a10000 - 0x00007ffa25a34000 	C:\Windows\SYSTEM32\WINMM.dll
0x00007ffa259e0000 - 0x00007ffa25a0d000 	C:\Windows\SYSTEM32\WINMMBASE.dll
0x00007ffa28e40000 - 0x00007ffa28e8a000 	C:\Windows\System32\cfgmgr32.dll
0x00007ffa28900000 - 0x00007ffa28911000 	C:\Windows\System32\kernel.appcore.dll
0x00007ffa13d60000 - 0x00007ffa13d71000 	C:\Program Files\Java\jdk-11.0.2\bin\verify.dll
0x00007ffa17c40000 - 0x00007ffa17e2d000 	C:\Windows\SYSTEM32\DBGHELP.DLL
0x00007ffa17af0000 - 0x00007ffa17b1a000 	C:\Windows\SYSTEM32\dbgcore.DLL
0x00007ffa0e820000 - 0x00007ffa0e849000 	C:\Program Files\Java\jdk-11.0.2\bin\java.dll
0x00007ffa07cf0000 - 0x00007ffa07d27000 	C:\Program Files\Java\jdk-11.0.2\bin\jdwp.dll
0x00007ffa0ed10000 - 0x00007ffa0ed26000 	C:\Program Files\Java\jdk-11.0.2\bin\zip.dll
0x00007ffa17190000 - 0x00007ffa1719a000 	C:\Program Files\Java\jdk-11.0.2\bin\jimage.dll
0x00007ffa2a650000 - 0x00007ffa2bb40000 	C:\Windows\System32\SHELL32.dll
0x00007ffa2bd90000 - 0x00007ffa2be38000 	C:\Windows\System32\shcore.dll
0x00007ffa29060000 - 0x00007ffa297aa000 	C:\Windows\System32\windows.storage.dll
0x00007ffa288b0000 - 0x00007ffa288d4000 	C:\Windows\System32\profapi.dll
0x00007ffa28850000 - 0x00007ffa288ad000 	C:\Windows\System32\powrprof.dll
0x00007ffa2bec0000 - 0x00007ffa2bf12000 	C:\Windows\System32\shlwapi.dll
0x00007ffa297b0000 - 0x00007ffa297c7000 	C:\Windows\System32\cryptsp.dll
0x00007ffa17120000 - 0x00007ffa1712a000 	C:\Program Files\Java\jdk-11.0.2\bin\dt_socket.dll
0x00007ffa28060000 - 0x00007ffa280c7000 	C:\Windows\system32\mswsock.dll
0x00007ffa16b40000 - 0x00007ffa16b59000 	C:\Program Files\Java\jdk-11.0.2\bin\net.dll
0x00007ffa19e10000 - 0x00007ffa19fe7000 	C:\Windows\SYSTEM32\urlmon.dll
0x00007ffa20b30000 - 0x00007ffa20c22000 	C:\Windows\SYSTEM32\WINHTTP.dll
0x00007ffa1a2a0000 - 0x00007ffa1a548000 	C:\Windows\SYSTEM32\iertutil.dll
0x00007ffa281f0000 - 0x00007ffa281fc000 	C:\Windows\SYSTEM32\CRYPTBASE.DLL
0x00007ffa0d040000 - 0x00007ffa0d053000 	C:\Program Files\Java\jdk-11.0.2\bin\nio.dll
0x00007ffa07020000 - 0x00007ffa07046000 	C:\Users\gabri\.gradle\native\29\windows-amd64\native-platform.dll
0x00007ffa17070000 - 0x00007ffa17079000 	C:\Program Files\Java\jdk-11.0.2\bin\management.dll
0x00007ffa16460000 - 0x00007ffa1646c000 	C:\Program Files\Java\jdk-11.0.2\bin\management_ext.dll
0x00007ffa27bf0000 - 0x00007ffa27c23000 	C:\Windows\system32\rsaenh.dll
0x00007ffa28e90000 - 0x00007ffa28eb6000 	C:\Windows\System32\bcrypt.dll
0x00007ffa28750000 - 0x00007ffa28778000 	C:\Windows\SYSTEM32\USERENV.dll
0x00007ffa27da0000 - 0x00007ffa27ddd000 	C:\Windows\SYSTEM32\IPHLPAPI.DLL
0x00007ffa2c0a0000 - 0x00007ffa2c0a8000 	C:\Windows\System32\NSI.dll
0x00007ffa21d00000 - 0x00007ffa21d16000 	C:\Windows\SYSTEM32\dhcpcsvc6.DLL
0x00007ffa21ce0000 - 0x00007ffa21cfc000 	C:\Windows\SYSTEM32\dhcpcsvc.DLL
0x00007ffa27de0000 - 0x00007ffa27ea6000 	C:\Windows\SYSTEM32\DNSAPI.dll

dbghelp: loaded successfully - version: 4.0.5 - missing functions: none
symbol engine: initialized successfully - sym options: 0x614 - pdb path: .;C:\Program Files\Java\jdk-11.0.2\bin;C:\Windows\SYSTEM32;C:\Windows\WinSxS\amd64_microsoft.windows.common-controls_6595b64144ccf1df_6.0.17763.678_none_05b74150071d72bf;C:\Program Files\Java\jdk-11.0.2\bin\server;C:\Users\gabri\.gradle\native\29\windows-amd64

VM Arguments:
jvm_args: -XX:MaxMetaspaceSize=256m -XX:+HeapDumpOnOutOfMemoryError -agentlib:jdwp=transport=dt_socket,server=n,suspend=y,address=127.0.0.1:52218 --add-opens=java.base/java.util=ALL-UNNAMED --add-opens=java.base/java.lang=ALL-UNNAMED --add-opens=java.base/java.lang.invoke=ALL-UNNAMED --add-opens=java.prefs/java.util.prefs=ALL-UNNAMED -Xms256m -Xmx512m -Dfile.encoding=windows-1252 -Duser.country=BR -Duser.language=pt -Duser.variant 
java_command: org.gradle.launcher.daemon.bootstrap.GradleDaemon 5.4.1
java_class_path (initial): C:\Users\gabri\.gradle\wrapper\dists\gradle-5.4.1-bin\e75iq110yv9r9wt1a6619x2xm\gradle-5.4.1\lib\gradle-launcher-5.4.1.jar
Launcher Type: SUN_STANDARD

[Global flags]
     intx CICompilerCount                          = 3                                         {product} {ergonomic}
   size_t CompressedClassSpaceSize                 = 260046848                                 {product} {ergonomic}
     uint ConcGCThreads                            = 1                                         {product} {ergonomic}
     uint G1ConcRefinementThreads                  = 4                                         {product} {ergonomic}
   size_t G1HeapRegionSize                         = 1048576                                   {product} {ergonomic}
    uintx GCDrainStackTargetSize                   = 64                                        {product} {ergonomic}
     bool HeapDumpOnOutOfMemoryError               = true                                   {manageable} {command line}
   size_t InitialHeapSize                          = 268435456                                 {product} {command line}
   size_t MarkStackSize                            = 4194304                                   {product} {ergonomic}
   size_t MaxHeapSize                              = 536870912                                 {product} {command line}
   size_t MaxMetaspaceSize                         = 268435456                                 {product} {command line}
   size_t MaxNewSize                               = 321912832                                 {product} {ergonomic}
   size_t MinHeapDeltaBytes                        = 1048576                                   {product} {ergonomic}
    uintx NonNMethodCodeHeapSize                   = 5830092                                {pd product} {ergonomic}
    uintx NonProfiledCodeHeapSize                  = 122914074                              {pd product} {ergonomic}
    uintx ProfiledCodeHeapSize                     = 122914074                              {pd product} {ergonomic}
    uintx ReservedCodeCacheSize                    = 251658240                              {pd product} {ergonomic}
     bool SegmentedCodeCache                       = true                                      {product} {ergonomic}
     bool UseCompressedClassPointers               = true                                 {lp64_product} {ergonomic}
     bool UseCompressedOops                        = true                                 {lp64_product} {ergonomic}
     bool UseG1GC                                  = true                                      {product} {ergonomic}
     bool UseLargePagesIndividualAllocation        = false                                  {pd product} {ergonomic}

Logging:
Log output configuration:
 #0: stdout all=warning uptime,level,tags
 #1: stderr all=off uptime,level,tags

Environment Variables:
JAVA_HOME=C:\Program Files\Java\jdk1.8.0_201
CLASSPATH=.;
PATH=C:\Program Files\JetBrains\IntelliJ IDEA Community Edition 2019.1.3\jbr\\bin;C:\Program Files\JetBrains\IntelliJ IDEA Community Edition 2019.1.3\jbr\\bin\server;C:\Program Files\JetBrains\IntelliJ IDEA Community Edition 2019.1.3\jbr\\bin;C:\Program Files\JetBrains\IntelliJ IDEA Community Edition 2019.1.3\jbr\\bin\server;C:\ProgramData\DockerDesktop\version-bin;C:\Program Files\Docker\Docker\Resources\bin;C:\Windows\system32;C:\Windows;C:\Windows\System32\Wbem;C:\Windows\System32\WindowsPowerShell\v1.0\;C:\Windows\System32\OpenSSH\;C:\Program Files\nodejs\;C:\Program Files\Git\cmd;C:\Program Files\NVIDIA Corporation\NVIDIA NvDLISR;C:\Program Files\dotnet\;C:\Program Files\Microsoft SQL Server\130\Tools\Binn\;C:\ProgramData\chocolatey\bin;C:\Program Files\Java\jdk1.8.0_201\bin;C:\Program Files (x86)\Yarn\bin\;C:\Program Files\Microsoft SQL Server\Client SDK\ODBC\110\Tools\Binn\;C:\Program Files (x86)\Microsoft SQL Server\120\Tools\Binn\ManagementStudio\;C:\Program Files (x86)\Microsoft SQL Server\120\Tools\Binn\;C:\Program Files\Microsoft SQL Server\120\Tools\Binn\;C:\Program Files (x86)\Microsoft SQL Server\120\DTS\Binn\;C:\Program Files\Microsoft SQL Server\120\DTS\Binn\;C:\Program Files (x86)\NVIDIA Corporation\PhysX\Common;C:\Users\gabri\AppData\Local\Microsoft\WindowsApps;C:\Users\gabri\AppData\Roaming\npm;C:\Users\gabri\AppData\Local\Programs\Microsoft VS Code\bin;C:\Python27;C:\Users\gabri\AppData\Local\Android\Sdk\emulator;C:\Users\gabri\AppData\Local\Android\Sdk\tools;C:\Users\gabri\AppData\Local\Android\Sdk\tools\bin;C:\Users\gabri\AppData\Local\Android\Sdk\platform-tools;C:\Program Files\MySQL\MySQL Server 8.0\bin;C:\Program Files\MongoDB\Server\4.0\bin;C:\Users\gabri\AppData\Local\Yarn\bin;C:\Users\gabri\Documents\apache-maven-3.6.1\bin;C:\Program Files\Docker Toolbox;C:\Users\gabri\AppData\Local\Programs\Azure Data Studio\bin;C:\Users\gabri\Documents\mvn;C:\Users\gabri\.dotnet\tools
USERNAME=gabri
OS=Windows_NT
PROCESSOR_IDENTIFIER=AMD64 Family 21 Model 2 Stepping 0, AuthenticAMD



---------------  S Y S T E M  ---------------

OS: Windows 10 , 64 bit Build 17763 (10.0.17763.475)

CPU:total 4 (initial active 4) (4 cores per cpu, 1 threads per core) family 21 model 2 stepping 0, cmov, cx8, fxsr, mmx, sse, sse2, sse3, ssse3, sse4.1, sse4.2, popcnt, avx, aes, clmul, mmxext, 3dnowpref, lzcnt, sse4a, tsc, tscinvbit, tscinv, bmi1, fma

Memory: 4k page, system-wide physical 12271M (5403M free)
TotalPageFile size 18415M (AvailPageFile size 7391M)
current process WorkingSet (physical memory assigned to process): 247M, peak: 247M
current process commit charge ("private bytes"): 438M, peak: 446M

vm_info: Java HotSpot(TM) 64-Bit Server VM (11.0.2+9-LTS) for windows-amd64 JRE (11.0.2+9-LTS), built on Jan 18 2019 05:24:10 by "mach5one" with MS VC++ 15.5 (VS2017)

END.
