#
# A fatal error has been detected by the Java Runtime Environment:
#
#  EXCEPTION_ACCESS_VIOLATION (0xc0000005) at pc=0x00007ff9ee8e2480, pid=10176, tid=10636
#
# JRE version: Java(TM) SE Runtime Environment (11.0.2+9) (build 11.0.2+9-LTS)
# Java VM: Java HotSpot(TM) 64-Bit Server VM (11.0.2+9-LTS, mixed mode, tiered, compressed oops, g1 gc, windows-amd64)
# Problematic frame:
# V  [jvm.dll+0x372480]
#
# No core dump will be written. Minidumps are not enabled by default on client versions of Windows
#
# If you would like to submit a bug report, please visit:
#   http://bugreport.java.com/bugreport/crash.jsp
#

---------------  S U M M A R Y ------------

Command Line: -XX:MaxMetaspaceSize=256m -XX:+HeapDumpOnOutOfMemoryError -agentlib:jdwp=transport=dt_socket,server=n,suspend=y,address=127.0.0.1:51931 --add-opens=java.base/java.util=ALL-UNNAMED --add-opens=java.base/java.lang=ALL-UNNAMED --add-opens=java.base/java.lang.invoke=ALL-UNNAMED --add-opens=java.prefs/java.util.prefs=ALL-UNNAMED -Xms256m -Xmx512m -Dfile.encoding=windows-1252 -Duser.country=BR -Duser.language=pt -Duser.variant org.gradle.launcher.daemon.bootstrap.GradleDaemon 5.4.1

Host: AMD FX(tm)-4300 Quad-Core Processor            , 4 cores, 11G,  Windows 10 , 64 bit Build 17763 (10.0.17763.475)
Time: Sun Aug 18 01:22:55 2019 Hora oficial do Brasil elapsed time: 67 seconds (0d 0h 1m 7s)

---------------  T H R E A D  ---------------

Current thread (0x000002b574762800):  JavaThread "C2 CompilerThread0" daemon [_thread_in_native, id=10636, stack(0x000000d411700000,0x000000d411800000)]


Current CompileTask:
C2:  67985 7593   !   4       io.spring.gradle.dependencymanagement.org.codehaus.plexus.interpolation.StringSearchInterpolator::interpolate (665 bytes)

Stack: [0x000000d411700000,0x000000d411800000],  sp=0x000000d4117fb770,  free space=1005k
Native frames: (J=compiled Java code, j=interpreted, Vv=VM code, C=native code)
V  [jvm.dll+0x372480]
V  [jvm.dll+0x36bc90]
V  [jvm.dll+0x1a968e]
V  [jvm.dll+0x218352]
V  [jvm.dll+0x2173ea]
V  [jvm.dll+0x194200]
V  [jvm.dll+0x2263af]
V  [jvm.dll+0x2249b8]
V  [jvm.dll+0x738a9d]
V  [jvm.dll+0x6347f2]
C  [ucrtbase.dll+0x21ffa]
C  [KERNEL32.DLL+0x17974]
C  [ntdll.dll+0x6a271]


siginfo: EXCEPTION_ACCESS_VIOLATION (0xc0000005), reading address 0xffffffffffffffff


Register to memory mapping:

RIP=0x00007ff9ee8e2480 jvm.dll
RAX=0x0 is NULL
RBX=0x0000000000000029 is an unknown value
RCX=0x0 is NULL
RDX=0x0000000000000008 is an unknown value
RSP=0x000000d4117fb770 is pointing into the stack for thread: 0x000002b574762800
RBP=0x0000000000000008 is an unknown value
RSI=0x00007ff9eefc6738 jvm.dll
RDI=0x000002b57498adb8 points into unknown readable memory: 00 3f e0 73 b5 02 00 00
R8 =0x00047ff9eefc6738 is an unknown value
R9 =0x000000d4117fb7c0 is pointing into the stack for thread: 0x000002b574762800
R10=0x0000000000000029 is an unknown value
R11=0x000000d4117fb6d0 is pointing into the stack for thread: 0x000002b574762800
R12=0x00007ff9ee570000 jvm.dll
R13=0x000002b578b647c0 points into unknown readable memory: 40 30 a3 7d b5 02 00 00
R14=0x0000000000000011 is an unknown value
R15=0x00007ff9eefc6738 jvm.dll


Registers:
RAX=0x0000000000000000, RBX=0x0000000000000029, RCX=0x0000000000000000, RDX=0x0000000000000008
RSP=0x000000d4117fb770, RBP=0x0000000000000008, RSI=0x00007ff9eefc6738, RDI=0x000002b57498adb8
R8 =0x00047ff9eefc6738, R9 =0x000000d4117fb7c0, R10=0x0000000000000029, R11=0x000000d4117fb6d0
R12=0x00007ff9ee570000, R13=0x000002b578b647c0, R14=0x0000000000000011, R15=0x00007ff9eefc6738
RIP=0x00007ff9ee8e2480, EFLAGS=0x0000000000010246

Top of Stack: (sp=0x000000d4117fb770)
0x000000d4117fb770:   0000000000000000 0000000000000000
0x000000d4117fb780:   0000000000000828 000002b573dfef00
0x000000d4117fb790:   0000000000000eb1 00007ff9ee8dbc90
0x000000d4117fb7a0:   000002b57dac5e50 000000d4117fb8f0
0x000000d4117fb7b0:   0000000000000eb1 00007ff9eedfa250
0x000000d4117fb7c0:   00000eb500000000 000002b500000006
0x000000d4117fb7d0:   00047ff9eefc6738 000000000000000f
0x000000d4117fb7e0:   000002b576bc1650 0000000000000032
0x000000d4117fb7f0:   000002b57dac5ef0 0000000000000000
0x000000d4117fb800:   000002b578b647d0 0000000000000000
0x000000d4117fb810:   000000d4117fb920 00007ff9ee71968e
0x000000d4117fb820:   000000d4117fbca0 000000d4117fbd88
0x000000d4117fb830:   000002b578b64ba8 00000000000003d8
0x000000d4117fb840:   00007ff9eedb4a00 000000000000000c
0x000000d4117fb850:   0000000000000006 000002b578b647c0
0x000000d4117fb860:   000002b579160320 000002b579166720 

Instructions: (pc=0x00007ff9ee8e2480)
0x00007ff9ee8e2460:   49 8b 41 20 41 8b da 4c 8b 04 d8 4c 3b c6 74 7a
0x00007ff9ee8e2470:   33 c0 4d 89 41 10 33 c9 0f 1f 84 00 00 00 00 00
0x00007ff9ee8e2480:   42 83 3c 01 00 8d 50 01 0f 85 be 00 00 00 48 83
0x00007ff9ee8e2490:   c1 04 8b c2 83 fa 08 72 e7 4d 8b 59 30 4d 85 db 


Stack slot to memory mapping:
stack at sp + 0 slots: 0x0 is NULL
stack at sp + 1 slots: 0x0 is NULL
stack at sp + 2 slots: 0x0000000000000828 is an unknown value
stack at sp + 3 slots: 0x000002b573dfef00 points into unknown readable memory: 00 00 00 00 00 00 00 00
stack at sp + 4 slots: 0x0000000000000eb1 is an unknown value
stack at sp + 5 slots: 0x00007ff9ee8dbc90 jvm.dll
stack at sp + 6 slots: 0x000002b57dac5e50 points into unknown readable memory: 07 00 00 00 00 00 00 00
stack at sp + 7 slots: 0x000000d4117fb8f0 is pointing into the stack for thread: 0x000002b574762800


---------------  P R O C E S S  ---------------

Threads class SMR info:
_java_thread_list=0x000002b5791c60e0, length=50, elements={
0x000002b5592a9800, 0x000002b573dc6800, 0x000002b573df0000, 0x000002b573e06800,
0x000002b573e08800, 0x000002b574762800, 0x000002b574766000, 0x000002b57476a800,
0x000002b5748ca800, 0x000002b574910800, 0x000002b574912000, 0x000002b57491c800,
0x000002b5748f7000, 0x000002b575a4b800, 0x000002b575c56000, 0x000002b576318000,
0x000002b574ad8800, 0x000002b574add000, 0x000002b574a30000, 0x000002b57611e800,
0x000002b576112800, 0x000002b576115000, 0x000002b574f9f000, 0x000002b574b15000,
0x000002b574b11000, 0x000002b574b14800, 0x000002b574b0f800, 0x000002b574b16000,
0x000002b574b10800, 0x000002b574b13000, 0x000002b574b12000, 0x000002b5756d7000,
0x000002b5756d9000, 0x000002b5756dd000, 0x000002b5756d9800, 0x000002b5756db800,
0x000002b5756da800, 0x000002b5756de000, 0x000002b5756d8000, 0x000002b5756dc000,
0x000002b5756de800, 0x000002b5756e1000, 0x000002b5756e0000, 0x000002b5756e2800,
0x000002b5756df800, 0x000002b5756e6000, 0x000002b5756e2000, 0x000002b57ccca800,
0x000002b5756e4800, 0x000002b5756e3800
}

Java Threads: ( => current thread )
  0x000002b5592a9800 JavaThread "main" [_thread_blocked, id=5144, stack(0x000000d410c00000,0x000000d410d00000)]
  0x000002b573dc6800 JavaThread "Reference Handler" daemon [_thread_blocked, id=11904, stack(0x000000d411300000,0x000000d411400000)]
  0x000002b573df0000 JavaThread "Finalizer" daemon [_thread_blocked, id=8292, stack(0x000000d411400000,0x000000d411500000)]
  0x000002b573e06800 JavaThread "Signal Dispatcher" daemon [_thread_blocked, id=11744, stack(0x000000d411500000,0x000000d411600000)]
  0x000002b573e08800 JavaThread "Attach Listener" daemon [_thread_blocked, id=6760, stack(0x000000d411600000,0x000000d411700000)]
=>0x000002b574762800 JavaThread "C2 CompilerThread0" daemon [_thread_in_native, id=10636, stack(0x000000d411700000,0x000000d411800000)]
  0x000002b574766000 JavaThread "C1 CompilerThread0" daemon [_thread_blocked, id=8952, stack(0x000000d411800000,0x000000d411900000)]
  0x000002b57476a800 JavaThread "Sweeper thread" daemon [_thread_blocked, id=11096, stack(0x000000d411900000,0x000000d411a00000)]
  0x000002b5748ca800 JavaThread "Common-Cleaner" daemon [_thread_blocked, id=2840, stack(0x000000d411a00000,0x000000d411b00000)]
  0x000002b574910800 JavaThread "JDWP Transport Listener: dt_socket" daemon [_thread_blocked, id=812, stack(0x000000d411b00000,0x000000d411c00000)]
  0x000002b574912000 JavaThread "JDWP Event Helper Thread" daemon [_thread_blocked, id=7768, stack(0x000000d411c00000,0x000000d411d00000)]
  0x000002b57491c800 JavaThread "JDWP Command Reader" daemon [_thread_in_native, id=12428, stack(0x000000d411d00000,0x000000d411e00000)]
  0x000002b5748f7000 JavaThread "Service Thread" daemon [_thread_blocked, id=12712, stack(0x000000d411e00000,0x000000d411f00000)]
  0x000002b575a4b800 JavaThread "Daemon health stats" [_thread_blocked, id=12620, stack(0x000000d412300000,0x000000d412400000)]
  0x000002b575c56000 JavaThread "Incoming local TCP Connector on port 51942" [_thread_in_native, id=4164, stack(0x000000d412400000,0x000000d412500000)]
  0x000002b576318000 JavaThread "Daemon periodic checks" [_thread_blocked, id=9300, stack(0x000000d412500000,0x000000d412600000)]
  0x000002b574ad8800 JavaThread "Daemon" [_thread_blocked, id=7484, stack(0x000000d412600000,0x000000d412700000)]
  0x000002b574add000 JavaThread "Handler for socket connection from /127.0.0.1:51942 to /127.0.0.1:51943" [_thread_in_native, id=12628, stack(0x000000d412700000,0x000000d412800000)]
  0x000002b574a30000 JavaThread "Cancel handler" [_thread_blocked, id=7232, stack(0x000000d412800000,0x000000d412900000)]
  0x000002b57611e800 JavaThread "Daemon worker" [_thread_blocked, id=9232, stack(0x000000d412900000,0x000000d412a00000)]
  0x000002b576112800 JavaThread "Asynchronous log dispatcher for DefaultDaemonConnection: socket connection from /127.0.0.1:51942 to /127.0.0.1:51943" [_thread_blocked, id=8300, stack(0x000000d412a00000,0x000000d412b00000)]
  0x000002b576115000 JavaThread "Stdin handler" [_thread_blocked, id=6992, stack(0x000000d412b00000,0x000000d412c00000)]
  0x000002b574f9f000 JavaThread "Thread-8" [_thread_blocked, id=11496, stack(0x000000d412c00000,0x000000d412d00000)]
  0x000002b574b15000 JavaThread "Cache worker for file hash cache (C:\Users\gabri\.gradle\caches\5.4.1\fileHashes)" [_thread_blocked, id=11112, stack(0x000000d412d00000,0x000000d412e00000)]
  0x000002b574b11000 JavaThread "File lock request listener" [_thread_in_native, id=11444, stack(0x000000d412e00000,0x000000d412f00000)]
  0x000002b574b14800 JavaThread "Cache worker for journal cache (C:\Users\gabri\.gradle\caches\journal-1)" [_thread_blocked, id=12828, stack(0x000000d412f00000,0x000000d413000000)]
  0x000002b574b0f800 JavaThread "Cache worker for file hash cache (C:\Users\gabri\Desktop\restResult\.gradle\5.4.1\fileHashes)" [_thread_blocked, id=11708, stack(0x000000d413000000,0x000000d413100000)]
  0x000002b574b16000 JavaThread "Cache worker for cache directory md-supplier (C:\Users\gabri\.gradle\caches\5.4.1\md-supplier)" [_thread_blocked, id=11900, stack(0x000000d413100000,0x000000d413200000)]
  0x000002b574b10800 JavaThread "Cache worker for cache directory md-rule (C:\Users\gabri\.gradle\caches\5.4.1\md-rule)" [_thread_blocked, id=2484, stack(0x000000d413200000,0x000000d413300000)]
  0x000002b574b13000 JavaThread "Cache worker for execution history cache (C:\Users\gabri\.gradle\caches\5.4.1\executionHistory)" [_thread_blocked, id=10348, stack(0x000000d413400000,0x000000d413500000)]
  0x000002b574b12000 JavaThread "Build operations" [_thread_blocked, id=8320, stack(0x000000d413500000,0x000000d413600000)]
  0x000002b5756d7000 JavaThread "Build operations Thread 2" [_thread_blocked, id=5520, stack(0x000000d413600000,0x000000d413700000)]
  0x000002b5756d9000 JavaThread "Build operations Thread 3" [_thread_blocked, id=12632, stack(0x000000d413700000,0x000000d413800000)]
  0x000002b5756dd000 JavaThread "Build operations Thread 4" [_thread_blocked, id=10256, stack(0x000000d413800000,0x000000d413900000)]
  0x000002b5756d9800 JavaThread "Cache worker for Build Output Cleanup Cache (C:\Users\gabri\Desktop\restResult\.gradle\buildOutputCleanup)" [_thread_blocked, id=11092, stack(0x000000d413900000,0x000000d413a00000)]
  0x000002b5756db800 JavaThread "Memory manager" [_thread_blocked, id=5264, stack(0x000000d413b00000,0x000000d413c00000)]
  0x000002b5756da800 JavaThread "Cache worker for file content cache (C:\Users\gabri\.gradle\caches\5.4.1\fileContent)" [_thread_blocked, id=2420, stack(0x000000d413c00000,0x000000d413d00000)]
  0x000002b5756de000 JavaThread "Cache worker for file content cache (C:\Users\gabri\Desktop\restResult\.gradle\5.4.1\fileContent)" [_thread_blocked, id=7760, stack(0x000000d413d00000,0x000000d413e00000)]
  0x000002b5756d8000 JavaThread "Execution worker for ':'" [_thread_blocked, id=4284, stack(0x000000d413f00000,0x000000d414000000)]
  0x000002b5756dc000 JavaThread "Execution worker for ':' Thread 2" [_thread_blocked, id=12608, stack(0x000000d414000000,0x000000d414100000)]
  0x000002b5756de800 JavaThread "Execution worker for ':' Thread 3" [_thread_blocked, id=4780, stack(0x000000d414100000,0x000000d414200000)]
  0x000002b5756e1000 JavaThread "Cache worker for execution history cache (C:\Users\gabri\Desktop\restResult\.gradle\5.4.1\executionHistory)" [_thread_blocked, id=8396, stack(0x000000d414200000,0x000000d414300000)]
  0x000002b5756e0000 JavaThread "Cache worker for Java compile cache (C:\Users\gabri\.gradle\caches\5.4.1\javaCompile)" [_thread_blocked, id=12948, stack(0x000000d413e00000,0x000000d413f00000)]
  0x000002b5756e2800 JavaThread "Cache worker for Java compile cache (C:\Users\gabri\Desktop\restResult\.gradle\5.4.1\javaCompile)" [_thread_blocked, id=11796, stack(0x000000d414300000,0x000000d414400000)]
  0x000002b5756df800 JavaThread "Exec process" [_thread_in_native, id=8604, stack(0x000000d410900000,0x000000d410a00000)]
  0x000002b5756e6000 JavaThread "Exec process Thread 2" [_thread_in_native, id=1732, stack(0x000000d410a00000,0x000000d410b00000)]
  0x000002b5756e2000 JavaThread "Exec process Thread 3" [_thread_blocked, id=8052, stack(0x000000d410b00000,0x000000d410c00000)]
  0x000002b57ccca800 JavaThread "C2 CompilerThread1" daemon [_thread_in_native, id=11220, stack(0x000000d414400000,0x000000d414500000)]
  0x000002b5756e4800 JavaThread "DisconnectableInputStream source reader" daemon [_thread_blocked, id=4176, stack(0x000000d414500000,0x000000d414600000)]
  0x000002b5756e3800 JavaThread "Exec process Thread 4" [_thread_in_native, id=1336, stack(0x000000d414600000,0x000000d414700000)]

Other Threads:
  0x000002b573dc3000 VMThread "VM Thread" [stack: 0x000000d411200000,0x000000d411300000] [id=7892]
  0x000002b574939800 WatcherThread [stack: 0x000000d411f00000,0x000000d412000000] [id=3608]
  0x000002b5592c3000 GCTaskThread "GC Thread#0" [stack: 0x000000d410d00000,0x000000d410e00000] [id=12060]
  0x000002b57511b000 GCTaskThread "GC Thread#1" [stack: 0x000000d412000000,0x000000d412100000] [id=10896]
  0x000002b57511c000 GCTaskThread "GC Thread#2" [stack: 0x000000d412100000,0x000000d412200000] [id=9064]
  0x000002b57511c800 GCTaskThread "GC Thread#3" [stack: 0x000000d412200000,0x000000d412300000] [id=5220]
  0x000002b5592d2000 ConcurrentGCThread "G1 Main Marker" [stack: 0x000000d410e00000,0x000000d410f00000] [id=1748]
  0x000002b5592d3800 ConcurrentGCThread "G1 Conc#0" [stack: 0x000000d410f00000,0x000000d411000000] [id=2616]
  0x000002b573c58800 ConcurrentGCThread "G1 Refine#0" [stack: 0x000000d411000000,0x000000d411100000] [id=8504]
  0x000002b573c59000 ConcurrentGCThread "G1 Young RemSet Sampling" [stack: 0x000000d411100000,0x000000d411200000] [id=3188]

Threads with active compile tasks:
C2 CompilerThread07593   !   4       io.spring.gradle.dependencymanagement.org.codehaus.plexus.interpolation.StringSearchInterpolator::interpolate (665 bytes)
C2 CompilerThread17609       4       io.spring.gradle.dependencymanagement.internal.Exclusions::add (47 bytes)

VM state:not at safepoint (normal execution)

VM Mutex/Monitor currently owned by a thread: None

Heap address: 0x00000000e0000000, size: 512 MB, Compressed Oops mode: 32-bit
Narrow klass base: 0x0000000000000000, Narrow klass shift: 3
Compressed class space size: 260046848 Address: 0x0000000100000000

Heap:
 garbage-first heap   total 262144K, used 88351K [0x00000000e0000000, 0x0000000100000000)
  region size 1024K, 60 young (61440K), 17 survivors (17408K)
 Metaspace       used 62553K, capacity 63921K, committed 64076K, reserved 311296K
  class space    used 7797K, capacity 8246K, committed 8268K, reserved 253952K
Heap Regions: E=young(eden), S=young(survivor), O=old, HS=humongous(starts), HC=humongous(continues), CS=collection set, F=free, A=archive, TAMS=top-at-mark-start (previous, next)
|   0|0x00000000e0000000, 0x00000000e0100000, 0x00000000e0100000|100%| O|  |TAMS 0x00000000e0100000, 0x00000000e0000000| Untracked 
|   1|0x00000000e0100000, 0x00000000e0200000, 0x00000000e0200000|100%| O|  |TAMS 0x00000000e0200000, 0x00000000e0100000| Untracked 
|   2|0x00000000e0200000, 0x00000000e0300000, 0x00000000e0300000|100%|HS|  |TAMS 0x00000000e0300000, 0x00000000e0200000| Complete 
|   3|0x00000000e0300000, 0x00000000e0400000, 0x00000000e0400000|100%|HS|  |TAMS 0x00000000e0400000, 0x00000000e0300000| Complete 
|   4|0x00000000e0400000, 0x00000000e0500000, 0x00000000e0500000|100%|HC|  |TAMS 0x00000000e0500000, 0x00000000e0400000| Complete 
|   5|0x00000000e0500000, 0x00000000e0600000, 0x00000000e0600000|100%| O|  |TAMS 0x00000000e0600000, 0x00000000e0500000| Untracked 
|   6|0x00000000e0600000, 0x00000000e0700000, 0x00000000e0700000|100%| O|  |TAMS 0x00000000e0700000, 0x00000000e0600000| Untracked 
|   7|0x00000000e0700000, 0x00000000e0800000, 0x00000000e0800000|100%| O|  |TAMS 0x00000000e0800000, 0x00000000e0700000| Untracked 
|   8|0x00000000e0800000, 0x00000000e0900000, 0x00000000e0900000|100%| O|  |TAMS 0x00000000e0900000, 0x00000000e0800000| Untracked 
|   9|0x00000000e0900000, 0x00000000e0a00000, 0x00000000e0a00000|100%| O|  |TAMS 0x00000000e0a00000, 0x00000000e0900000| Untracked 
|  10|0x00000000e0a00000, 0x00000000e0b00000, 0x00000000e0b00000|100%| O|  |TAMS 0x00000000e0b00000, 0x00000000e0a00000| Untracked 
|  11|0x00000000e0b00000, 0x00000000e0c00000, 0x00000000e0c00000|100%| O|  |TAMS 0x00000000e0c00000, 0x00000000e0b00000| Untracked 
|  12|0x00000000e0c00000, 0x00000000e0d00000, 0x00000000e0d00000|100%| O|  |TAMS 0x00000000e0d00000, 0x00000000e0c00000| Untracked 
|  13|0x00000000e0d00000, 0x00000000e0e00000, 0x00000000e0e00000|100%| O|  |TAMS 0x00000000e0e00000, 0x00000000e0d00000| Untracked 
|  14|0x00000000e0e00000, 0x00000000e0f00000, 0x00000000e0f00000|100%| O|  |TAMS 0x00000000e0f00000, 0x00000000e0e00000| Untracked 
|  15|0x00000000e0f00000, 0x00000000e1000000, 0x00000000e1000000|100%| O|  |TAMS 0x00000000e1000000, 0x00000000e0f00000| Untracked 
|  16|0x00000000e1000000, 0x00000000e1100000, 0x00000000e1100000|100%| O|  |TAMS 0x00000000e1100000, 0x00000000e1000000| Untracked 
|  17|0x00000000e1100000, 0x00000000e1200000, 0x00000000e1200000|100%| O|  |TAMS 0x00000000e1200000, 0x00000000e1100000| Untracked 
|  18|0x00000000e1200000, 0x00000000e1300000, 0x00000000e1300000|100%| O|  |TAMS 0x00000000e1300000, 0x00000000e1200000| Untracked 
|  19|0x00000000e1300000, 0x00000000e1400000, 0x00000000e1400000|100%| O|  |TAMS 0x00000000e1400000, 0x00000000e1300000| Untracked 
|  20|0x00000000e1400000, 0x00000000e1500000, 0x00000000e1500000|100%| O|  |TAMS 0x00000000e1500000, 0x00000000e1400000| Untracked 
|  21|0x00000000e1500000, 0x00000000e1600000, 0x00000000e1600000|100%| O|  |TAMS 0x00000000e1600000, 0x00000000e1500000| Untracked 
|  22|0x00000000e1600000, 0x00000000e1700000, 0x00000000e1700000|100%| O|  |TAMS 0x00000000e1700000, 0x00000000e1600000| Untracked 
|  23|0x00000000e1700000, 0x00000000e1800000, 0x00000000e1800000|100%| O|  |TAMS 0x00000000e1800000, 0x00000000e1700000| Untracked 
|  24|0x00000000e1800000, 0x00000000e1900000, 0x00000000e1900000|100%| O|  |TAMS 0x00000000e1900000, 0x00000000e1800000| Untracked 
|  25|0x00000000e1900000, 0x00000000e1a00000, 0x00000000e1a00000|100%| O|  |TAMS 0x00000000e1a00000, 0x00000000e1900000| Untracked 
|  26|0x00000000e1a00000, 0x00000000e1b00000, 0x00000000e1b00000|100%| O|  |TAMS 0x00000000e1b00000, 0x00000000e1a00000| Untracked 
|  27|0x00000000e1b00000, 0x00000000e1bc7e00, 0x00000000e1c00000| 78%| O|  |TAMS 0x00000000e1bc7e00, 0x00000000e1b00000| Untracked 
|  28|0x00000000e1c00000, 0x00000000e1c00000, 0x00000000e1d00000|  0%| F|  |TAMS 0x00000000e1c00000, 0x00000000e1c00000| Untracked 
|  29|0x00000000e1d00000, 0x00000000e1d00000, 0x00000000e1e00000|  0%| F|  |TAMS 0x00000000e1d00000, 0x00000000e1d00000| Untracked 
|  30|0x00000000e1e00000, 0x00000000e1e00000, 0x00000000e1f00000|  0%| F|  |TAMS 0x00000000e1e00000, 0x00000000e1e00000| Untracked 
|  31|0x00000000e1f00000, 0x00000000e1f00000, 0x00000000e2000000|  0%| F|  |TAMS 0x00000000e1f00000, 0x00000000e1f00000| Untracked 
|  32|0x00000000e2000000, 0x00000000e2000000, 0x00000000e2100000|  0%| F|  |TAMS 0x00000000e2000000, 0x00000000e2000000| Untracked 
|  33|0x00000000e2100000, 0x00000000e2100000, 0x00000000e2200000|  0%| F|  |TAMS 0x00000000e2100000, 0x00000000e2100000| Untracked 
|  34|0x00000000e2200000, 0x00000000e2200000, 0x00000000e2300000|  0%| F|  |TAMS 0x00000000e2200000, 0x00000000e2200000| Untracked 
|  35|0x00000000e2300000, 0x00000000e2300000, 0x00000000e2400000|  0%| F|  |TAMS 0x00000000e2300000, 0x00000000e2300000| Untracked 
|  36|0x00000000e2400000, 0x00000000e2400000, 0x00000000e2500000|  0%| F|  |TAMS 0x00000000e2400000, 0x00000000e2400000| Untracked 
|  37|0x00000000e2500000, 0x00000000e2500000, 0x00000000e2600000|  0%| F|  |TAMS 0x00000000e2500000, 0x00000000e2500000| Untracked 
|  38|0x00000000e2600000, 0x00000000e2600000, 0x00000000e2700000|  0%| F|  |TAMS 0x00000000e2600000, 0x00000000e2600000| Untracked 
|  39|0x00000000e2700000, 0x00000000e2700000, 0x00000000e2800000|  0%| F|  |TAMS 0x00000000e2700000, 0x00000000e2700000| Untracked 
|  40|0x00000000e2800000, 0x00000000e2800000, 0x00000000e2900000|  0%| F|  |TAMS 0x00000000e2800000, 0x00000000e2800000| Untracked 
|  41|0x00000000e2900000, 0x00000000e2900000, 0x00000000e2a00000|  0%| F|  |TAMS 0x00000000e2900000, 0x00000000e2900000| Untracked 
|  42|0x00000000e2a00000, 0x00000000e2a00000, 0x00000000e2b00000|  0%| F|  |TAMS 0x00000000e2a00000, 0x00000000e2a00000| Untracked 
|  43|0x00000000e2b00000, 0x00000000e2b00000, 0x00000000e2c00000|  0%| F|  |TAMS 0x00000000e2b00000, 0x00000000e2b00000| Untracked 
|  44|0x00000000e2c00000, 0x00000000e2c00000, 0x00000000e2d00000|  0%| F|  |TAMS 0x00000000e2c00000, 0x00000000e2c00000| Untracked 
|  45|0x00000000e2d00000, 0x00000000e2d00000, 0x00000000e2e00000|  0%| F|  |TAMS 0x00000000e2d00000, 0x00000000e2d00000| Untracked 
|  46|0x00000000e2e00000, 0x00000000e2e00000, 0x00000000e2f00000|  0%| F|  |TAMS 0x00000000e2e00000, 0x00000000e2e00000| Untracked 
|  47|0x00000000e2f00000, 0x00000000e2f00000, 0x00000000e3000000|  0%| F|  |TAMS 0x00000000e2f00000, 0x00000000e2f00000| Untracked 
|  48|0x00000000e3000000, 0x00000000e3000000, 0x00000000e3100000|  0%| F|  |TAMS 0x00000000e3000000, 0x00000000e3000000| Untracked 
|  49|0x00000000e3100000, 0x00000000e3100000, 0x00000000e3200000|  0%| F|  |TAMS 0x00000000e3100000, 0x00000000e3100000| Untracked 
|  50|0x00000000e3200000, 0x00000000e3200000, 0x00000000e3300000|  0%| F|  |TAMS 0x00000000e3200000, 0x00000000e3200000| Untracked 
|  51|0x00000000e3300000, 0x00000000e3300000, 0x00000000e3400000|  0%| F|  |TAMS 0x00000000e3300000, 0x00000000e3300000| Untracked 
|  52|0x00000000e3400000, 0x00000000e3400000, 0x00000000e3500000|  0%| F|  |TAMS 0x00000000e3400000, 0x00000000e3400000| Untracked 
|  53|0x00000000e3500000, 0x00000000e3500000, 0x00000000e3600000|  0%| F|  |TAMS 0x00000000e3500000, 0x00000000e3500000| Untracked 
|  54|0x00000000e3600000, 0x00000000e3600000, 0x00000000e3700000|  0%| F|  |TAMS 0x00000000e3600000, 0x00000000e3600000| Untracked 
|  55|0x00000000e3700000, 0x00000000e3700000, 0x00000000e3800000|  0%| F|  |TAMS 0x00000000e3700000, 0x00000000e3700000| Untracked 
|  56|0x00000000e3800000, 0x00000000e3800000, 0x00000000e3900000|  0%| F|  |TAMS 0x00000000e3800000, 0x00000000e3800000| Untracked 
|  57|0x00000000e3900000, 0x00000000e3900000, 0x00000000e3a00000|  0%| F|  |TAMS 0x00000000e3900000, 0x00000000e3900000| Untracked 
|  58|0x00000000e3a00000, 0x00000000e3a00000, 0x00000000e3b00000|  0%| F|  |TAMS 0x00000000e3a00000, 0x00000000e3a00000| Untracked 
|  59|0x00000000e3b00000, 0x00000000e3b00000, 0x00000000e3c00000|  0%| F|  |TAMS 0x00000000e3b00000, 0x00000000e3b00000| Untracked 
|  60|0x00000000e3c00000, 0x00000000e3c00000, 0x00000000e3d00000|  0%| F|  |TAMS 0x00000000e3c00000, 0x00000000e3c00000| Untracked 
|  61|0x00000000e3d00000, 0x00000000e3d00000, 0x00000000e3e00000|  0%| F|  |TAMS 0x00000000e3d00000, 0x00000000e3d00000| Untracked 
|  62|0x00000000e3e00000, 0x00000000e3e00000, 0x00000000e3f00000|  0%| F|  |TAMS 0x00000000e3e00000, 0x00000000e3e00000| Untracked 
|  63|0x00000000e3f00000, 0x00000000e3f00000, 0x00000000e4000000|  0%| F|  |TAMS 0x00000000e3f00000, 0x00000000e3f00000| Untracked 
|  64|0x00000000e4000000, 0x00000000e4000000, 0x00000000e4100000|  0%| F|  |TAMS 0x00000000e4000000, 0x00000000e4000000| Untracked 
|  65|0x00000000e4100000, 0x00000000e4100000, 0x00000000e4200000|  0%| F|  |TAMS 0x00000000e4100000, 0x00000000e4100000| Untracked 
|  66|0x00000000e4200000, 0x00000000e4200000, 0x00000000e4300000|  0%| F|  |TAMS 0x00000000e4200000, 0x00000000e4200000| Untracked 
|  67|0x00000000e4300000, 0x00000000e4300000, 0x00000000e4400000|  0%| F|  |TAMS 0x00000000e4300000, 0x00000000e4300000| Untracked 
|  68|0x00000000e4400000, 0x00000000e4400000, 0x00000000e4500000|  0%| F|  |TAMS 0x00000000e4400000, 0x00000000e4400000| Untracked 
|  69|0x00000000e4500000, 0x00000000e4500000, 0x00000000e4600000|  0%| F|  |TAMS 0x00000000e4500000, 0x00000000e4500000| Untracked 
|  70|0x00000000e4600000, 0x00000000e4600000, 0x00000000e4700000|  0%| F|  |TAMS 0x00000000e4600000, 0x00000000e4600000| Untracked 
|  71|0x00000000e4700000, 0x00000000e4700000, 0x00000000e4800000|  0%| F|  |TAMS 0x00000000e4700000, 0x00000000e4700000| Untracked 
|  72|0x00000000e4800000, 0x00000000e4800000, 0x00000000e4900000|  0%| F|  |TAMS 0x00000000e4800000, 0x00000000e4800000| Untracked 
|  73|0x00000000e4900000, 0x00000000e4900000, 0x00000000e4a00000|  0%| F|  |TAMS 0x00000000e4900000, 0x00000000e4900000| Untracked 
|  74|0x00000000e4a00000, 0x00000000e4a00000, 0x00000000e4b00000|  0%| F|  |TAMS 0x00000000e4a00000, 0x00000000e4a00000| Untracked 
|  75|0x00000000e4b00000, 0x00000000e4b00000, 0x00000000e4c00000|  0%| F|  |TAMS 0x00000000e4b00000, 0x00000000e4b00000| Untracked 
|  76|0x00000000e4c00000, 0x00000000e4c00000, 0x00000000e4d00000|  0%| F|  |TAMS 0x00000000e4c00000, 0x00000000e4c00000| Untracked 
|  77|0x00000000e4d00000, 0x00000000e4d00000, 0x00000000e4e00000|  0%| F|  |TAMS 0x00000000e4d00000, 0x00000000e4d00000| Untracked 
|  78|0x00000000e4e00000, 0x00000000e4e00000, 0x00000000e4f00000|  0%| F|  |TAMS 0x00000000e4e00000, 0x00000000e4e00000| Untracked 
|  79|0x00000000e4f00000, 0x00000000e4f00000, 0x00000000e5000000|  0%| F|  |TAMS 0x00000000e4f00000, 0x00000000e4f00000| Untracked 
|  80|0x00000000e5000000, 0x00000000e5000000, 0x00000000e5100000|  0%| F|  |TAMS 0x00000000e5000000, 0x00000000e5000000| Untracked 
|  81|0x00000000e5100000, 0x00000000e5100000, 0x00000000e5200000|  0%| F|  |TAMS 0x00000000e5100000, 0x00000000e5100000| Untracked 
|  82|0x00000000e5200000, 0x00000000e5200000, 0x00000000e5300000|  0%| F|  |TAMS 0x00000000e5200000, 0x00000000e5200000| Untracked 
|  83|0x00000000e5300000, 0x00000000e5300000, 0x00000000e5400000|  0%| F|  |TAMS 0x00000000e5300000, 0x00000000e5300000| Untracked 
|  84|0x00000000e5400000, 0x00000000e5400000, 0x00000000e5500000|  0%| F|  |TAMS 0x00000000e5400000, 0x00000000e5400000| Untracked 
|  85|0x00000000e5500000, 0x00000000e5500000, 0x00000000e5600000|  0%| F|  |TAMS 0x00000000e5500000, 0x00000000e5500000| Untracked 
|  86|0x00000000e5600000, 0x00000000e5600000, 0x00000000e5700000|  0%| F|  |TAMS 0x00000000e5600000, 0x00000000e5600000| Untracked 
|  87|0x00000000e5700000, 0x00000000e5700000, 0x00000000e5800000|  0%| F|  |TAMS 0x00000000e5700000, 0x00000000e5700000| Untracked 
|  88|0x00000000e5800000, 0x00000000e5800000, 0x00000000e5900000|  0%| F|  |TAMS 0x00000000e5800000, 0x00000000e5800000| Untracked 
|  89|0x00000000e5900000, 0x00000000e5900000, 0x00000000e5a00000|  0%| F|  |TAMS 0x00000000e5900000, 0x00000000e5900000| Untracked 
|  90|0x00000000e5a00000, 0x00000000e5a00000, 0x00000000e5b00000|  0%| F|  |TAMS 0x00000000e5a00000, 0x00000000e5a00000| Untracked 
|  91|0x00000000e5b00000, 0x00000000e5b00000, 0x00000000e5c00000|  0%| F|  |TAMS 0x00000000e5b00000, 0x00000000e5b00000| Untracked 
|  92|0x00000000e5c00000, 0x00000000e5c00000, 0x00000000e5d00000|  0%| F|  |TAMS 0x00000000e5c00000, 0x00000000e5c00000| Untracked 
|  93|0x00000000e5d00000, 0x00000000e5d00000, 0x00000000e5e00000|  0%| F|  |TAMS 0x00000000e5d00000, 0x00000000e5d00000| Untracked 
|  94|0x00000000e5e00000, 0x00000000e5e00000, 0x00000000e5f00000|  0%| F|  |TAMS 0x00000000e5e00000, 0x00000000e5e00000| Untracked 
|  95|0x00000000e5f00000, 0x00000000e5f00000, 0x00000000e6000000|  0%| F|  |TAMS 0x00000000e5f00000, 0x00000000e5f00000| Untracked 
|  96|0x00000000e6000000, 0x00000000e6000000, 0x00000000e6100000|  0%| F|  |TAMS 0x00000000e6000000, 0x00000000e6000000| Untracked 
|  97|0x00000000e6100000, 0x00000000e6100000, 0x00000000e6200000|  0%| F|  |TAMS 0x00000000e6100000, 0x00000000e6100000| Untracked 
|  98|0x00000000e6200000, 0x00000000e6200000, 0x00000000e6300000|  0%| F|  |TAMS 0x00000000e6200000, 0x00000000e6200000| Untracked 
|  99|0x00000000e6300000, 0x00000000e6300000, 0x00000000e6400000|  0%| F|  |TAMS 0x00000000e6300000, 0x00000000e6300000| Untracked 
| 100|0x00000000e6400000, 0x00000000e6400000, 0x00000000e6500000|  0%| F|  |TAMS 0x00000000e6400000, 0x00000000e6400000| Untracked 
| 101|0x00000000e6500000, 0x00000000e6500000, 0x00000000e6600000|  0%| F|  |TAMS 0x00000000e6500000, 0x00000000e6500000| Untracked 
| 102|0x00000000e6600000, 0x00000000e6600000, 0x00000000e6700000|  0%| F|  |TAMS 0x00000000e6600000, 0x00000000e6600000| Untracked 
| 103|0x00000000e6700000, 0x00000000e6700000, 0x00000000e6800000|  0%| F|  |TAMS 0x00000000e6700000, 0x00000000e6700000| Untracked 
| 104|0x00000000e6800000, 0x00000000e6800000, 0x00000000e6900000|  0%| F|  |TAMS 0x00000000e6800000, 0x00000000e6800000| Untracked 
| 105|0x00000000e6900000, 0x00000000e6900000, 0x00000000e6a00000|  0%| F|  |TAMS 0x00000000e6900000, 0x00000000e6900000| Untracked 
| 106|0x00000000e6a00000, 0x00000000e6a00000, 0x00000000e6b00000|  0%| F|  |TAMS 0x00000000e6a00000, 0x00000000e6a00000| Untracked 
| 107|0x00000000e6b00000, 0x00000000e6b00000, 0x00000000e6c00000|  0%| F|  |TAMS 0x00000000e6b00000, 0x00000000e6b00000| Untracked 
| 108|0x00000000e6c00000, 0x00000000e6c00000, 0x00000000e6d00000|  0%| F|  |TAMS 0x00000000e6c00000, 0x00000000e6c00000| Untracked 
| 109|0x00000000e6d00000, 0x00000000e6d00000, 0x00000000e6e00000|  0%| F|  |TAMS 0x00000000e6d00000, 0x00000000e6d00000| Untracked 
| 110|0x00000000e6e00000, 0x00000000e6e00000, 0x00000000e6f00000|  0%| F|  |TAMS 0x00000000e6e00000, 0x00000000e6e00000| Untracked 
| 111|0x00000000e6f00000, 0x00000000e6f00000, 0x00000000e7000000|  0%| F|  |TAMS 0x00000000e6f00000, 0x00000000e6f00000| Untracked 
| 112|0x00000000e7000000, 0x00000000e7000000, 0x00000000e7100000|  0%| F|  |TAMS 0x00000000e7000000, 0x00000000e7000000| Untracked 
| 113|0x00000000e7100000, 0x00000000e7100000, 0x00000000e7200000|  0%| F|  |TAMS 0x00000000e7100000, 0x00000000e7100000| Untracked 
| 114|0x00000000e7200000, 0x00000000e7200000, 0x00000000e7300000|  0%| F|  |TAMS 0x00000000e7200000, 0x00000000e7200000| Untracked 
| 115|0x00000000e7300000, 0x00000000e7300000, 0x00000000e7400000|  0%| F|  |TAMS 0x00000000e7300000, 0x00000000e7300000| Untracked 
| 116|0x00000000e7400000, 0x00000000e7400000, 0x00000000e7500000|  0%| F|  |TAMS 0x00000000e7400000, 0x00000000e7400000| Untracked 
| 117|0x00000000e7500000, 0x00000000e7500000, 0x00000000e7600000|  0%| F|  |TAMS 0x00000000e7500000, 0x00000000e7500000| Untracked 
| 118|0x00000000e7600000, 0x00000000e7600000, 0x00000000e7700000|  0%| F|  |TAMS 0x00000000e7600000, 0x00000000e7600000| Untracked 
| 119|0x00000000e7700000, 0x00000000e7700000, 0x00000000e7800000|  0%| F|  |TAMS 0x00000000e7700000, 0x00000000e7700000| Untracked 
| 120|0x00000000e7800000, 0x00000000e7800000, 0x00000000e7900000|  0%| F|  |TAMS 0x00000000e7800000, 0x00000000e7800000| Untracked 
| 121|0x00000000e7900000, 0x00000000e7900000, 0x00000000e7a00000|  0%| F|  |TAMS 0x00000000e7900000, 0x00000000e7900000| Untracked 
| 122|0x00000000e7a00000, 0x00000000e7a00000, 0x00000000e7b00000|  0%| F|  |TAMS 0x00000000e7a00000, 0x00000000e7a00000| Untracked 
| 123|0x00000000e7b00000, 0x00000000e7b00000, 0x00000000e7c00000|  0%| F|  |TAMS 0x00000000e7b00000, 0x00000000e7b00000| Untracked 
| 124|0x00000000e7c00000, 0x00000000e7c00000, 0x00000000e7d00000|  0%| F|  |TAMS 0x00000000e7c00000, 0x00000000e7c00000| Untracked 
| 125|0x00000000e7d00000, 0x00000000e7d00000, 0x00000000e7e00000|  0%| F|  |TAMS 0x00000000e7d00000, 0x00000000e7d00000| Untracked 
| 126|0x00000000e7e00000, 0x00000000e7e00000, 0x00000000e7f00000|  0%| F|  |TAMS 0x00000000e7e00000, 0x00000000e7e00000| Untracked 
| 127|0x00000000e7f00000, 0x00000000e7f00000, 0x00000000e8000000|  0%| F|  |TAMS 0x00000000e7f00000, 0x00000000e7f00000| Untracked 
| 128|0x00000000e8000000, 0x00000000e8000000, 0x00000000e8100000|  0%| F|  |TAMS 0x00000000e8000000, 0x00000000e8000000| Untracked 
| 129|0x00000000e8100000, 0x00000000e8100000, 0x00000000e8200000|  0%| F|  |TAMS 0x00000000e8100000, 0x00000000e8100000| Untracked 
| 130|0x00000000e8200000, 0x00000000e8200000, 0x00000000e8300000|  0%| F|  |TAMS 0x00000000e8200000, 0x00000000e8200000| Untracked 
| 131|0x00000000e8300000, 0x00000000e8300000, 0x00000000e8400000|  0%| F|  |TAMS 0x00000000e8300000, 0x00000000e8300000| Untracked 
| 132|0x00000000e8400000, 0x00000000e8400000, 0x00000000e8500000|  0%| F|  |TAMS 0x00000000e8400000, 0x00000000e8400000| Untracked 
| 133|0x00000000e8500000, 0x00000000e8500000, 0x00000000e8600000|  0%| F|  |TAMS 0x00000000e8500000, 0x00000000e8500000| Untracked 
| 134|0x00000000e8600000, 0x00000000e8600000, 0x00000000e8700000|  0%| F|  |TAMS 0x00000000e8600000, 0x00000000e8600000| Untracked 
| 135|0x00000000e8700000, 0x00000000e8700000, 0x00000000e8800000|  0%| F|  |TAMS 0x00000000e8700000, 0x00000000e8700000| Untracked 
| 136|0x00000000e8800000, 0x00000000e8800000, 0x00000000e8900000|  0%| F|  |TAMS 0x00000000e8800000, 0x00000000e8800000| Untracked 
| 137|0x00000000e8900000, 0x00000000e8900000, 0x00000000e8a00000|  0%| F|  |TAMS 0x00000000e8900000, 0x00000000e8900000| Untracked 
| 138|0x00000000e8a00000, 0x00000000e8a00000, 0x00000000e8b00000|  0%| F|  |TAMS 0x00000000e8a00000, 0x00000000e8a00000| Untracked 
| 139|0x00000000e8b00000, 0x00000000e8b00000, 0x00000000e8c00000|  0%| F|  |TAMS 0x00000000e8b00000, 0x00000000e8b00000| Untracked 
| 140|0x00000000e8c00000, 0x00000000e8c00000, 0x00000000e8d00000|  0%| F|  |TAMS 0x00000000e8c00000, 0x00000000e8c00000| Untracked 
| 141|0x00000000e8d00000, 0x00000000e8d00000, 0x00000000e8e00000|  0%| F|  |TAMS 0x00000000e8d00000, 0x00000000e8d00000| Untracked 
| 142|0x00000000e8e00000, 0x00000000e8e00000, 0x00000000e8f00000|  0%| F|  |TAMS 0x00000000e8e00000, 0x00000000e8e00000| Untracked 
| 143|0x00000000e8f00000, 0x00000000e8f00000, 0x00000000e9000000|  0%| F|  |TAMS 0x00000000e8f00000, 0x00000000e8f00000| Untracked 
| 144|0x00000000e9000000, 0x00000000e9000000, 0x00000000e9100000|  0%| F|  |TAMS 0x00000000e9000000, 0x00000000e9000000| Untracked 
| 145|0x00000000e9100000, 0x00000000e9100000, 0x00000000e9200000|  0%| F|  |TAMS 0x00000000e9100000, 0x00000000e9100000| Untracked 
| 146|0x00000000e9200000, 0x00000000e9200000, 0x00000000e9300000|  0%| F|  |TAMS 0x00000000e9200000, 0x00000000e9200000| Untracked 
| 147|0x00000000e9300000, 0x00000000e9300000, 0x00000000e9400000|  0%| F|  |TAMS 0x00000000e9300000, 0x00000000e9300000| Untracked 
| 148|0x00000000e9400000, 0x00000000e9400000, 0x00000000e9500000|  0%| F|  |TAMS 0x00000000e9400000, 0x00000000e9400000| Untracked 
| 149|0x00000000e9500000, 0x00000000e9500000, 0x00000000e9600000|  0%| F|  |TAMS 0x00000000e9500000, 0x00000000e9500000| Untracked 
| 150|0x00000000e9600000, 0x00000000e9600000, 0x00000000e9700000|  0%| F|  |TAMS 0x00000000e9600000, 0x00000000e9600000| Untracked 
| 151|0x00000000e9700000, 0x00000000e9700000, 0x00000000e9800000|  0%| F|  |TAMS 0x00000000e9700000, 0x00000000e9700000| Untracked 
| 152|0x00000000e9800000, 0x00000000e9800000, 0x00000000e9900000|  0%| F|  |TAMS 0x00000000e9800000, 0x00000000e9800000| Untracked 
| 153|0x00000000e9900000, 0x00000000e9900000, 0x00000000e9a00000|  0%| F|  |TAMS 0x00000000e9900000, 0x00000000e9900000| Untracked 
| 154|0x00000000e9a00000, 0x00000000e9a00000, 0x00000000e9b00000|  0%| F|  |TAMS 0x00000000e9a00000, 0x00000000e9a00000| Untracked 
| 155|0x00000000e9b00000, 0x00000000e9b00000, 0x00000000e9c00000|  0%| F|  |TAMS 0x00000000e9b00000, 0x00000000e9b00000| Untracked 
| 156|0x00000000e9c00000, 0x00000000e9c00000, 0x00000000e9d00000|  0%| F|  |TAMS 0x00000000e9c00000, 0x00000000e9c00000| Untracked 
| 157|0x00000000e9d00000, 0x00000000e9d00000, 0x00000000e9e00000|  0%| F|  |TAMS 0x00000000e9d00000, 0x00000000e9d00000| Untracked 
| 158|0x00000000e9e00000, 0x00000000e9e00000, 0x00000000e9f00000|  0%| F|  |TAMS 0x00000000e9e00000, 0x00000000e9e00000| Untracked 
| 159|0x00000000e9f00000, 0x00000000e9f00000, 0x00000000ea000000|  0%| F|  |TAMS 0x00000000e9f00000, 0x00000000e9f00000| Untracked 
| 160|0x00000000ea000000, 0x00000000ea000000, 0x00000000ea100000|  0%| F|  |TAMS 0x00000000ea000000, 0x00000000ea000000| Untracked 
| 161|0x00000000ea100000, 0x00000000ea100000, 0x00000000ea200000|  0%| F|  |TAMS 0x00000000ea100000, 0x00000000ea100000| Untracked 
| 162|0x00000000ea200000, 0x00000000ea200000, 0x00000000ea300000|  0%| F|  |TAMS 0x00000000ea200000, 0x00000000ea200000| Untracked 
| 163|0x00000000ea300000, 0x00000000ea300000, 0x00000000ea400000|  0%| F|  |TAMS 0x00000000ea300000, 0x00000000ea300000| Untracked 
| 164|0x00000000ea400000, 0x00000000ea400000, 0x00000000ea500000|  0%| F|  |TAMS 0x00000000ea400000, 0x00000000ea400000| Untracked 
| 165|0x00000000ea500000, 0x00000000ea500000, 0x00000000ea600000|  0%| F|  |TAMS 0x00000000ea500000, 0x00000000ea500000| Untracked 
| 166|0x00000000ea600000, 0x00000000ea600000, 0x00000000ea700000|  0%| F|  |TAMS 0x00000000ea600000, 0x00000000ea600000| Untracked 
| 167|0x00000000ea700000, 0x00000000ea700000, 0x00000000ea800000|  0%| F|  |TAMS 0x00000000ea700000, 0x00000000ea700000| Untracked 
| 168|0x00000000ea800000, 0x00000000ea800000, 0x00000000ea900000|  0%| F|  |TAMS 0x00000000ea800000, 0x00000000ea800000| Untracked 
| 169|0x00000000ea900000, 0x00000000ea900000, 0x00000000eaa00000|  0%| F|  |TAMS 0x00000000ea900000, 0x00000000ea900000| Untracked 
| 170|0x00000000eaa00000, 0x00000000eaa00000, 0x00000000eab00000|  0%| F|  |TAMS 0x00000000eaa00000, 0x00000000eaa00000| Untracked 
| 171|0x00000000eab00000, 0x00000000eab00000, 0x00000000eac00000|  0%| F|  |TAMS 0x00000000eab00000, 0x00000000eab00000| Untracked 
| 172|0x00000000eac00000, 0x00000000eac00000, 0x00000000ead00000|  0%| F|  |TAMS 0x00000000eac00000, 0x00000000eac00000| Untracked 
| 173|0x00000000ead00000, 0x00000000ead00000, 0x00000000eae00000|  0%| F|  |TAMS 0x00000000ead00000, 0x00000000ead00000| Untracked 
| 174|0x00000000eae00000, 0x00000000eae00000, 0x00000000eaf00000|  0%| F|  |TAMS 0x00000000eae00000, 0x00000000eae00000| Untracked 
| 175|0x00000000eaf00000, 0x00000000eaf00000, 0x00000000eb000000|  0%| F|  |TAMS 0x00000000eaf00000, 0x00000000eaf00000| Untracked 
| 176|0x00000000eb000000, 0x00000000eb000000, 0x00000000eb100000|  0%| F|  |TAMS 0x00000000eb000000, 0x00000000eb000000| Untracked 
| 177|0x00000000eb100000, 0x00000000eb100000, 0x00000000eb200000|  0%| F|  |TAMS 0x00000000eb100000, 0x00000000eb100000| Untracked 
| 178|0x00000000eb200000, 0x00000000eb200000, 0x00000000eb300000|  0%| F|  |TAMS 0x00000000eb200000, 0x00000000eb200000| Untracked 
| 179|0x00000000eb300000, 0x00000000eb300000, 0x00000000eb400000|  0%| F|  |TAMS 0x00000000eb300000, 0x00000000eb300000| Untracked 
| 180|0x00000000eb400000, 0x00000000eb400000, 0x00000000eb500000|  0%| F|  |TAMS 0x00000000eb400000, 0x00000000eb400000| Untracked 
| 181|0x00000000eb500000, 0x00000000eb500000, 0x00000000eb600000|  0%| F|  |TAMS 0x00000000eb500000, 0x00000000eb500000| Untracked 
| 182|0x00000000eb600000, 0x00000000eb600000, 0x00000000eb700000|  0%| F|  |TAMS 0x00000000eb600000, 0x00000000eb600000| Untracked 
| 183|0x00000000eb700000, 0x00000000eb700000, 0x00000000eb800000|  0%| F|  |TAMS 0x00000000eb700000, 0x00000000eb700000| Untracked 
| 184|0x00000000eb800000, 0x00000000eb800000, 0x00000000eb900000|  0%| F|  |TAMS 0x00000000eb800000, 0x00000000eb800000| Untracked 
| 185|0x00000000eb900000, 0x00000000eb900000, 0x00000000eba00000|  0%| F|  |TAMS 0x00000000eb900000, 0x00000000eb900000| Untracked 
| 186|0x00000000eba00000, 0x00000000eba00000, 0x00000000ebb00000|  0%| F|  |TAMS 0x00000000eba00000, 0x00000000eba00000| Untracked 
| 187|0x00000000ebb00000, 0x00000000ebb00000, 0x00000000ebc00000|  0%| F|  |TAMS 0x00000000ebb00000, 0x00000000ebb00000| Untracked 
| 188|0x00000000ebc00000, 0x00000000ebc00000, 0x00000000ebd00000|  0%| F|  |TAMS 0x00000000ebc00000, 0x00000000ebc00000| Untracked 
| 189|0x00000000ebd00000, 0x00000000ebd80000, 0x00000000ebe00000| 50%| S|CS|TAMS 0x00000000ebd00000, 0x00000000ebd00000| Complete 
| 190|0x00000000ebe00000, 0x00000000ebf00000, 0x00000000ebf00000|100%| S|CS|TAMS 0x00000000ebe00000, 0x00000000ebe00000| Complete 
| 191|0x00000000ebf00000, 0x00000000ec000000, 0x00000000ec000000|100%| S|CS|TAMS 0x00000000ebf00000, 0x00000000ebf00000| Complete 
| 192|0x00000000ec000000, 0x00000000ec100000, 0x00000000ec100000|100%| S|CS|TAMS 0x00000000ec000000, 0x00000000ec000000| Complete 
| 193|0x00000000ec100000, 0x00000000ec200000, 0x00000000ec200000|100%| S|CS|TAMS 0x00000000ec100000, 0x00000000ec100000| Complete 
| 194|0x00000000ec200000, 0x00000000ec300000, 0x00000000ec300000|100%| S|CS|TAMS 0x00000000ec200000, 0x00000000ec200000| Complete 
| 195|0x00000000ec300000, 0x00000000ec400000, 0x00000000ec400000|100%| S|CS|TAMS 0x00000000ec300000, 0x00000000ec300000| Complete 
| 196|0x00000000ec400000, 0x00000000ec500000, 0x00000000ec500000|100%| S|CS|TAMS 0x00000000ec400000, 0x00000000ec400000| Complete 
| 197|0x00000000ec500000, 0x00000000ec600000, 0x00000000ec600000|100%| S|CS|TAMS 0x00000000ec500000, 0x00000000ec500000| Complete 
| 198|0x00000000ec600000, 0x00000000ec700000, 0x00000000ec700000|100%| S|CS|TAMS 0x00000000ec600000, 0x00000000ec600000| Complete 
| 199|0x00000000ec700000, 0x00000000ec800000, 0x00000000ec800000|100%| S|CS|TAMS 0x00000000ec700000, 0x00000000ec700000| Complete 
| 200|0x00000000ec800000, 0x00000000ec900000, 0x00000000ec900000|100%| S|CS|TAMS 0x00000000ec800000, 0x00000000ec800000| Complete 
| 201|0x00000000ec900000, 0x00000000eca00000, 0x00000000eca00000|100%| S|CS|TAMS 0x00000000ec900000, 0x00000000ec900000| Complete 
| 202|0x00000000eca00000, 0x00000000ecb00000, 0x00000000ecb00000|100%| S|CS|TAMS 0x00000000eca00000, 0x00000000eca00000| Complete 
| 203|0x00000000ecb00000, 0x00000000ecc00000, 0x00000000ecc00000|100%| S|CS|TAMS 0x00000000ecb00000, 0x00000000ecb00000| Complete 
| 204|0x00000000ecc00000, 0x00000000ecd00000, 0x00000000ecd00000|100%| S|CS|TAMS 0x00000000ecc00000, 0x00000000ecc00000| Complete 
| 205|0x00000000ecd00000, 0x00000000ece00000, 0x00000000ece00000|100%| S|CS|TAMS 0x00000000ecd00000, 0x00000000ecd00000| Complete 
| 206|0x00000000ece00000, 0x00000000ece00000, 0x00000000ecf00000|  0%| F|  |TAMS 0x00000000ece00000, 0x00000000ece00000| Untracked 
| 207|0x00000000ecf00000, 0x00000000ecf00000, 0x00000000ed000000|  0%| F|  |TAMS 0x00000000ecf00000, 0x00000000ecf00000| Untracked 
| 208|0x00000000ed000000, 0x00000000ed000000, 0x00000000ed100000|  0%| F|  |TAMS 0x00000000ed000000, 0x00000000ed000000| Untracked 
| 209|0x00000000ed100000, 0x00000000ed100000, 0x00000000ed200000|  0%| F|  |TAMS 0x00000000ed100000, 0x00000000ed100000| Untracked 
| 210|0x00000000ed200000, 0x00000000ed200000, 0x00000000ed300000|  0%| F|  |TAMS 0x00000000ed200000, 0x00000000ed200000| Untracked 
| 211|0x00000000ed300000, 0x00000000ed300000, 0x00000000ed400000|  0%| F|  |TAMS 0x00000000ed300000, 0x00000000ed300000| Untracked 
| 212|0x00000000ed400000, 0x00000000ed400000, 0x00000000ed500000|  0%| F|  |TAMS 0x00000000ed400000, 0x00000000ed400000| Untracked 
| 213|0x00000000ed500000, 0x00000000ed600000, 0x00000000ed600000|100%| E|  |TAMS 0x00000000ed500000, 0x00000000ed500000| Complete 
| 214|0x00000000ed600000, 0x00000000ed700000, 0x00000000ed700000|100%| E|CS|TAMS 0x00000000ed600000, 0x00000000ed600000| Complete 
| 215|0x00000000ed700000, 0x00000000ed800000, 0x00000000ed800000|100%| E|CS|TAMS 0x00000000ed700000, 0x00000000ed700000| Complete 
| 216|0x00000000ed800000, 0x00000000ed900000, 0x00000000ed900000|100%| E|CS|TAMS 0x00000000ed800000, 0x00000000ed800000| Complete 
| 217|0x00000000ed900000, 0x00000000eda00000, 0x00000000eda00000|100%| E|CS|TAMS 0x00000000ed900000, 0x00000000ed900000| Complete 
| 218|0x00000000eda00000, 0x00000000edb00000, 0x00000000edb00000|100%| E|CS|TAMS 0x00000000eda00000, 0x00000000eda00000| Complete 
| 219|0x00000000edb00000, 0x00000000edc00000, 0x00000000edc00000|100%| E|CS|TAMS 0x00000000edb00000, 0x00000000edb00000| Complete 
| 220|0x00000000edc00000, 0x00000000edd00000, 0x00000000edd00000|100%| E|CS|TAMS 0x00000000edc00000, 0x00000000edc00000| Complete 
| 221|0x00000000edd00000, 0x00000000ede00000, 0x00000000ede00000|100%| E|CS|TAMS 0x00000000edd00000, 0x00000000edd00000| Complete 
| 222|0x00000000ede00000, 0x00000000edf00000, 0x00000000edf00000|100%| E|CS|TAMS 0x00000000ede00000, 0x00000000ede00000| Complete 
| 223|0x00000000edf00000, 0x00000000ee000000, 0x00000000ee000000|100%| E|CS|TAMS 0x00000000edf00000, 0x00000000edf00000| Complete 
| 224|0x00000000ee000000, 0x00000000ee100000, 0x00000000ee100000|100%| E|CS|TAMS 0x00000000ee000000, 0x00000000ee000000| Complete 
| 225|0x00000000ee100000, 0x00000000ee200000, 0x00000000ee200000|100%| E|CS|TAMS 0x00000000ee100000, 0x00000000ee100000| Complete 
| 226|0x00000000ee200000, 0x00000000ee300000, 0x00000000ee300000|100%| E|CS|TAMS 0x00000000ee200000, 0x00000000ee200000| Complete 
| 227|0x00000000ee300000, 0x00000000ee400000, 0x00000000ee400000|100%| E|CS|TAMS 0x00000000ee300000, 0x00000000ee300000| Complete 
| 228|0x00000000ee400000, 0x00000000ee500000, 0x00000000ee500000|100%| E|CS|TAMS 0x00000000ee400000, 0x00000000ee400000| Complete 
| 229|0x00000000ee500000, 0x00000000ee600000, 0x00000000ee600000|100%| E|CS|TAMS 0x00000000ee500000, 0x00000000ee500000| Complete 
| 230|0x00000000ee600000, 0x00000000ee700000, 0x00000000ee700000|100%| E|CS|TAMS 0x00000000ee600000, 0x00000000ee600000| Complete 
| 231|0x00000000ee700000, 0x00000000ee800000, 0x00000000ee800000|100%| E|CS|TAMS 0x00000000ee700000, 0x00000000ee700000| Complete 
| 232|0x00000000ee800000, 0x00000000ee900000, 0x00000000ee900000|100%| E|CS|TAMS 0x00000000ee800000, 0x00000000ee800000| Complete 
| 233|0x00000000ee900000, 0x00000000eea00000, 0x00000000eea00000|100%| E|CS|TAMS 0x00000000ee900000, 0x00000000ee900000| Complete 
| 234|0x00000000eea00000, 0x00000000eeb00000, 0x00000000eeb00000|100%| E|CS|TAMS 0x00000000eea00000, 0x00000000eea00000| Complete 
| 235|0x00000000eeb00000, 0x00000000eec00000, 0x00000000eec00000|100%| E|CS|TAMS 0x00000000eeb00000, 0x00000000eeb00000| Complete 
| 236|0x00000000eec00000, 0x00000000eed00000, 0x00000000eed00000|100%| E|CS|TAMS 0x00000000eec00000, 0x00000000eec00000| Complete 
| 237|0x00000000eed00000, 0x00000000eee00000, 0x00000000eee00000|100%| E|CS|TAMS 0x00000000eed00000, 0x00000000eed00000| Complete 
| 238|0x00000000eee00000, 0x00000000eef00000, 0x00000000eef00000|100%| E|CS|TAMS 0x00000000eee00000, 0x00000000eee00000| Complete 
| 239|0x00000000eef00000, 0x00000000ef000000, 0x00000000ef000000|100%| E|CS|TAMS 0x00000000eef00000, 0x00000000eef00000| Complete 
| 240|0x00000000ef000000, 0x00000000ef100000, 0x00000000ef100000|100%| E|CS|TAMS 0x00000000ef000000, 0x00000000ef000000| Complete 
| 241|0x00000000ef100000, 0x00000000ef200000, 0x00000000ef200000|100%| E|CS|TAMS 0x00000000ef100000, 0x00000000ef100000| Complete 
| 242|0x00000000ef200000, 0x00000000ef300000, 0x00000000ef300000|100%| E|CS|TAMS 0x00000000ef200000, 0x00000000ef200000| Complete 
| 243|0x00000000ef300000, 0x00000000ef400000, 0x00000000ef400000|100%| E|CS|TAMS 0x00000000ef300000, 0x00000000ef300000| Complete 
| 244|0x00000000ef400000, 0x00000000ef500000, 0x00000000ef500000|100%| E|CS|TAMS 0x00000000ef400000, 0x00000000ef400000| Complete 
| 245|0x00000000ef500000, 0x00000000ef600000, 0x00000000ef600000|100%| E|CS|TAMS 0x00000000ef500000, 0x00000000ef500000| Complete 
| 246|0x00000000ef600000, 0x00000000ef700000, 0x00000000ef700000|100%| E|CS|TAMS 0x00000000ef600000, 0x00000000ef600000| Complete 
| 247|0x00000000ef700000, 0x00000000ef800000, 0x00000000ef800000|100%| E|CS|TAMS 0x00000000ef700000, 0x00000000ef700000| Complete 
| 248|0x00000000ef800000, 0x00000000ef900000, 0x00000000ef900000|100%| E|CS|TAMS 0x00000000ef800000, 0x00000000ef800000| Complete 
| 249|0x00000000ef900000, 0x00000000efa00000, 0x00000000efa00000|100%| E|CS|TAMS 0x00000000ef900000, 0x00000000ef900000| Complete 
| 250|0x00000000efa00000, 0x00000000efb00000, 0x00000000efb00000|100%| E|CS|TAMS 0x00000000efa00000, 0x00000000efa00000| Complete 
| 251|0x00000000efb00000, 0x00000000efc00000, 0x00000000efc00000|100%| E|CS|TAMS 0x00000000efb00000, 0x00000000efb00000| Complete 
| 252|0x00000000efc00000, 0x00000000efd00000, 0x00000000efd00000|100%| E|CS|TAMS 0x00000000efc00000, 0x00000000efc00000| Complete 
| 253|0x00000000efd00000, 0x00000000efe00000, 0x00000000efe00000|100%| E|CS|TAMS 0x00000000efd00000, 0x00000000efd00000| Complete 
| 254|0x00000000efe00000, 0x00000000eff00000, 0x00000000eff00000|100%| E|CS|TAMS 0x00000000efe00000, 0x00000000efe00000| Complete 
| 255|0x00000000eff00000, 0x00000000f0000000, 0x00000000f0000000|100%| E|CS|TAMS 0x00000000eff00000, 0x00000000eff00000| Complete 

Card table byte_map: [0x000002b5705d0000,0x000002b5706d0000] _byte_map_base: 0x000002b56fed0000

Marking Bits (Prev, Next): (CMBitMap*) 0x000002b5592cf6f0, (CMBitMap*) 0x000002b5592cf6b8
 Prev Bits: [0x000002b570fd0000, 0x000002b5717d0000)
 Next Bits: [0x000002b5707d0000, 0x000002b570fd0000)

Polling page: 0x000002b5571b0000

Metaspace:

Usage:
  Non-class:     54.37 MB capacity,    53.47 MB ( 98%) used,   802.48 KB (  1%) free+waste,   117.06 KB ( <1%) overhead. 
      Class:      8.05 MB capacity,     7.61 MB ( 95%) used,   396.55 KB (  5%) free+waste,    51.75 KB ( <1%) overhead. 
       Both:     62.42 MB capacity,    61.09 MB ( 98%) used,     1.17 MB (  2%) free+waste,   168.81 KB ( <1%) overhead. 

Virtual space:
  Non-class space:       56.00 MB reserved,      54.50 MB ( 97%) committed 
      Class space:      248.00 MB reserved,       8.07 MB (  3%) committed 
             Both:      304.00 MB reserved,      62.57 MB ( 21%) committed 

Chunk freelists:
   Non-Class:  640 bytes
       Class:  1.25 KB
        Both:  1.88 KB

CodeHeap 'non-profiled nmethods': size=120064Kb used=5159Kb max_used=5159Kb free=114904Kb
 bounds [0x000002b569090000, 0x000002b5695a0000, 0x000002b5705d0000]
CodeHeap 'profiled nmethods': size=120000Kb used=17931Kb max_used=17931Kb free=102068Kb
 bounds [0x000002b561b60000, 0x000002b562cf0000, 0x000002b569090000]
CodeHeap 'non-nmethods': size=5696Kb used=2326Kb max_used=2381Kb free=3369Kb
 bounds [0x000002b5615d0000, 0x000002b561840000, 0x000002b561b60000]
 total_blobs=10274 nmethods=7464 adapters=746
 compilation: enabled
              stopped_count=0, restarted_count=0
 full_count=0

Compilation events (10 events):
Event: 67.574 Thread 0x000002b574766000 7672       3       java.lang.ProcessEnvironment$CheckedEntry::getValue (5 bytes)
Event: 67.574 Thread 0x000002b574766000 nmethod 7672 0x000002b562ce4310 code [0x000002b562ce44e0, 0x000002b562ce4870]
Event: 67.574 Thread 0x000002b574766000 7673       3       java.lang.ProcessEnvironment$CheckedEntry::getValue (13 bytes)
Event: 67.575 Thread 0x000002b574766000 nmethod 7673 0x000002b562ce4990 code [0x000002b562ce4b60, 0x000002b562ce4e70]
Event: 67.575 Thread 0x000002b574766000 7674       3       java.lang.ProcessEnvironment$EntryComparator::compare (13 bytes)
Event: 67.576 Thread 0x000002b574766000 nmethod 7674 0x000002b562ce4f90 code [0x000002b562ce51a0, 0x000002b562ce5930]
Event: 67.576 Thread 0x000002b574766000 7675       3       java.lang.ProcessEnvironment$EntryComparator::compare (25 bytes)
Event: 67.577 Thread 0x000002b574766000 nmethod 7675 0x000002b562ce5b10 code [0x000002b562ce5d00, 0x000002b562ce6210]
Event: 67.881 Thread 0x000002b57ccca800 nmethod 7596 0x000002b56958ca10 code [0x000002b56958cf20, 0x000002b569593240]
Event: 67.881 Thread 0x000002b57ccca800 7606       4       io.spring.gradle.dependencymanagement.org.apache.maven.model.validation.DefaultModelValidator::validateEffectiveDependency (644 bytes)

GC Heap History (10 events):
Event: 21.949 GC heap before
{Heap before GC invocations=6 (full 0):
 garbage-first heap   total 262144K, used 63387K [0x00000000e0000000, 0x0000000100000000)
  region size 1024K, 52 young (53248K), 4 survivors (4096K)
 Metaspace       used 28286K, capacity 28825K, committed 29184K, reserved 280576K
  class space    used 3533K, capacity 3717K, committed 3840K, reserved 253952K
}
Event: 21.971 GC heap after
{Heap after GC invocations=7 (full 0):
 garbage-first heap   total 262144K, used 17600K [0x00000000e0000000, 0x0000000100000000)
  region size 1024K, 6 young (6144K), 6 survivors (6144K)
 Metaspace       used 28286K, capacity 28825K, committed 29184K, reserved 280576K
  class space    used 3533K, capacity 3717K, committed 3840K, reserved 253952K
}
Event: 26.010 GC heap before
{Heap before GC invocations=7 (full 0):
 garbage-first heap   total 262144K, used 50368K [0x00000000e0000000, 0x0000000100000000)
  region size 1024K, 37 young (37888K), 6 survivors (6144K)
 Metaspace       used 35141K, capacity 35709K, committed 35840K, reserved 286720K
  class space    used 4191K, capacity 4405K, committed 4480K, reserved 253952K
}
Event: 26.059 GC heap after
{Heap after GC invocations=8 (full 0):
 garbage-first heap   total 262144K, used 20263K [0x00000000e0000000, 0x0000000100000000)
  region size 1024K, 8 young (8192K), 8 survivors (8192K)
 Metaspace       used 35141K, capacity 35709K, committed 35840K, reserved 286720K
  class space    used 4191K, capacity 4405K, committed 4480K, reserved 253952K
}
Event: 41.357 GC heap before
{Heap before GC invocations=9 (full 0):
 garbage-first heap   total 262144K, used 168743K [0x00000000e0000000, 0x0000000100000000)
  region size 1024K, 153 young (156672K), 8 survivors (8192K)
 Metaspace       used 48220K, capacity 49178K, committed 49408K, reserved 296960K
  class space    used 6075K, capacity 6359K, committed 6400K, reserved 253952K
}
Event: 41.425 GC heap after
{Heap after GC invocations=10 (full 0):
 garbage-first heap   total 262144K, used 28455K [0x00000000e0000000, 0x0000000100000000)
  region size 1024K, 16 young (16384K), 16 survivors (16384K)
 Metaspace       used 48220K, capacity 49178K, committed 49408K, reserved 296960K
  class space    used 6075K, capacity 6359K, committed 6400K, reserved 253952K
}
Event: 55.932 GC heap before
{Heap before GC invocations=10 (full 0):
 garbage-first heap   total 262144K, used 168743K [0x00000000e0000000, 0x0000000100000000)
  region size 1024K, 153 young (156672K), 16 survivors (16384K)
 Metaspace       used 52941K, capacity 54037K, committed 54144K, reserved 301056K
  class space    used 6618K, capacity 6984K, committed 7040K, reserved 253952K
}
Event: 56.010 GC heap after
{Heap after GC invocations=11 (full 0):
 garbage-first heap   total 262144K, used 37282K [0x00000000e0000000, 0x0000000100000000)
  region size 1024K, 17 young (17408K), 17 survivors (17408K)
 Metaspace       used 52941K, capacity 54037K, committed 54144K, reserved 301056K
  class space    used 6618K, capacity 6984K, committed 7040K, reserved 253952K
}
Event: 60.957 GC heap before
{Heap before GC invocations=11 (full 0):
 garbage-first heap   total 262144K, used 87458K [0x00000000e0000000, 0x0000000100000000)
  region size 1024K, 67 young (68608K), 17 survivors (17408K)
 Metaspace       used 58971K, capacity 60123K, committed 60160K, reserved 307200K
  class space    used 7414K, capacity 7799K, committed 7808K, reserved 253952K
}
Event: 61.091 GC heap after
{Heap after GC invocations=12 (full 0):
 garbage-first heap   total 262144K, used 45343K [0x00000000e0000000, 0x0000000100000000)
  region size 1024K, 17 young (17408K), 17 survivors (17408K)
 Metaspace       used 58971K, capacity 60123K, committed 60160K, reserved 307200K
  class space    used 7414K, capacity 7799K, committed 7808K, reserved 253952K
}

Deoptimization events (10 events):
Event: 64.703 Thread 0x000002b5756dc000 Uncommon trap: reason=unstable_if action=reinterpret pc=0x000002b569541e54 method=java.nio.file.FileTreeWalker.getAttributes(Ljava/nio/file/Path;Z)Ljava/nio/file/attribute/BasicFileAttributes; @ 8 c2
Event: 64.792 Thread 0x000002b5756dc000 Uncommon trap: reason=bimorphic_or_optimized_type_check action=maybe_recompile pc=0x000002b56920b850 method=java.util.Collections$SetFromMap.remove(Ljava/lang/Object;)Z @ 5 c2
Event: 64.802 Thread 0x000002b5756e1000 Uncommon trap: reason=unstable_if action=reinterpret pc=0x000002b5694e36c0 method=com.google.common.collect.MapMakerInternalMap$Segment.drainKeyReferenceQueue(Ljava/lang/ref/ReferenceQueue;)V @ 8 c2
Event: 64.843 Thread 0x000002b5756dc000 Uncommon trap: reason=bimorphic_or_optimized_type_check action=maybe_recompile pc=0x000002b56920b850 method=java.util.Collections$SetFromMap.remove(Ljava/lang/Object;)Z @ 5 c2
Event: 64.849 Thread 0x000002b5756dc000 Uncommon trap: reason=bimorphic_or_optimized_type_check action=maybe_recompile pc=0x000002b56920b850 method=java.util.Collections$SetFromMap.remove(Ljava/lang/Object;)Z @ 5 c2
Event: 64.856 Thread 0x000002b5756dc000 Uncommon trap: reason=speculate_class_check action=maybe_recompile pc=0x000002b56935a1ec method=jdk.internal.loader.Resource.cachedInputStream()Ljava/io/InputStream; @ 9 c2
Event: 64.857 Thread 0x000002b5756dc000 Uncommon trap: reason=speculate_class_check action=maybe_recompile pc=0x000002b569368860 method=jdk.internal.loader.Resource.getBytes()[B @ 10 c2
Event: 64.973 Thread 0x000002b5756dc000 Uncommon trap: reason=unstable_if action=reinterpret pc=0x000002b5692bb1d8 method=sun.net.www.ParseUtil.encodePath(Ljava/lang/String;Z)Ljava/lang/String; @ 1 c2
Event: 66.445 Thread 0x000002b5756dc000 Uncommon trap: reason=bimorphic_or_optimized_type_check action=maybe_recompile pc=0x000002b56935711c method=java.util.regex.Pattern$Branch.match(Ljava/util/regex/Matcher;ILjava/lang/CharSequence;)Z @ 50 c2
Event: 67.275 Thread 0x000002b5756dc000 Uncommon trap: reason=unstable_if action=reinterpret pc=0x000002b5693dcfdc method=java.util.HashMap$HashIterator.<init>(Ljava/util/HashMap;)V @ 45 c2

Classes redefined (0 events):
No events

Internal exceptions (10 events):
Event: 64.899 Thread 0x000002b5756dc000 Exception <a 'java/lang/ClassNotFoundException'{0x00000000ee51d828}: java/util/AbstractListCustomizer> (0x00000000ee51d828) thrown at [t:/workspace/open/src/hotspot/share/classfile/systemDictionary.cpp, line 231]
Event: 64.910 Thread 0x000002b5756dc000 Exception <a 'java/lang/ClassNotFoundException'{0x00000000ee52d008}: java/util/ArrayListCustomizer> (0x00000000ee52d008) thrown at [t:/workspace/open/src/hotspot/share/classfile/systemDictionary.cpp, line 231]
Event: 64.944 Thread 0x000002b5756dc000 Exception <a 'java/lang/ClassNotFoundException'{0x00000000ee57b5d0}: com/intellij/openapi/externalSystem/rt/execution/ForkedDebuggerHelperBeanInfo> (0x00000000ee57b5d0) thrown at [t:/workspace/open/src/hotspot/share/classfile/systemDictionary.cpp, line 23
Event: 64.948 Thread 0x000002b5756dc000 Exception <a 'java/lang/ClassNotFoundException'{0x00000000ee584cd0}: com/intellij/openapi/externalSystem/rt/execution/ForkedDebuggerHelperCustomizer> (0x00000000ee584cd0) thrown at [t:/workspace/open/src/hotspot/share/classfile/systemDictionary.cpp, line 
Event: 65.627 Thread 0x000002b5756df800 Exception <a 'java/lang/NoSuchMethodError'{0x00000000ee409c20}: java.lang.invoke.DirectMethodHandle$Holder.invokeStatic(Ljava/lang/Object;J)V> (0x00000000ee409c20) thrown at [t:/workspace/open/src/hotspot/share/interpreter/linkResolver.cpp, line 772]
Event: 65.630 Thread 0x000002b5756df800 Exception <a 'java/lang/NoSuchMethodError'{0x00000000ee40ee30}: java.lang.invoke.DirectMethodHandle$Holder.invokeStatic(Ljava/lang/Object;J)Ljava/lang/Object;> (0x00000000ee40ee30) thrown at [t:/workspace/open/src/hotspot/share/interpreter/linkResolver.cp
Event: 65.631 Thread 0x000002b5756df800 Exception <a 'java/lang/NoSuchMethodError'{0x00000000ee414f08}: java.lang.invoke.Invokers$Holder.linkToTargetMethod(JLjava/lang/Object;)Ljava/lang/Object;> (0x00000000ee414f08) thrown at [t:/workspace/open/src/hotspot/share/interpreter/linkResolver.cpp, l
Event: 65.689 Thread 0x000002b5756df800 Exception <a 'java/lang/NoSuchMethodError'{0x00000000ee41d1a0}: java.lang.invoke.DirectMethodHandle$Holder.invokeStaticInit(Ljava/lang/Object;Ljava/lang/Object;JLjava/lang/Object;)Ljava/lang/Object;> (0x00000000ee41d1a0) thrown at [t:/workspace/open/src/h
Event: 65.700 Thread 0x000002b5756df800 Exception <a 'java/lang/NoSuchMethodError'{0x00000000ee423088}: java.lang.invoke.DirectMethodHandle$Holder.invokeStatic(Ljava/lang/Object;Ljava/lang/Object;J)Ljava/lang/Object;> (0x00000000ee423088) thrown at [t:/workspace/open/src/hotspot/share/interpret
Event: 65.706 Thread 0x000002b5756df800 Exception <a 'java/lang/NoSuchMethodError'{0x00000000ee429358}: java.lang.invoke.Invokers$Holder.linkToTargetMethod(Ljava/lang/Object;JLjava/lang/Object;)Ljava/lang/Object;> (0x00000000ee429358) thrown at [t:/workspace/open/src/hotspot/share/interpreter/l

Events (10 events):
Event: 67.657 Thread 0x000002b5756df800 DEOPT PACKING pc=0x000002b5692c861c sp=0x000000d4109fe1f0
Event: 67.657 Thread 0x000002b5756df800 DEOPT UNPACKING pc=0x000002b56160cf4e sp=0x000000d4109fd6a8 mode 1
Event: 67.658 loading class org/gradle/util/DisconnectableInputStream$1
Event: 67.658 loading class org/gradle/util/DisconnectableInputStream$1 done
Event: 67.658 Thread 0x000002b5756df800 DEOPT PACKING pc=0x000002b5692c861c sp=0x000000d4109fe0d0
Event: 67.658 Thread 0x000002b5756df800 DEOPT UNPACKING pc=0x000002b56160cf4e sp=0x000000d4109fd588 mode 1
Event: 67.658 Thread 0x000002b5756df800 DEOPT PACKING pc=0x000002b5692c861c sp=0x000000d4109fe180
Event: 67.658 Thread 0x000002b5756df800 DEOPT UNPACKING pc=0x000002b56160cf4e sp=0x000000d4109fd638 mode 1
Event: 67.661 Thread 0x000002b5756e4800 Thread added: 0x000002b5756e4800
Event: 67.661 Thread 0x000002b5756e3800 Thread added: 0x000002b5756e3800


Dynamic libraries:
0x00007ff6aa740000 - 0x00007ff6aa787000 	C:\Program Files\Java\jdk-11.0.2\bin\java.exe
0x00007ffa2c850000 - 0x00007ffa2ca3d000 	C:\Windows\SYSTEM32\ntdll.dll
0x00007ffa29f40000 - 0x00007ffa29ff3000 	C:\Windows\System32\KERNEL32.DLL
0x00007ffa289c0000 - 0x00007ffa28c53000 	C:\Windows\System32\KERNELBASE.dll
0x00007ffa2c770000 - 0x00007ffa2c813000 	C:\Windows\System32\ADVAPI32.dll
0x00007ffa2c0b0000 - 0x00007ffa2c14e000 	C:\Windows\System32\msvcrt.dll
0x00007ffa2a5b0000 - 0x00007ffa2a64e000 	C:\Windows\System32\sechost.dll
0x00007ffa2c150000 - 0x00007ffa2c272000 	C:\Windows\System32\RPCRT4.dll
0x00007ffa2c430000 - 0x00007ffa2c5c7000 	C:\Windows\System32\USER32.dll
0x00007ffa299b0000 - 0x00007ffa299d0000 	C:\Windows\System32\win32u.dll
0x00007ffa2bf20000 - 0x00007ffa2bf49000 	C:\Windows\System32\GDI32.dll
0x00007ffa28ec0000 - 0x00007ffa29059000 	C:\Windows\System32\gdi32full.dll
0x00007ffa28920000 - 0x00007ffa289c0000 	C:\Windows\System32\msvcp_win.dll
0x00007ffa297d0000 - 0x00007ffa298ca000 	C:\Windows\System32\ucrtbase.dll
0x00007ffa20f00000 - 0x00007ffa21179000 	C:\Windows\WinSxS\amd64_microsoft.windows.common-controls_6595b64144ccf1df_6.0.17763.678_none_05b74150071d72bf\COMCTL32.dll
0x00007ffa29c10000 - 0x00007ffa29f3c000 	C:\Windows\System32\combase.dll
0x00007ffa24510000 - 0x00007ffa2451a000 	C:\Windows\SYSTEM32\VERSION.dll
0x00007ffa29930000 - 0x00007ffa299ae000 	C:\Windows\System32\bcryptPrimitives.dll
0x00007ffa2c740000 - 0x00007ffa2c76e000 	C:\Windows\System32\IMM32.DLL
0x00007ffa16b20000 - 0x00007ffa16b36000 	C:\Program Files\Java\jdk-11.0.2\bin\vcruntime140.dll
0x00007ffa07940000 - 0x00007ffa079ea000 	C:\Program Files\Java\jdk-11.0.2\bin\msvcp140.dll
0x00007ff9ee570000 - 0x00007ff9ef097000 	C:\Program Files\Java\jdk-11.0.2\bin\server\jvm.dll
0x00007ffa22a20000 - 0x00007ffa22a29000 	C:\Windows\SYSTEM32\WSOCK32.dll
0x00007ffa2bb40000 - 0x00007ffa2bb48000 	C:\Windows\System32\PSAPI.DLL
0x00007ffa25a10000 - 0x00007ffa25a34000 	C:\Windows\SYSTEM32\WINMM.dll
0x00007ffa2a0b0000 - 0x00007ffa2a11d000 	C:\Windows\System32\WS2_32.dll
0x00007ffa259e0000 - 0x00007ffa25a0d000 	C:\Windows\SYSTEM32\winmmbase.dll
0x00007ffa28e40000 - 0x00007ffa28e8a000 	C:\Windows\System32\cfgmgr32.dll
0x00007ffa28900000 - 0x00007ffa28911000 	C:\Windows\System32\kernel.appcore.dll
0x00007ffa13d60000 - 0x00007ffa13d71000 	C:\Program Files\Java\jdk-11.0.2\bin\verify.dll
0x00007ffa17c40000 - 0x00007ffa17e2d000 	C:\Windows\SYSTEM32\DBGHELP.DLL
0x00007ffa17af0000 - 0x00007ffa17b1a000 	C:\Windows\SYSTEM32\dbgcore.DLL
0x00007ffa0e820000 - 0x00007ffa0e849000 	C:\Program Files\Java\jdk-11.0.2\bin\java.dll
0x00007ffa07cf0000 - 0x00007ffa07d27000 	C:\Program Files\Java\jdk-11.0.2\bin\jdwp.dll
0x00007ffa0ed10000 - 0x00007ffa0ed26000 	C:\Program Files\Java\jdk-11.0.2\bin\zip.dll
0x00007ffa17190000 - 0x00007ffa1719a000 	C:\Program Files\Java\jdk-11.0.2\bin\jimage.dll
0x00007ffa2a650000 - 0x00007ffa2bb40000 	C:\Windows\System32\SHELL32.dll
0x00007ffa2bd90000 - 0x00007ffa2be38000 	C:\Windows\System32\shcore.dll
0x00007ffa29060000 - 0x00007ffa297aa000 	C:\Windows\System32\windows.storage.dll
0x00007ffa288b0000 - 0x00007ffa288d4000 	C:\Windows\System32\profapi.dll
0x00007ffa28850000 - 0x00007ffa288ad000 	C:\Windows\System32\powrprof.dll
0x00007ffa2bec0000 - 0x00007ffa2bf12000 	C:\Windows\System32\shlwapi.dll
0x00007ffa297b0000 - 0x00007ffa297c7000 	C:\Windows\System32\cryptsp.dll
0x00007ffa17120000 - 0x00007ffa1712a000 	C:\Program Files\Java\jdk-11.0.2\bin\dt_socket.dll
0x00007ffa28060000 - 0x00007ffa280c7000 	C:\Windows\system32\mswsock.dll
0x00007ffa0d040000 - 0x00007ffa0d059000 	C:\Program Files\Java\jdk-11.0.2\bin\net.dll
0x00007ffa20b30000 - 0x00007ffa20c22000 	C:\Windows\SYSTEM32\WINHTTP.dll
0x00007ffa19e10000 - 0x00007ffa19fe7000 	C:\Windows\SYSTEM32\urlmon.dll
0x00007ffa1a2a0000 - 0x00007ffa1a548000 	C:\Windows\SYSTEM32\iertutil.dll
0x00007ffa281f0000 - 0x00007ffa281fc000 	C:\Windows\SYSTEM32\CRYPTBASE.DLL
0x00007ffa0b2e0000 - 0x00007ffa0b2f3000 	C:\Program Files\Java\jdk-11.0.2\bin\nio.dll
0x00007ffa07020000 - 0x00007ffa07046000 	C:\Users\gabri\.gradle\native\29\windows-amd64\native-platform.dll
0x00007ffa17070000 - 0x00007ffa17079000 	C:\Program Files\Java\jdk-11.0.2\bin\management.dll
0x00007ffa16b50000 - 0x00007ffa16b5c000 	C:\Program Files\Java\jdk-11.0.2\bin\management_ext.dll
0x00007ffa27bf0000 - 0x00007ffa27c23000 	C:\Windows\system32\rsaenh.dll
0x00007ffa28e90000 - 0x00007ffa28eb6000 	C:\Windows\System32\bcrypt.dll
0x00007ffa28750000 - 0x00007ffa28778000 	C:\Windows\SYSTEM32\USERENV.dll
0x00007ffa27da0000 - 0x00007ffa27ddd000 	C:\Windows\SYSTEM32\IPHLPAPI.DLL
0x00007ffa2c0a0000 - 0x00007ffa2c0a8000 	C:\Windows\System32\NSI.dll
0x00007ffa21d00000 - 0x00007ffa21d16000 	C:\Windows\SYSTEM32\dhcpcsvc6.DLL
0x00007ffa21ce0000 - 0x00007ffa21cfc000 	C:\Windows\SYSTEM32\dhcpcsvc.DLL
0x00007ffa27de0000 - 0x00007ffa27ea6000 	C:\Windows\SYSTEM32\DNSAPI.dll

dbghelp: loaded successfully - version: 4.0.5 - missing functions: none
symbol engine: initialized successfully - sym options: 0x614 - pdb path: .;C:\Program Files\Java\jdk-11.0.2\bin;C:\Windows\SYSTEM32;C:\Windows\WinSxS\amd64_microsoft.windows.common-controls_6595b64144ccf1df_6.0.17763.678_none_05b74150071d72bf;C:\Program Files\Java\jdk-11.0.2\bin\server;C:\Users\gabri\.gradle\native\29\windows-amd64

VM Arguments:
jvm_args: -XX:MaxMetaspaceSize=256m -XX:+HeapDumpOnOutOfMemoryError -agentlib:jdwp=transport=dt_socket,server=n,suspend=y,address=127.0.0.1:51931 --add-opens=java.base/java.util=ALL-UNNAMED --add-opens=java.base/java.lang=ALL-UNNAMED --add-opens=java.base/java.lang.invoke=ALL-UNNAMED --add-opens=java.prefs/java.util.prefs=ALL-UNNAMED -Xms256m -Xmx512m -Dfile.encoding=windows-1252 -Duser.country=BR -Duser.language=pt -Duser.variant 
java_command: org.gradle.launcher.daemon.bootstrap.GradleDaemon 5.4.1
java_class_path (initial): C:\Users\gabri\.gradle\wrapper\dists\gradle-5.4.1-bin\e75iq110yv9r9wt1a6619x2xm\gradle-5.4.1\lib\gradle-launcher-5.4.1.jar
Launcher Type: SUN_STANDARD

[Global flags]
     intx CICompilerCount                          = 3                                         {product} {ergonomic}
   size_t CompressedClassSpaceSize                 = 260046848                                 {product} {ergonomic}
     uint ConcGCThreads                            = 1                                         {product} {ergonomic}
     uint G1ConcRefinementThreads                  = 4                                         {product} {ergonomic}
   size_t G1HeapRegionSize                         = 1048576                                   {product} {ergonomic}
    uintx GCDrainStackTargetSize                   = 64                                        {product} {ergonomic}
     bool HeapDumpOnOutOfMemoryError               = true                                   {manageable} {command line}
   size_t InitialHeapSize                          = 268435456                                 {product} {command line}
   size_t MarkStackSize                            = 4194304                                   {product} {ergonomic}
   size_t MaxHeapSize                              = 536870912                                 {product} {command line}
   size_t MaxMetaspaceSize                         = 268435456                                 {product} {command line}
   size_t MaxNewSize                               = 321912832                                 {product} {ergonomic}
   size_t MinHeapDeltaBytes                        = 1048576                                   {product} {ergonomic}
    uintx NonNMethodCodeHeapSize                   = 5830092                                {pd product} {ergonomic}
    uintx NonProfiledCodeHeapSize                  = 122914074                              {pd product} {ergonomic}
    uintx ProfiledCodeHeapSize                     = 122914074                              {pd product} {ergonomic}
    uintx ReservedCodeCacheSize                    = 251658240                              {pd product} {ergonomic}
     bool SegmentedCodeCache                       = true                                      {product} {ergonomic}
     bool UseCompressedClassPointers               = true                                 {lp64_product} {ergonomic}
     bool UseCompressedOops                        = true                                 {lp64_product} {ergonomic}
     bool UseG1GC                                  = true                                      {product} {ergonomic}
     bool UseLargePagesIndividualAllocation        = false                                  {pd product} {ergonomic}

Logging:
Log output configuration:
 #0: stdout all=warning uptime,level,tags
 #1: stderr all=off uptime,level,tags

Environment Variables:
JAVA_HOME=C:\Program Files\Java\jdk1.8.0_201
CLASSPATH=.;
PATH=C:\Program Files\JetBrains\IntelliJ IDEA Community Edition 2019.1.3\jbr\\bin;C:\Program Files\JetBrains\IntelliJ IDEA Community Edition 2019.1.3\jbr\\bin\server;C:\Program Files\JetBrains\IntelliJ IDEA Community Edition 2019.1.3\jbr\\bin;C:\Program Files\JetBrains\IntelliJ IDEA Community Edition 2019.1.3\jbr\\bin\server;C:\ProgramData\DockerDesktop\version-bin;C:\Program Files\Docker\Docker\Resources\bin;C:\Windows\system32;C:\Windows;C:\Windows\System32\Wbem;C:\Windows\System32\WindowsPowerShell\v1.0\;C:\Windows\System32\OpenSSH\;C:\Program Files\nodejs\;C:\Program Files\Git\cmd;C:\Program Files\NVIDIA Corporation\NVIDIA NvDLISR;C:\Program Files\dotnet\;C:\Program Files\Microsoft SQL Server\130\Tools\Binn\;C:\ProgramData\chocolatey\bin;C:\Program Files\Java\jdk1.8.0_201\bin;C:\Program Files (x86)\Yarn\bin\;C:\Program Files\Microsoft SQL Server\Client SDK\ODBC\110\Tools\Binn\;C:\Program Files (x86)\Microsoft SQL Server\120\Tools\Binn\ManagementStudio\;C:\Program Files (x86)\Microsoft SQL Server\120\Tools\Binn\;C:\Program Files\Microsoft SQL Server\120\Tools\Binn\;C:\Program Files (x86)\Microsoft SQL Server\120\DTS\Binn\;C:\Program Files\Microsoft SQL Server\120\DTS\Binn\;C:\Program Files (x86)\NVIDIA Corporation\PhysX\Common;C:\Users\gabri\AppData\Local\Microsoft\WindowsApps;C:\Users\gabri\AppData\Roaming\npm;C:\Users\gabri\AppData\Local\Programs\Microsoft VS Code\bin;C:\Python27;C:\Users\gabri\AppData\Local\Android\Sdk\emulator;C:\Users\gabri\AppData\Local\Android\Sdk\tools;C:\Users\gabri\AppData\Local\Android\Sdk\tools\bin;C:\Users\gabri\AppData\Local\Android\Sdk\platform-tools;C:\Program Files\MySQL\MySQL Server 8.0\bin;C:\Program Files\MongoDB\Server\4.0\bin;C:\Users\gabri\AppData\Local\Yarn\bin;C:\Users\gabri\Documents\apache-maven-3.6.1\bin;C:\Program Files\Docker Toolbox;C:\Users\gabri\AppData\Local\Programs\Azure Data Studio\bin;C:\Users\gabri\Documents\mvn;C:\Users\gabri\.dotnet\tools
USERNAME=gabri
OS=Windows_NT
PROCESSOR_IDENTIFIER=AMD64 Family 21 Model 2 Stepping 0, AuthenticAMD



---------------  S Y S T E M  ---------------

OS: Windows 10 , 64 bit Build 17763 (10.0.17763.475)

CPU:total 4 (initial active 4) (4 cores per cpu, 1 threads per core) family 21 model 2 stepping 0, cmov, cx8, fxsr, mmx, sse, sse2, sse3, ssse3, sse4.1, sse4.2, popcnt, avx, aes, clmul, mmxext, 3dnowpref, lzcnt, sse4a, tsc, tscinvbit, tscinv, bmi1, fma

Memory: 4k page, system-wide physical 12271M (5022M free)
TotalPageFile size 18415M (AvailPageFile size 7439M)
current process WorkingSet (physical memory assigned to process): 399M, peak: 400M
current process commit charge ("private bytes"): 488M, peak: 497M

vm_info: Java HotSpot(TM) 64-Bit Server VM (11.0.2+9-LTS) for windows-amd64 JRE (11.0.2+9-LTS), built on Jan 18 2019 05:24:10 by "mach5one" with MS VC++ 15.5 (VS2017)

END.
