#
# A fatal error has been detected by the Java Runtime Environment:
#
#  EXCEPTION_ACCESS_VIOLATION (0xc0000005) at pc=0x00007ff9ee8e2480, pid=12632, tid=12880
#
# JRE version: Java(TM) SE Runtime Environment (11.0.2+9) (build 11.0.2+9-LTS)
# Java VM: Java HotSpot(TM) 64-Bit Server VM (11.0.2+9-LTS, mixed mode, tiered, compressed oops, g1 gc, windows-amd64)
# Problematic frame:
# V  [jvm.dll+0x372480]
#
# No core dump will be written. Minidumps are not enabled by default on client versions of Windows
#
# If you would like to submit a bug report, please visit:
#   http://bugreport.java.com/bugreport/crash.jsp
#

---------------  S U M M A R Y ------------

Command Line: -XX:MaxMetaspaceSize=256m -XX:+HeapDumpOnOutOfMemoryError -agentlib:jdwp=transport=dt_socket,server=n,suspend=y,address=127.0.0.1:52088 --add-opens=java.base/java.util=ALL-UNNAMED --add-opens=java.base/java.lang=ALL-UNNAMED --add-opens=java.base/java.lang.invoke=ALL-UNNAMED --add-opens=java.prefs/java.util.prefs=ALL-UNNAMED -Xms256m -Xmx512m -Dfile.encoding=windows-1252 -Duser.country=BR -Duser.language=pt -Duser.variant org.gradle.launcher.daemon.bootstrap.GradleDaemon 5.4.1

Host: AMD FX(tm)-4300 Quad-Core Processor            , 4 cores, 11G,  Windows 10 , 64 bit Build 17763 (10.0.17763.475)
Time: Sun Aug 18 01:30:17 2019 Hora oficial do Brasil elapsed time: 61 seconds (0d 0h 1m 1s)

---------------  T H R E A D  ---------------

Current thread (0x0000018b6beb2800):  JavaThread "C2 CompilerThread0" daemon [_thread_in_native, id=12880, stack(0x0000001d89200000,0x0000001d89300000)]


Current CompileTask:
C2:  61076 6340       4       java.io.ObjectOutputStream::writeClassDesc (60 bytes)

Stack: [0x0000001d89200000,0x0000001d89300000],  sp=0x0000001d892fbc80,  free space=1007k
Native frames: (J=compiled Java code, j=interpreted, Vv=VM code, C=native code)
V  [jvm.dll+0x372480]
V  [jvm.dll+0x36bc90]
V  [jvm.dll+0x1a968e]
V  [jvm.dll+0x218352]
V  [jvm.dll+0x2173ea]
V  [jvm.dll+0x194200]
V  [jvm.dll+0x2263af]
V  [jvm.dll+0x2249b8]
V  [jvm.dll+0x738a9d]
V  [jvm.dll+0x6347f2]
C  [ucrtbase.dll+0x21ffa]
C  [KERNEL32.DLL+0x17974]
C  [ntdll.dll+0x6a271]


siginfo: EXCEPTION_ACCESS_VIOLATION (0xc0000005), reading address 0xffffffffffffffff


Register to memory mapping:

RIP=0x00007ff9ee8e2480 jvm.dll
RAX=0x0 is NULL
RBX=0x0000000000000029 is an unknown value
RCX=0x0 is NULL
RDX=0x0000000000000008 is an unknown value
RSP=0x0000001d892fbc80 is pointing into the stack for thread: 0x0000018b6beb2800
RBP=0x0000000000000008 is an unknown value
RSI=0x00007ff9eefc6738 jvm.dll
RDI=0x0000018b6c07a908 points into unknown readable memory: f0 58 eb 6b 8b 01 00 00
R8 =0x00047ff9eefc6738 is an unknown value
R9 =0x0000001d892fbcd0 is pointing into the stack for thread: 0x0000018b6beb2800
R10=0x0000000000000029 is an unknown value
R11=0x0000001d892fbbe0 is pointing into the stack for thread: 0x0000018b6beb2800
R12=0x00007ff9ee570000 jvm.dll
R13=0x0000018b6dfb9f90 points into unknown readable memory: 40 70 a8 73 8b 01 00 00
R14=0x0000000000000014 is an unknown value
R15=0x00007ff9eefc6738 jvm.dll


Registers:
RAX=0x0000000000000000, RBX=0x0000000000000029, RCX=0x0000000000000000, RDX=0x0000000000000008
RSP=0x0000001d892fbc80, RBP=0x0000000000000008, RSI=0x00007ff9eefc6738, RDI=0x0000018b6c07a908
R8 =0x00047ff9eefc6738, R9 =0x0000001d892fbcd0, R10=0x0000000000000029, R11=0x0000001d892fbbe0
R12=0x00007ff9ee570000, R13=0x0000018b6dfb9f90, R14=0x0000000000000014, R15=0x00007ff9eefc6738
RIP=0x00007ff9ee8e2480, EFLAGS=0x0000000000010246

Top of Stack: (sp=0x0000001d892fbc80)
0x0000001d892fbc80:   0000000000000000 0000000000000000
0x0000001d892fbc90:   0000000000000ec8 0000018b6b548b00
0x0000001d892fbca0:   0000000000001014 00007ff9ee8dbc90
0x0000001d892fbcb0:   0000018b73b27c30 0000001d892fbe00
0x0000001d892fbcc0:   0000000000001014 00007ff9eedfa250
0x0000001d892fbcd0:   0000101800000000 0000018b00000001
0x0000001d892fbce0:   00047ff9eefc6738 0000000000000011
0x0000001d892fbcf0:   0000018b6fee0650 000000000000004e
0x0000001d892fbd00:   0000018b73b27cd0 0000000000000000
0x0000001d892fbd10:   0000018b6dfb9fa0 0000000000000000
0x0000001d892fbd20:   0000001d892fbe30 00007ff9ee71968e
0x0000001d892fbd30:   0000001d892fc1b0 0000001d892fc298
0x0000001d892fbd40:   0000018b6dfba378 00000000000003d8
0x0000001d892fbd50:   00007ff9eedb4a00 000000000000000c
0x0000001d892fbd60:   0000000000000006 0000018b6dfb9f90
0x0000001d892fbd70:   0000018b7188ad90 0000018b718905c0 

Instructions: (pc=0x00007ff9ee8e2480)
0x00007ff9ee8e2460:   49 8b 41 20 41 8b da 4c 8b 04 d8 4c 3b c6 74 7a
0x00007ff9ee8e2470:   33 c0 4d 89 41 10 33 c9 0f 1f 84 00 00 00 00 00
0x00007ff9ee8e2480:   42 83 3c 01 00 8d 50 01 0f 85 be 00 00 00 48 83
0x00007ff9ee8e2490:   c1 04 8b c2 83 fa 08 72 e7 4d 8b 59 30 4d 85 db 


Stack slot to memory mapping:
stack at sp + 0 slots: 0x0 is NULL
stack at sp + 1 slots: 0x0 is NULL
stack at sp + 2 slots: 0x0000000000000ec8 is an unknown value
stack at sp + 3 slots: 0x0000018b6b548b00 points into unknown readable memory: 48 29 82 4e 8b 01 00 00
stack at sp + 4 slots: 0x0000000000001014 is an unknown value
stack at sp + 5 slots: 0x00007ff9ee8dbc90 jvm.dll
stack at sp + 6 slots: 0x0000018b73b27c30 points into unknown readable memory: 02 00 00 00 00 00 00 00
stack at sp + 7 slots: 0x0000001d892fbe00 is pointing into the stack for thread: 0x0000018b6beb2800


---------------  P R O C E S S  ---------------

Threads class SMR info:
_java_thread_list=0x0000018b6e2cce30, length=43, elements={
0x0000018b509e7800, 0x0000018b6b52d800, 0x0000018b6b537000, 0x0000018b6b550800,
0x0000018b6b551800, 0x0000018b6beb2800, 0x0000018b6bebb800, 0x0000018b6bee5000,
0x0000018b6c010000, 0x0000018b6c04b800, 0x0000018b6c042000, 0x0000018b6c05f000,
0x0000018b6c06f000, 0x0000018b6d34a800, 0x0000018b6c79f800, 0x0000018b6d42a000,
0x0000018b6c9a8800, 0x0000018b6d679000, 0x0000018b6ca00000, 0x0000018b6cdcc800,
0x0000018b6cf49000, 0x0000018b6c7f8800, 0x0000018b6c1f7800, 0x0000018b6cdb7800,
0x0000018b6cdb9000, 0x0000018b6cdb5000, 0x0000018b6cdb6800, 0x0000018b6cdba000,
0x0000018b6cdba800, 0x0000018b6cdbb800, 0x0000018b6cdb6000, 0x0000018b6ea49000,
0x0000018b6ea48800, 0x0000018b6ea4c800, 0x0000018b6ea47800, 0x0000018b6ea4d000,
0x0000018b6ea4f000, 0x0000018b6ea4e000, 0x0000018b6ea4f800, 0x0000018b6ea4a000,
0x0000018b6ea50800, 0x0000018b6ea4a800, 0x0000018b4e8cf800
}

Java Threads: ( => current thread )
  0x0000018b509e7800 JavaThread "main" [_thread_blocked, id=9920, stack(0x0000001d88600000,0x0000001d88700000)]
  0x0000018b6b52d800 JavaThread "Reference Handler" daemon [_thread_blocked, id=12748, stack(0x0000001d88d00000,0x0000001d88e00000)]
  0x0000018b6b537000 JavaThread "Finalizer" daemon [_thread_blocked, id=10844, stack(0x0000001d88e00000,0x0000001d88f00000)]
  0x0000018b6b550800 JavaThread "Signal Dispatcher" daemon [_thread_blocked, id=8400, stack(0x0000001d89000000,0x0000001d89100000)]
  0x0000018b6b551800 JavaThread "Attach Listener" daemon [_thread_blocked, id=7340, stack(0x0000001d89100000,0x0000001d89200000)]
=>0x0000018b6beb2800 JavaThread "C2 CompilerThread0" daemon [_thread_in_native, id=12880, stack(0x0000001d89200000,0x0000001d89300000)]
  0x0000018b6bebb800 JavaThread "C1 CompilerThread0" daemon [_thread_blocked, id=10756, stack(0x0000001d89300000,0x0000001d89400000)]
  0x0000018b6bee5000 JavaThread "Sweeper thread" daemon [_thread_blocked, id=12604, stack(0x0000001d89400000,0x0000001d89500000)]
  0x0000018b6c010000 JavaThread "Common-Cleaner" daemon [_thread_blocked, id=8260, stack(0x0000001d89500000,0x0000001d89600000)]
  0x0000018b6c04b800 JavaThread "JDWP Transport Listener: dt_socket" daemon [_thread_blocked, id=10060, stack(0x0000001d89600000,0x0000001d89700000)]
  0x0000018b6c042000 JavaThread "JDWP Event Helper Thread" daemon [_thread_blocked, id=12776, stack(0x0000001d89700000,0x0000001d89800000)]
  0x0000018b6c05f000 JavaThread "JDWP Command Reader" daemon [_thread_in_native, id=13124, stack(0x0000001d89800000,0x0000001d89900000)]
  0x0000018b6c06f000 JavaThread "Service Thread" daemon [_thread_blocked, id=11420, stack(0x0000001d89900000,0x0000001d89a00000)]
  0x0000018b6d34a800 JavaThread "Daemon health stats" [_thread_blocked, id=4368, stack(0x0000001d89e00000,0x0000001d89f00000)]
  0x0000018b6c79f800 JavaThread "Incoming local TCP Connector on port 52099" [_thread_in_native, id=12564, stack(0x0000001d89f00000,0x0000001d8a000000)]
  0x0000018b6d42a000 JavaThread "Daemon periodic checks" [_thread_blocked, id=752, stack(0x0000001d8a000000,0x0000001d8a100000)]
  0x0000018b6c9a8800 JavaThread "Daemon" [_thread_blocked, id=4564, stack(0x0000001d8a100000,0x0000001d8a200000)]
  0x0000018b6d679000 JavaThread "Handler for socket connection from /127.0.0.1:52099 to /127.0.0.1:52100" [_thread_in_native, id=6868, stack(0x0000001d8a200000,0x0000001d8a300000)]
  0x0000018b6ca00000 JavaThread "Cancel handler" [_thread_blocked, id=8676, stack(0x0000001d8a300000,0x0000001d8a400000)]
  0x0000018b6cdcc800 JavaThread "Daemon worker" [_thread_in_native, id=4936, stack(0x0000001d8a400000,0x0000001d8a500000)]
  0x0000018b6cf49000 JavaThread "Asynchronous log dispatcher for DefaultDaemonConnection: socket connection from /127.0.0.1:52099 to /127.0.0.1:52100" [_thread_blocked, id=8012, stack(0x0000001d8a500000,0x0000001d8a600000)]
  0x0000018b6c7f8800 JavaThread "Stdin handler" [_thread_blocked, id=11024, stack(0x0000001d8a600000,0x0000001d8a700000)]
  0x0000018b6c1f7800 JavaThread "Thread-8" [_thread_blocked, id=12296, stack(0x0000001d8a700000,0x0000001d8a800000)]
  0x0000018b6cdb7800 JavaThread "Cache worker for file hash cache (C:\Users\gabri\.gradle\caches\5.4.1\fileHashes)" [_thread_blocked, id=9156, stack(0x0000001d8a800000,0x0000001d8a900000)]
  0x0000018b6cdb9000 JavaThread "File lock request listener" [_thread_in_native, id=1708, stack(0x0000001d8a900000,0x0000001d8aa00000)]
  0x0000018b6cdb5000 JavaThread "Cache worker for journal cache (C:\Users\gabri\.gradle\caches\journal-1)" [_thread_blocked, id=12516, stack(0x0000001d8aa00000,0x0000001d8ab00000)]
  0x0000018b6cdb6800 JavaThread "Cache worker for file hash cache (C:\Users\gabri\Desktop\restResult\.gradle\5.4.1\fileHashes)" [_thread_blocked, id=12856, stack(0x0000001d8ab00000,0x0000001d8ac00000)]
  0x0000018b6cdba000 JavaThread "Cache worker for cache directory md-supplier (C:\Users\gabri\.gradle\caches\5.4.1\md-supplier)" [_thread_blocked, id=2840, stack(0x0000001d8ad00000,0x0000001d8ae00000)]
  0x0000018b6cdba800 JavaThread "Cache worker for cache directory md-rule (C:\Users\gabri\.gradle\caches\5.4.1\md-rule)" [_thread_blocked, id=13128, stack(0x0000001d8ae00000,0x0000001d8af00000)]
  0x0000018b6cdbb800 JavaThread "Cache worker for execution history cache (C:\Users\gabri\.gradle\caches\5.4.1\executionHistory)" [_thread_blocked, id=10812, stack(0x0000001d8af00000,0x0000001d8b000000)]
  0x0000018b6cdb6000 JavaThread "Build operations" [_thread_blocked, id=5264, stack(0x0000001d8ac00000,0x0000001d8ad00000)]
  0x0000018b6ea49000 JavaThread "Build operations Thread 2" [_thread_blocked, id=2420, stack(0x0000001d8b000000,0x0000001d8b100000)]
  0x0000018b6ea48800 JavaThread "Build operations Thread 3" [_thread_blocked, id=10968, stack(0x0000001d8b100000,0x0000001d8b200000)]
  0x0000018b6ea4c800 JavaThread "Build operations Thread 4" [_thread_blocked, id=4412, stack(0x0000001d8b200000,0x0000001d8b300000)]
  0x0000018b6ea47800 JavaThread "Cache worker for Build Output Cleanup Cache (C:\Users\gabri\Desktop\restResult\.gradle\buildOutputCleanup)" [_thread_blocked, id=10256, stack(0x0000001d8b500000,0x0000001d8b600000)]
  0x0000018b6ea4d000 JavaThread "Memory manager" [_thread_blocked, id=8628, stack(0x0000001d8b600000,0x0000001d8b700000)]
  0x0000018b6ea4f000 JavaThread "Cache worker for file content cache (C:\Users\gabri\.gradle\caches\5.4.1\fileContent)" [_thread_blocked, id=11432, stack(0x0000001d8b700000,0x0000001d8b800000)]
  0x0000018b6ea4e000 JavaThread "Cache worker for file content cache (C:\Users\gabri\Desktop\restResult\.gradle\5.4.1\fileContent)" [_thread_blocked, id=10960, stack(0x0000001d8b800000,0x0000001d8b900000)]
  0x0000018b6ea4f800 JavaThread "Execution worker for ':'" [_thread_blocked, id=9552, stack(0x0000001d8ba00000,0x0000001d8bb00000)]
  0x0000018b6ea4a000 JavaThread "Execution worker for ':' Thread 2" [_thread_blocked, id=1888, stack(0x0000001d8bb00000,0x0000001d8bc00000)]
  0x0000018b6ea50800 JavaThread "Execution worker for ':' Thread 3" [_thread_blocked, id=1540, stack(0x0000001d8bc00000,0x0000001d8bd00000)]
  0x0000018b6ea4a800 JavaThread "Cache worker for execution history cache (C:\Users\gabri\Desktop\restResult\.gradle\5.4.1\executionHistory)" [_thread_blocked, id=6100, stack(0x0000001d8bd00000,0x0000001d8be00000)]
  0x0000018b4e8cf800 JavaThread "C2 CompilerThread1" daemon [_thread_in_native, id=12828, stack(0x0000001d88400000,0x0000001d88500000)]

Other Threads:
  0x0000018b6b506800 VMThread "VM Thread" [stack: 0x0000001d88c00000,0x0000001d88d00000] [id=6084]
  0x0000018b6c069000 WatcherThread [stack: 0x0000001d89a00000,0x0000001d89b00000] [id=11880]
  0x0000018b509ff800 GCTaskThread "GC Thread#0" [stack: 0x0000001d88700000,0x0000001d88800000] [id=13208]
  0x0000018b6c78a800 GCTaskThread "GC Thread#1" [stack: 0x0000001d89b00000,0x0000001d89c00000] [id=7692]
  0x0000018b6c70b800 GCTaskThread "GC Thread#2" [stack: 0x0000001d89c00000,0x0000001d89d00000] [id=9276]
  0x0000018b6c70c000 GCTaskThread "GC Thread#3" [stack: 0x0000001d89d00000,0x0000001d89e00000] [id=10692]
  0x0000018b50a10800 ConcurrentGCThread "G1 Main Marker" [stack: 0x0000001d88800000,0x0000001d88900000] [id=4568]
  0x0000018b50a12000 ConcurrentGCThread "G1 Conc#0" [stack: 0x0000001d88900000,0x0000001d88a00000] [id=7204]
  0x0000018b50abe000 ConcurrentGCThread "G1 Refine#0" [stack: 0x0000001d88a00000,0x0000001d88b00000] [id=13044]
  0x0000018b6b3a6800 ConcurrentGCThread "G1 Young RemSet Sampling" [stack: 0x0000001d88b00000,0x0000001d88c00000] [id=8520]

Threads with active compile tasks:
C2 CompilerThread06340       4       java.io.ObjectOutputStream::writeClassDesc (60 bytes)
C2 CompilerThread16588       4       java.security.SecureClassLoader$CodeSourceKey::hashCode (21 bytes)

VM state:not at safepoint (normal execution)

VM Mutex/Monitor currently owned by a thread: None

Heap address: 0x00000000e0000000, size: 512 MB, Compressed Oops mode: 32-bit
Narrow klass base: 0x0000000000000000, Narrow klass shift: 3
Compressed class space size: 260046848 Address: 0x0000000100000000

Heap:
 garbage-first heap   total 262144K, used 79750K [0x00000000e0000000, 0x0000000100000000)
  region size 1024K, 62 young (63488K), 19 survivors (19456K)
 Metaspace       used 53410K, capacity 54569K, committed 54656K, reserved 303104K
  class space    used 6671K, capacity 7032K, committed 7040K, reserved 253952K
Heap Regions: E=young(eden), S=young(survivor), O=old, HS=humongous(starts), HC=humongous(continues), CS=collection set, F=free, A=archive, TAMS=top-at-mark-start (previous, next)
|   0|0x00000000e0000000, 0x00000000e0100000, 0x00000000e0100000|100%| O|  |TAMS 0x00000000e0100000, 0x00000000e0000000| Untracked 
|   1|0x00000000e0100000, 0x00000000e0200000, 0x00000000e0200000|100%| O|  |TAMS 0x00000000e0200000, 0x00000000e0100000| Untracked 
|   2|0x00000000e0200000, 0x00000000e0300000, 0x00000000e0300000|100%|HS|  |TAMS 0x00000000e0300000, 0x00000000e0200000| Complete 
|   3|0x00000000e0300000, 0x00000000e0400000, 0x00000000e0400000|100%|HS|  |TAMS 0x00000000e0400000, 0x00000000e0300000| Complete 
|   4|0x00000000e0400000, 0x00000000e0500000, 0x00000000e0500000|100%|HC|  |TAMS 0x00000000e0500000, 0x00000000e0400000| Complete 
|   5|0x00000000e0500000, 0x00000000e0600000, 0x00000000e0600000|100%| O|  |TAMS 0x00000000e0600000, 0x00000000e0500000| Untracked 
|   6|0x00000000e0600000, 0x00000000e0700000, 0x00000000e0700000|100%| O|  |TAMS 0x00000000e0700000, 0x00000000e0600000| Untracked 
|   7|0x00000000e0700000, 0x00000000e0800000, 0x00000000e0800000|100%| O|  |TAMS 0x00000000e0800000, 0x00000000e0700000| Untracked 
|   8|0x00000000e0800000, 0x00000000e0900000, 0x00000000e0900000|100%| O|  |TAMS 0x00000000e0900000, 0x00000000e0800000| Untracked 
|   9|0x00000000e0900000, 0x00000000e0a00000, 0x00000000e0a00000|100%| O|  |TAMS 0x00000000e0a00000, 0x00000000e0900000| Untracked 
|  10|0x00000000e0a00000, 0x00000000e0b00000, 0x00000000e0b00000|100%| O|  |TAMS 0x00000000e0b00000, 0x00000000e0a00000| Untracked 
|  11|0x00000000e0b00000, 0x00000000e0c00000, 0x00000000e0c00000|100%| O|  |TAMS 0x00000000e0c00000, 0x00000000e0b00000| Untracked 
|  12|0x00000000e0c00000, 0x00000000e0d00000, 0x00000000e0d00000|100%| O|  |TAMS 0x00000000e0c29e00, 0x00000000e0c00000| Untracked 
|  13|0x00000000e0d00000, 0x00000000e0e00000, 0x00000000e0e00000|100%| O|  |TAMS 0x00000000e0d00000, 0x00000000e0d00000| Untracked 
|  14|0x00000000e0e00000, 0x00000000e0f00000, 0x00000000e0f00000|100%| O|  |TAMS 0x00000000e0e00000, 0x00000000e0e00000| Untracked 
|  15|0x00000000e0f00000, 0x00000000e1000000, 0x00000000e1000000|100%| O|  |TAMS 0x00000000e0f00000, 0x00000000e0f00000| Untracked 
|  16|0x00000000e1000000, 0x00000000e10e1800, 0x00000000e1100000| 88%| O|  |TAMS 0x00000000e1000000, 0x00000000e1000000| Untracked 
|  17|0x00000000e1100000, 0x00000000e1100000, 0x00000000e1200000|  0%| F|  |TAMS 0x00000000e1100000, 0x00000000e1100000| Untracked 
|  18|0x00000000e1200000, 0x00000000e1200000, 0x00000000e1300000|  0%| F|  |TAMS 0x00000000e1200000, 0x00000000e1200000| Untracked 
|  19|0x00000000e1300000, 0x00000000e1300000, 0x00000000e1400000|  0%| F|  |TAMS 0x00000000e1300000, 0x00000000e1300000| Untracked 
|  20|0x00000000e1400000, 0x00000000e1400000, 0x00000000e1500000|  0%| F|  |TAMS 0x00000000e1400000, 0x00000000e1400000| Untracked 
|  21|0x00000000e1500000, 0x00000000e1500000, 0x00000000e1600000|  0%| F|  |TAMS 0x00000000e1500000, 0x00000000e1500000| Untracked 
|  22|0x00000000e1600000, 0x00000000e1600000, 0x00000000e1700000|  0%| F|  |TAMS 0x00000000e1600000, 0x00000000e1600000| Untracked 
|  23|0x00000000e1700000, 0x00000000e1700000, 0x00000000e1800000|  0%| F|  |TAMS 0x00000000e1700000, 0x00000000e1700000| Untracked 
|  24|0x00000000e1800000, 0x00000000e1800000, 0x00000000e1900000|  0%| F|  |TAMS 0x00000000e1800000, 0x00000000e1800000| Untracked 
|  25|0x00000000e1900000, 0x00000000e1900000, 0x00000000e1a00000|  0%| F|  |TAMS 0x00000000e1900000, 0x00000000e1900000| Untracked 
|  26|0x00000000e1a00000, 0x00000000e1a00000, 0x00000000e1b00000|  0%| F|  |TAMS 0x00000000e1a00000, 0x00000000e1a00000| Untracked 
|  27|0x00000000e1b00000, 0x00000000e1b00000, 0x00000000e1c00000|  0%| F|  |TAMS 0x00000000e1b00000, 0x00000000e1b00000| Untracked 
|  28|0x00000000e1c00000, 0x00000000e1c00000, 0x00000000e1d00000|  0%| F|  |TAMS 0x00000000e1c00000, 0x00000000e1c00000| Untracked 
|  29|0x00000000e1d00000, 0x00000000e1d00000, 0x00000000e1e00000|  0%| F|  |TAMS 0x00000000e1d00000, 0x00000000e1d00000| Untracked 
|  30|0x00000000e1e00000, 0x00000000e1e00000, 0x00000000e1f00000|  0%| F|  |TAMS 0x00000000e1e00000, 0x00000000e1e00000| Untracked 
|  31|0x00000000e1f00000, 0x00000000e1f00000, 0x00000000e2000000|  0%| F|  |TAMS 0x00000000e1f00000, 0x00000000e1f00000| Untracked 
|  32|0x00000000e2000000, 0x00000000e2000000, 0x00000000e2100000|  0%| F|  |TAMS 0x00000000e2000000, 0x00000000e2000000| Untracked 
|  33|0x00000000e2100000, 0x00000000e2100000, 0x00000000e2200000|  0%| F|  |TAMS 0x00000000e2100000, 0x00000000e2100000| Untracked 
|  34|0x00000000e2200000, 0x00000000e2200000, 0x00000000e2300000|  0%| F|  |TAMS 0x00000000e2200000, 0x00000000e2200000| Untracked 
|  35|0x00000000e2300000, 0x00000000e2300000, 0x00000000e2400000|  0%| F|  |TAMS 0x00000000e2300000, 0x00000000e2300000| Untracked 
|  36|0x00000000e2400000, 0x00000000e2400000, 0x00000000e2500000|  0%| F|  |TAMS 0x00000000e2400000, 0x00000000e2400000| Untracked 
|  37|0x00000000e2500000, 0x00000000e2500000, 0x00000000e2600000|  0%| F|  |TAMS 0x00000000e2500000, 0x00000000e2500000| Untracked 
|  38|0x00000000e2600000, 0x00000000e2600000, 0x00000000e2700000|  0%| F|  |TAMS 0x00000000e2600000, 0x00000000e2600000| Untracked 
|  39|0x00000000e2700000, 0x00000000e2700000, 0x00000000e2800000|  0%| F|  |TAMS 0x00000000e2700000, 0x00000000e2700000| Untracked 
|  40|0x00000000e2800000, 0x00000000e2800000, 0x00000000e2900000|  0%| F|  |TAMS 0x00000000e2800000, 0x00000000e2800000| Untracked 
|  41|0x00000000e2900000, 0x00000000e2900000, 0x00000000e2a00000|  0%| F|  |TAMS 0x00000000e2900000, 0x00000000e2900000| Untracked 
|  42|0x00000000e2a00000, 0x00000000e2a00000, 0x00000000e2b00000|  0%| F|  |TAMS 0x00000000e2a00000, 0x00000000e2a00000| Untracked 
|  43|0x00000000e2b00000, 0x00000000e2b00000, 0x00000000e2c00000|  0%| F|  |TAMS 0x00000000e2b00000, 0x00000000e2b00000| Untracked 
|  44|0x00000000e2c00000, 0x00000000e2c00000, 0x00000000e2d00000|  0%| F|  |TAMS 0x00000000e2c00000, 0x00000000e2c00000| Untracked 
|  45|0x00000000e2d00000, 0x00000000e2d00000, 0x00000000e2e00000|  0%| F|  |TAMS 0x00000000e2d00000, 0x00000000e2d00000| Untracked 
|  46|0x00000000e2e00000, 0x00000000e2e00000, 0x00000000e2f00000|  0%| F|  |TAMS 0x00000000e2e00000, 0x00000000e2e00000| Untracked 
|  47|0x00000000e2f00000, 0x00000000e2f00000, 0x00000000e3000000|  0%| F|  |TAMS 0x00000000e2f00000, 0x00000000e2f00000| Untracked 
|  48|0x00000000e3000000, 0x00000000e3000000, 0x00000000e3100000|  0%| F|  |TAMS 0x00000000e3000000, 0x00000000e3000000| Untracked 
|  49|0x00000000e3100000, 0x00000000e3100000, 0x00000000e3200000|  0%| F|  |TAMS 0x00000000e3100000, 0x00000000e3100000| Untracked 
|  50|0x00000000e3200000, 0x00000000e3200000, 0x00000000e3300000|  0%| F|  |TAMS 0x00000000e3200000, 0x00000000e3200000| Untracked 
|  51|0x00000000e3300000, 0x00000000e3300000, 0x00000000e3400000|  0%| F|  |TAMS 0x00000000e3300000, 0x00000000e3300000| Untracked 
|  52|0x00000000e3400000, 0x00000000e3400000, 0x00000000e3500000|  0%| F|  |TAMS 0x00000000e3400000, 0x00000000e3400000| Untracked 
|  53|0x00000000e3500000, 0x00000000e3500000, 0x00000000e3600000|  0%| F|  |TAMS 0x00000000e3500000, 0x00000000e3500000| Untracked 
|  54|0x00000000e3600000, 0x00000000e3600000, 0x00000000e3700000|  0%| F|  |TAMS 0x00000000e3600000, 0x00000000e3600000| Untracked 
|  55|0x00000000e3700000, 0x00000000e3700000, 0x00000000e3800000|  0%| F|  |TAMS 0x00000000e3700000, 0x00000000e3700000| Untracked 
|  56|0x00000000e3800000, 0x00000000e3800000, 0x00000000e3900000|  0%| F|  |TAMS 0x00000000e3800000, 0x00000000e3800000| Untracked 
|  57|0x00000000e3900000, 0x00000000e3900000, 0x00000000e3a00000|  0%| F|  |TAMS 0x00000000e3900000, 0x00000000e3900000| Untracked 
|  58|0x00000000e3a00000, 0x00000000e3a00000, 0x00000000e3b00000|  0%| F|  |TAMS 0x00000000e3a00000, 0x00000000e3a00000| Untracked 
|  59|0x00000000e3b00000, 0x00000000e3b00000, 0x00000000e3c00000|  0%| F|  |TAMS 0x00000000e3b00000, 0x00000000e3b00000| Untracked 
|  60|0x00000000e3c00000, 0x00000000e3c00000, 0x00000000e3d00000|  0%| F|  |TAMS 0x00000000e3c00000, 0x00000000e3c00000| Untracked 
|  61|0x00000000e3d00000, 0x00000000e3d00000, 0x00000000e3e00000|  0%| F|  |TAMS 0x00000000e3d00000, 0x00000000e3d00000| Untracked 
|  62|0x00000000e3e00000, 0x00000000e3e00000, 0x00000000e3f00000|  0%| F|  |TAMS 0x00000000e3e00000, 0x00000000e3e00000| Untracked 
|  63|0x00000000e3f00000, 0x00000000e3f00000, 0x00000000e4000000|  0%| F|  |TAMS 0x00000000e3f00000, 0x00000000e3f00000| Untracked 
|  64|0x00000000e4000000, 0x00000000e4000000, 0x00000000e4100000|  0%| F|  |TAMS 0x00000000e4000000, 0x00000000e4000000| Untracked 
|  65|0x00000000e4100000, 0x00000000e4100000, 0x00000000e4200000|  0%| F|  |TAMS 0x00000000e4100000, 0x00000000e4100000| Untracked 
|  66|0x00000000e4200000, 0x00000000e4200000, 0x00000000e4300000|  0%| F|  |TAMS 0x00000000e4200000, 0x00000000e4200000| Untracked 
|  67|0x00000000e4300000, 0x00000000e4300000, 0x00000000e4400000|  0%| F|  |TAMS 0x00000000e4300000, 0x00000000e4300000| Untracked 
|  68|0x00000000e4400000, 0x00000000e4400000, 0x00000000e4500000|  0%| F|  |TAMS 0x00000000e4400000, 0x00000000e4400000| Untracked 
|  69|0x00000000e4500000, 0x00000000e4500000, 0x00000000e4600000|  0%| F|  |TAMS 0x00000000e4500000, 0x00000000e4500000| Untracked 
|  70|0x00000000e4600000, 0x00000000e4600000, 0x00000000e4700000|  0%| F|  |TAMS 0x00000000e4600000, 0x00000000e4600000| Untracked 
|  71|0x00000000e4700000, 0x00000000e4700000, 0x00000000e4800000|  0%| F|  |TAMS 0x00000000e4700000, 0x00000000e4700000| Untracked 
|  72|0x00000000e4800000, 0x00000000e4800000, 0x00000000e4900000|  0%| F|  |TAMS 0x00000000e4800000, 0x00000000e4800000| Untracked 
|  73|0x00000000e4900000, 0x00000000e4900000, 0x00000000e4a00000|  0%| F|  |TAMS 0x00000000e4900000, 0x00000000e4900000| Untracked 
|  74|0x00000000e4a00000, 0x00000000e4a00000, 0x00000000e4b00000|  0%| F|  |TAMS 0x00000000e4a00000, 0x00000000e4a00000| Untracked 
|  75|0x00000000e4b00000, 0x00000000e4b00000, 0x00000000e4c00000|  0%| F|  |TAMS 0x00000000e4b00000, 0x00000000e4b00000| Untracked 
|  76|0x00000000e4c00000, 0x00000000e4c00000, 0x00000000e4d00000|  0%| F|  |TAMS 0x00000000e4c00000, 0x00000000e4c00000| Untracked 
|  77|0x00000000e4d00000, 0x00000000e4d00000, 0x00000000e4e00000|  0%| F|  |TAMS 0x00000000e4d00000, 0x00000000e4d00000| Untracked 
|  78|0x00000000e4e00000, 0x00000000e4e00000, 0x00000000e4f00000|  0%| F|  |TAMS 0x00000000e4e00000, 0x00000000e4e00000| Untracked 
|  79|0x00000000e4f00000, 0x00000000e4f00000, 0x00000000e5000000|  0%| F|  |TAMS 0x00000000e4f00000, 0x00000000e4f00000| Untracked 
|  80|0x00000000e5000000, 0x00000000e5000000, 0x00000000e5100000|  0%| F|  |TAMS 0x00000000e5000000, 0x00000000e5000000| Untracked 
|  81|0x00000000e5100000, 0x00000000e5100000, 0x00000000e5200000|  0%| F|  |TAMS 0x00000000e5100000, 0x00000000e5100000| Untracked 
|  82|0x00000000e5200000, 0x00000000e5200000, 0x00000000e5300000|  0%| F|  |TAMS 0x00000000e5200000, 0x00000000e5200000| Untracked 
|  83|0x00000000e5300000, 0x00000000e5300000, 0x00000000e5400000|  0%| F|  |TAMS 0x00000000e5300000, 0x00000000e5300000| Untracked 
|  84|0x00000000e5400000, 0x00000000e5500000, 0x00000000e5500000|100%| S|CS|TAMS 0x00000000e5400000, 0x00000000e5400000| Complete 
|  85|0x00000000e5500000, 0x00000000e5600000, 0x00000000e5600000|100%| S|CS|TAMS 0x00000000e5500000, 0x00000000e5500000| Complete 
|  86|0x00000000e5600000, 0x00000000e5700000, 0x00000000e5700000|100%| S|CS|TAMS 0x00000000e5600000, 0x00000000e5600000| Complete 
|  87|0x00000000e5700000, 0x00000000e5800000, 0x00000000e5800000|100%| S|CS|TAMS 0x00000000e5700000, 0x00000000e5700000| Complete 
|  88|0x00000000e5800000, 0x00000000e5900000, 0x00000000e5900000|100%| S|CS|TAMS 0x00000000e5800000, 0x00000000e5800000| Complete 
|  89|0x00000000e5900000, 0x00000000e5a00000, 0x00000000e5a00000|100%| S|CS|TAMS 0x00000000e5900000, 0x00000000e5900000| Complete 
|  90|0x00000000e5a00000, 0x00000000e5b00000, 0x00000000e5b00000|100%| S|CS|TAMS 0x00000000e5a00000, 0x00000000e5a00000| Complete 
|  91|0x00000000e5b00000, 0x00000000e5c00000, 0x00000000e5c00000|100%| S|CS|TAMS 0x00000000e5b00000, 0x00000000e5b00000| Complete 
|  92|0x00000000e5c00000, 0x00000000e5d00000, 0x00000000e5d00000|100%| S|CS|TAMS 0x00000000e5c00000, 0x00000000e5c00000| Complete 
|  93|0x00000000e5d00000, 0x00000000e5e00000, 0x00000000e5e00000|100%| S|CS|TAMS 0x00000000e5d00000, 0x00000000e5d00000| Complete 
|  94|0x00000000e5e00000, 0x00000000e5f00000, 0x00000000e5f00000|100%| S|CS|TAMS 0x00000000e5e00000, 0x00000000e5e00000| Complete 
|  95|0x00000000e5f00000, 0x00000000e6000000, 0x00000000e6000000|100%| S|CS|TAMS 0x00000000e5f00000, 0x00000000e5f00000| Complete 
|  96|0x00000000e6000000, 0x00000000e6100000, 0x00000000e6100000|100%| S|CS|TAMS 0x00000000e6000000, 0x00000000e6000000| Complete 
|  97|0x00000000e6100000, 0x00000000e6200000, 0x00000000e6200000|100%| S|CS|TAMS 0x00000000e6100000, 0x00000000e6100000| Complete 
|  98|0x00000000e6200000, 0x00000000e6300000, 0x00000000e6300000|100%| S|CS|TAMS 0x00000000e6200000, 0x00000000e6200000| Complete 
|  99|0x00000000e6300000, 0x00000000e6400000, 0x00000000e6400000|100%| S|CS|TAMS 0x00000000e6300000, 0x00000000e6300000| Complete 
| 100|0x00000000e6400000, 0x00000000e6500000, 0x00000000e6500000|100%| S|CS|TAMS 0x00000000e6400000, 0x00000000e6400000| Complete 
| 101|0x00000000e6500000, 0x00000000e6600000, 0x00000000e6600000|100%| S|CS|TAMS 0x00000000e6500000, 0x00000000e6500000| Complete 
| 102|0x00000000e6600000, 0x00000000e6700000, 0x00000000e6700000|100%| S|CS|TAMS 0x00000000e6600000, 0x00000000e6600000| Complete 
| 103|0x00000000e6700000, 0x00000000e6700000, 0x00000000e6800000|  0%| F|  |TAMS 0x00000000e6700000, 0x00000000e6700000| Untracked 
| 104|0x00000000e6800000, 0x00000000e6800000, 0x00000000e6900000|  0%| F|  |TAMS 0x00000000e6800000, 0x00000000e6800000| Untracked 
| 105|0x00000000e6900000, 0x00000000e6900000, 0x00000000e6a00000|  0%| F|  |TAMS 0x00000000e6900000, 0x00000000e6900000| Untracked 
| 106|0x00000000e6a00000, 0x00000000e6a00000, 0x00000000e6b00000|  0%| F|  |TAMS 0x00000000e6a00000, 0x00000000e6a00000| Untracked 
| 107|0x00000000e6b00000, 0x00000000e6b00000, 0x00000000e6c00000|  0%| F|  |TAMS 0x00000000e6b00000, 0x00000000e6b00000| Untracked 
| 108|0x00000000e6c00000, 0x00000000e6c00000, 0x00000000e6d00000|  0%| F|  |TAMS 0x00000000e6c00000, 0x00000000e6c00000| Untracked 
| 109|0x00000000e6d00000, 0x00000000e6d00000, 0x00000000e6e00000|  0%| F|  |TAMS 0x00000000e6d00000, 0x00000000e6d00000| Untracked 
| 110|0x00000000e6e00000, 0x00000000e6e00000, 0x00000000e6f00000|  0%| F|  |TAMS 0x00000000e6e00000, 0x00000000e6e00000| Untracked 
| 111|0x00000000e6f00000, 0x00000000e6f00000, 0x00000000e7000000|  0%| F|  |TAMS 0x00000000e6f00000, 0x00000000e6f00000| Untracked 
| 112|0x00000000e7000000, 0x00000000e7000000, 0x00000000e7100000|  0%| F|  |TAMS 0x00000000e7000000, 0x00000000e7000000| Untracked 
| 113|0x00000000e7100000, 0x00000000e7100000, 0x00000000e7200000|  0%| F|  |TAMS 0x00000000e7100000, 0x00000000e7100000| Untracked 
| 114|0x00000000e7200000, 0x00000000e7200000, 0x00000000e7300000|  0%| F|  |TAMS 0x00000000e7200000, 0x00000000e7200000| Untracked 
| 115|0x00000000e7300000, 0x00000000e7300000, 0x00000000e7400000|  0%| F|  |TAMS 0x00000000e7300000, 0x00000000e7300000| Untracked 
| 116|0x00000000e7400000, 0x00000000e7400000, 0x00000000e7500000|  0%| F|  |TAMS 0x00000000e7400000, 0x00000000e7400000| Untracked 
| 117|0x00000000e7500000, 0x00000000e7500000, 0x00000000e7600000|  0%| F|  |TAMS 0x00000000e7500000, 0x00000000e7500000| Untracked 
| 118|0x00000000e7600000, 0x00000000e7600000, 0x00000000e7700000|  0%| F|  |TAMS 0x00000000e7600000, 0x00000000e7600000| Untracked 
| 119|0x00000000e7700000, 0x00000000e7700000, 0x00000000e7800000|  0%| F|  |TAMS 0x00000000e7700000, 0x00000000e7700000| Untracked 
| 120|0x00000000e7800000, 0x00000000e7800000, 0x00000000e7900000|  0%| F|  |TAMS 0x00000000e7800000, 0x00000000e7800000| Untracked 
| 121|0x00000000e7900000, 0x00000000e7900000, 0x00000000e7a00000|  0%| F|  |TAMS 0x00000000e7900000, 0x00000000e7900000| Untracked 
| 122|0x00000000e7a00000, 0x00000000e7a00000, 0x00000000e7b00000|  0%| F|  |TAMS 0x00000000e7a00000, 0x00000000e7a00000| Untracked 
| 123|0x00000000e7b00000, 0x00000000e7b00000, 0x00000000e7c00000|  0%| F|  |TAMS 0x00000000e7b00000, 0x00000000e7b00000| Untracked 
| 124|0x00000000e7c00000, 0x00000000e7c00000, 0x00000000e7d00000|  0%| F|  |TAMS 0x00000000e7c00000, 0x00000000e7c00000| Untracked 
| 125|0x00000000e7d00000, 0x00000000e7d00000, 0x00000000e7e00000|  0%| F|  |TAMS 0x00000000e7d00000, 0x00000000e7d00000| Untracked 
| 126|0x00000000e7e00000, 0x00000000e7e00000, 0x00000000e7f00000|  0%| F|  |TAMS 0x00000000e7e00000, 0x00000000e7e00000| Untracked 
| 127|0x00000000e7f00000, 0x00000000e7f00000, 0x00000000e8000000|  0%| F|  |TAMS 0x00000000e7f00000, 0x00000000e7f00000| Untracked 
| 128|0x00000000e8000000, 0x00000000e8000000, 0x00000000e8100000|  0%| F|  |TAMS 0x00000000e8000000, 0x00000000e8000000| Untracked 
| 129|0x00000000e8100000, 0x00000000e8100000, 0x00000000e8200000|  0%| F|  |TAMS 0x00000000e8100000, 0x00000000e8100000| Untracked 
| 130|0x00000000e8200000, 0x00000000e8200000, 0x00000000e8300000|  0%| F|  |TAMS 0x00000000e8200000, 0x00000000e8200000| Untracked 
| 131|0x00000000e8300000, 0x00000000e8300000, 0x00000000e8400000|  0%| F|  |TAMS 0x00000000e8300000, 0x00000000e8300000| Untracked 
| 132|0x00000000e8400000, 0x00000000e8400000, 0x00000000e8500000|  0%| F|  |TAMS 0x00000000e8400000, 0x00000000e8400000| Untracked 
| 133|0x00000000e8500000, 0x00000000e8500000, 0x00000000e8600000|  0%| F|  |TAMS 0x00000000e8500000, 0x00000000e8500000| Untracked 
| 134|0x00000000e8600000, 0x00000000e8600000, 0x00000000e8700000|  0%| F|  |TAMS 0x00000000e8600000, 0x00000000e8600000| Untracked 
| 135|0x00000000e8700000, 0x00000000e8700000, 0x00000000e8800000|  0%| F|  |TAMS 0x00000000e8700000, 0x00000000e8700000| Untracked 
| 136|0x00000000e8800000, 0x00000000e8800000, 0x00000000e8900000|  0%| F|  |TAMS 0x00000000e8800000, 0x00000000e8800000| Untracked 
| 137|0x00000000e8900000, 0x00000000e8900000, 0x00000000e8a00000|  0%| F|  |TAMS 0x00000000e8900000, 0x00000000e8900000| Untracked 
| 138|0x00000000e8a00000, 0x00000000e8a00000, 0x00000000e8b00000|  0%| F|  |TAMS 0x00000000e8a00000, 0x00000000e8a00000| Untracked 
| 139|0x00000000e8b00000, 0x00000000e8b00000, 0x00000000e8c00000|  0%| F|  |TAMS 0x00000000e8b00000, 0x00000000e8b00000| Untracked 
| 140|0x00000000e8c00000, 0x00000000e8c00000, 0x00000000e8d00000|  0%| F|  |TAMS 0x00000000e8c00000, 0x00000000e8c00000| Untracked 
| 141|0x00000000e8d00000, 0x00000000e8d00000, 0x00000000e8e00000|  0%| F|  |TAMS 0x00000000e8d00000, 0x00000000e8d00000| Untracked 
| 142|0x00000000e8e00000, 0x00000000e8e00000, 0x00000000e8f00000|  0%| F|  |TAMS 0x00000000e8e00000, 0x00000000e8e00000| Untracked 
| 143|0x00000000e8f00000, 0x00000000e8f00000, 0x00000000e9000000|  0%| F|  |TAMS 0x00000000e8f00000, 0x00000000e8f00000| Untracked 
| 144|0x00000000e9000000, 0x00000000e9000000, 0x00000000e9100000|  0%| F|  |TAMS 0x00000000e9000000, 0x00000000e9000000| Untracked 
| 145|0x00000000e9100000, 0x00000000e9100000, 0x00000000e9200000|  0%| F|  |TAMS 0x00000000e9100000, 0x00000000e9100000| Untracked 
| 146|0x00000000e9200000, 0x00000000e9200000, 0x00000000e9300000|  0%| F|  |TAMS 0x00000000e9200000, 0x00000000e9200000| Untracked 
| 147|0x00000000e9300000, 0x00000000e9300000, 0x00000000e9400000|  0%| F|  |TAMS 0x00000000e9300000, 0x00000000e9300000| Untracked 
| 148|0x00000000e9400000, 0x00000000e9400000, 0x00000000e9500000|  0%| F|  |TAMS 0x00000000e9400000, 0x00000000e9400000| Untracked 
| 149|0x00000000e9500000, 0x00000000e9500000, 0x00000000e9600000|  0%| F|  |TAMS 0x00000000e9500000, 0x00000000e9500000| Untracked 
| 150|0x00000000e9600000, 0x00000000e9600000, 0x00000000e9700000|  0%| F|  |TAMS 0x00000000e9600000, 0x00000000e9600000| Untracked 
| 151|0x00000000e9700000, 0x00000000e9700000, 0x00000000e9800000|  0%| F|  |TAMS 0x00000000e9700000, 0x00000000e9700000| Untracked 
| 152|0x00000000e9800000, 0x00000000e9800000, 0x00000000e9900000|  0%| F|  |TAMS 0x00000000e9800000, 0x00000000e9800000| Untracked 
| 153|0x00000000e9900000, 0x00000000e9900000, 0x00000000e9a00000|  0%| F|  |TAMS 0x00000000e9900000, 0x00000000e9900000| Untracked 
| 154|0x00000000e9a00000, 0x00000000e9a00000, 0x00000000e9b00000|  0%| F|  |TAMS 0x00000000e9a00000, 0x00000000e9a00000| Untracked 
| 155|0x00000000e9b00000, 0x00000000e9b00000, 0x00000000e9c00000|  0%| F|  |TAMS 0x00000000e9b00000, 0x00000000e9b00000| Untracked 
| 156|0x00000000e9c00000, 0x00000000e9c00000, 0x00000000e9d00000|  0%| F|  |TAMS 0x00000000e9c00000, 0x00000000e9c00000| Untracked 
| 157|0x00000000e9d00000, 0x00000000e9d00000, 0x00000000e9e00000|  0%| F|  |TAMS 0x00000000e9d00000, 0x00000000e9d00000| Untracked 
| 158|0x00000000e9e00000, 0x00000000e9e00000, 0x00000000e9f00000|  0%| F|  |TAMS 0x00000000e9e00000, 0x00000000e9e00000| Untracked 
| 159|0x00000000e9f00000, 0x00000000e9f00000, 0x00000000ea000000|  0%| F|  |TAMS 0x00000000e9f00000, 0x00000000e9f00000| Untracked 
| 160|0x00000000ea000000, 0x00000000ea000000, 0x00000000ea100000|  0%| F|  |TAMS 0x00000000ea000000, 0x00000000ea000000| Untracked 
| 161|0x00000000ea100000, 0x00000000ea100000, 0x00000000ea200000|  0%| F|  |TAMS 0x00000000ea100000, 0x00000000ea100000| Untracked 
| 162|0x00000000ea200000, 0x00000000ea200000, 0x00000000ea300000|  0%| F|  |TAMS 0x00000000ea200000, 0x00000000ea200000| Untracked 
| 163|0x00000000ea300000, 0x00000000ea300000, 0x00000000ea400000|  0%| F|  |TAMS 0x00000000ea300000, 0x00000000ea300000| Untracked 
| 164|0x00000000ea400000, 0x00000000ea400000, 0x00000000ea500000|  0%| F|  |TAMS 0x00000000ea400000, 0x00000000ea400000| Untracked 
| 165|0x00000000ea500000, 0x00000000ea500000, 0x00000000ea600000|  0%| F|  |TAMS 0x00000000ea500000, 0x00000000ea500000| Untracked 
| 166|0x00000000ea600000, 0x00000000ea600000, 0x00000000ea700000|  0%| F|  |TAMS 0x00000000ea600000, 0x00000000ea600000| Untracked 
| 167|0x00000000ea700000, 0x00000000ea700000, 0x00000000ea800000|  0%| F|  |TAMS 0x00000000ea700000, 0x00000000ea700000| Untracked 
| 168|0x00000000ea800000, 0x00000000ea800000, 0x00000000ea900000|  0%| F|  |TAMS 0x00000000ea800000, 0x00000000ea800000| Untracked 
| 169|0x00000000ea900000, 0x00000000ea900000, 0x00000000eaa00000|  0%| F|  |TAMS 0x00000000ea900000, 0x00000000ea900000| Untracked 
| 170|0x00000000eaa00000, 0x00000000eaa00000, 0x00000000eab00000|  0%| F|  |TAMS 0x00000000eaa00000, 0x00000000eaa00000| Untracked 
| 171|0x00000000eab00000, 0x00000000eab00000, 0x00000000eac00000|  0%| F|  |TAMS 0x00000000eab00000, 0x00000000eab00000| Untracked 
| 172|0x00000000eac00000, 0x00000000eac00000, 0x00000000ead00000|  0%| F|  |TAMS 0x00000000eac00000, 0x00000000eac00000| Untracked 
| 173|0x00000000ead00000, 0x00000000ead00000, 0x00000000eae00000|  0%| F|  |TAMS 0x00000000ead00000, 0x00000000ead00000| Untracked 
| 174|0x00000000eae00000, 0x00000000eae00000, 0x00000000eaf00000|  0%| F|  |TAMS 0x00000000eae00000, 0x00000000eae00000| Untracked 
| 175|0x00000000eaf00000, 0x00000000eaf00000, 0x00000000eb000000|  0%| F|  |TAMS 0x00000000eaf00000, 0x00000000eaf00000| Untracked 
| 176|0x00000000eb000000, 0x00000000eb000000, 0x00000000eb100000|  0%| F|  |TAMS 0x00000000eb000000, 0x00000000eb000000| Untracked 
| 177|0x00000000eb100000, 0x00000000eb100000, 0x00000000eb200000|  0%| F|  |TAMS 0x00000000eb100000, 0x00000000eb100000| Untracked 
| 178|0x00000000eb200000, 0x00000000eb200000, 0x00000000eb300000|  0%| F|  |TAMS 0x00000000eb200000, 0x00000000eb200000| Untracked 
| 179|0x00000000eb300000, 0x00000000eb300000, 0x00000000eb400000|  0%| F|  |TAMS 0x00000000eb300000, 0x00000000eb300000| Untracked 
| 180|0x00000000eb400000, 0x00000000eb400000, 0x00000000eb500000|  0%| F|  |TAMS 0x00000000eb400000, 0x00000000eb400000| Untracked 
| 181|0x00000000eb500000, 0x00000000eb500000, 0x00000000eb600000|  0%| F|  |TAMS 0x00000000eb500000, 0x00000000eb500000| Untracked 
| 182|0x00000000eb600000, 0x00000000eb600000, 0x00000000eb700000|  0%| F|  |TAMS 0x00000000eb600000, 0x00000000eb600000| Untracked 
| 183|0x00000000eb700000, 0x00000000eb700000, 0x00000000eb800000|  0%| F|  |TAMS 0x00000000eb700000, 0x00000000eb700000| Untracked 
| 184|0x00000000eb800000, 0x00000000eb800000, 0x00000000eb900000|  0%| F|  |TAMS 0x00000000eb800000, 0x00000000eb800000| Untracked 
| 185|0x00000000eb900000, 0x00000000eb900000, 0x00000000eba00000|  0%| F|  |TAMS 0x00000000eb900000, 0x00000000eb900000| Untracked 
| 186|0x00000000eba00000, 0x00000000eba00000, 0x00000000ebb00000|  0%| F|  |TAMS 0x00000000eba00000, 0x00000000eba00000| Untracked 
| 187|0x00000000ebb00000, 0x00000000ebb00000, 0x00000000ebc00000|  0%| F|  |TAMS 0x00000000ebb00000, 0x00000000ebb00000| Untracked 
| 188|0x00000000ebc00000, 0x00000000ebc00000, 0x00000000ebd00000|  0%| F|  |TAMS 0x00000000ebc00000, 0x00000000ebc00000| Untracked 
| 189|0x00000000ebd00000, 0x00000000ebd00000, 0x00000000ebe00000|  0%| F|  |TAMS 0x00000000ebd00000, 0x00000000ebd00000| Untracked 
| 190|0x00000000ebe00000, 0x00000000ebe00000, 0x00000000ebf00000|  0%| F|  |TAMS 0x00000000ebe00000, 0x00000000ebe00000| Untracked 
| 191|0x00000000ebf00000, 0x00000000ebf00000, 0x00000000ec000000|  0%| F|  |TAMS 0x00000000ebf00000, 0x00000000ebf00000| Untracked 
| 192|0x00000000ec000000, 0x00000000ec000000, 0x00000000ec100000|  0%| F|  |TAMS 0x00000000ec000000, 0x00000000ec000000| Untracked 
| 193|0x00000000ec100000, 0x00000000ec100000, 0x00000000ec200000|  0%| F|  |TAMS 0x00000000ec100000, 0x00000000ec100000| Untracked 
| 194|0x00000000ec200000, 0x00000000ec200000, 0x00000000ec300000|  0%| F|  |TAMS 0x00000000ec200000, 0x00000000ec200000| Untracked 
| 195|0x00000000ec300000, 0x00000000ec300000, 0x00000000ec400000|  0%| F|  |TAMS 0x00000000ec300000, 0x00000000ec300000| Untracked 
| 196|0x00000000ec400000, 0x00000000ec400000, 0x00000000ec500000|  0%| F|  |TAMS 0x00000000ec400000, 0x00000000ec400000| Untracked 
| 197|0x00000000ec500000, 0x00000000ec500000, 0x00000000ec600000|  0%| F|  |TAMS 0x00000000ec500000, 0x00000000ec500000| Untracked 
| 198|0x00000000ec600000, 0x00000000ec600000, 0x00000000ec700000|  0%| F|  |TAMS 0x00000000ec600000, 0x00000000ec600000| Untracked 
| 199|0x00000000ec700000, 0x00000000ec700000, 0x00000000ec800000|  0%| F|  |TAMS 0x00000000ec700000, 0x00000000ec700000| Untracked 
| 200|0x00000000ec800000, 0x00000000ec800000, 0x00000000ec900000|  0%| F|  |TAMS 0x00000000ec800000, 0x00000000ec800000| Untracked 
| 201|0x00000000ec900000, 0x00000000ec900000, 0x00000000eca00000|  0%| F|  |TAMS 0x00000000ec900000, 0x00000000ec900000| Untracked 
| 202|0x00000000eca00000, 0x00000000eca00000, 0x00000000ecb00000|  0%| F|  |TAMS 0x00000000eca00000, 0x00000000eca00000| Untracked 
| 203|0x00000000ecb00000, 0x00000000ecb00000, 0x00000000ecc00000|  0%| F|  |TAMS 0x00000000ecb00000, 0x00000000ecb00000| Untracked 
| 204|0x00000000ecc00000, 0x00000000ecc00000, 0x00000000ecd00000|  0%| F|  |TAMS 0x00000000ecc00000, 0x00000000ecc00000| Untracked 
| 205|0x00000000ecd00000, 0x00000000ecd00000, 0x00000000ece00000|  0%| F|  |TAMS 0x00000000ecd00000, 0x00000000ecd00000| Untracked 
| 206|0x00000000ece00000, 0x00000000ece00000, 0x00000000ecf00000|  0%| F|  |TAMS 0x00000000ece00000, 0x00000000ece00000| Untracked 
| 207|0x00000000ecf00000, 0x00000000ecf00000, 0x00000000ed000000|  0%| F|  |TAMS 0x00000000ecf00000, 0x00000000ecf00000| Untracked 
| 208|0x00000000ed000000, 0x00000000ed000000, 0x00000000ed100000|  0%| F|  |TAMS 0x00000000ed000000, 0x00000000ed000000| Untracked 
| 209|0x00000000ed100000, 0x00000000ed100000, 0x00000000ed200000|  0%| F|  |TAMS 0x00000000ed100000, 0x00000000ed100000| Untracked 
| 210|0x00000000ed200000, 0x00000000ed200000, 0x00000000ed300000|  0%| F|  |TAMS 0x00000000ed200000, 0x00000000ed200000| Untracked 
| 211|0x00000000ed300000, 0x00000000ed300000, 0x00000000ed400000|  0%| F|  |TAMS 0x00000000ed300000, 0x00000000ed300000| Untracked 
| 212|0x00000000ed400000, 0x00000000ed400000, 0x00000000ed500000|  0%| F|  |TAMS 0x00000000ed400000, 0x00000000ed400000| Untracked 
| 213|0x00000000ed500000, 0x00000000ed5c4098, 0x00000000ed600000| 76%| E|  |TAMS 0x00000000ed500000, 0x00000000ed500000| Complete 
| 214|0x00000000ed600000, 0x00000000ed700000, 0x00000000ed700000|100%| E|CS|TAMS 0x00000000ed600000, 0x00000000ed600000| Complete 
| 215|0x00000000ed700000, 0x00000000ed800000, 0x00000000ed800000|100%| E|CS|TAMS 0x00000000ed700000, 0x00000000ed700000| Complete 
| 216|0x00000000ed800000, 0x00000000ed900000, 0x00000000ed900000|100%| E|CS|TAMS 0x00000000ed800000, 0x00000000ed800000| Complete 
| 217|0x00000000ed900000, 0x00000000eda00000, 0x00000000eda00000|100%| E|CS|TAMS 0x00000000ed900000, 0x00000000ed900000| Complete 
| 218|0x00000000eda00000, 0x00000000edb00000, 0x00000000edb00000|100%| E|CS|TAMS 0x00000000eda00000, 0x00000000eda00000| Complete 
| 219|0x00000000edb00000, 0x00000000edc00000, 0x00000000edc00000|100%| E|CS|TAMS 0x00000000edb00000, 0x00000000edb00000| Complete 
| 220|0x00000000edc00000, 0x00000000edd00000, 0x00000000edd00000|100%| E|CS|TAMS 0x00000000edc00000, 0x00000000edc00000| Complete 
| 221|0x00000000edd00000, 0x00000000ede00000, 0x00000000ede00000|100%| E|CS|TAMS 0x00000000edd00000, 0x00000000edd00000| Complete 
| 222|0x00000000ede00000, 0x00000000edf00000, 0x00000000edf00000|100%| E|CS|TAMS 0x00000000ede00000, 0x00000000ede00000| Complete 
| 223|0x00000000edf00000, 0x00000000ee000000, 0x00000000ee000000|100%| E|CS|TAMS 0x00000000edf00000, 0x00000000edf00000| Complete 
| 224|0x00000000ee000000, 0x00000000ee100000, 0x00000000ee100000|100%| E|CS|TAMS 0x00000000ee000000, 0x00000000ee000000| Complete 
| 225|0x00000000ee100000, 0x00000000ee200000, 0x00000000ee200000|100%| E|CS|TAMS 0x00000000ee100000, 0x00000000ee100000| Complete 
| 226|0x00000000ee200000, 0x00000000ee300000, 0x00000000ee300000|100%| E|CS|TAMS 0x00000000ee200000, 0x00000000ee200000| Complete 
| 227|0x00000000ee300000, 0x00000000ee400000, 0x00000000ee400000|100%| E|CS|TAMS 0x00000000ee300000, 0x00000000ee300000| Complete 
| 228|0x00000000ee400000, 0x00000000ee500000, 0x00000000ee500000|100%| E|CS|TAMS 0x00000000ee400000, 0x00000000ee400000| Complete 
| 229|0x00000000ee500000, 0x00000000ee600000, 0x00000000ee600000|100%| E|CS|TAMS 0x00000000ee500000, 0x00000000ee500000| Complete 
| 230|0x00000000ee600000, 0x00000000ee700000, 0x00000000ee700000|100%| E|CS|TAMS 0x00000000ee600000, 0x00000000ee600000| Complete 
| 231|0x00000000ee700000, 0x00000000ee800000, 0x00000000ee800000|100%| E|CS|TAMS 0x00000000ee700000, 0x00000000ee700000| Complete 
| 232|0x00000000ee800000, 0x00000000ee900000, 0x00000000ee900000|100%| E|CS|TAMS 0x00000000ee800000, 0x00000000ee800000| Complete 
| 233|0x00000000ee900000, 0x00000000eea00000, 0x00000000eea00000|100%| E|CS|TAMS 0x00000000ee900000, 0x00000000ee900000| Complete 
| 234|0x00000000eea00000, 0x00000000eeb00000, 0x00000000eeb00000|100%| E|CS|TAMS 0x00000000eea00000, 0x00000000eea00000| Complete 
| 235|0x00000000eeb00000, 0x00000000eec00000, 0x00000000eec00000|100%| E|CS|TAMS 0x00000000eeb00000, 0x00000000eeb00000| Complete 
| 236|0x00000000eec00000, 0x00000000eed00000, 0x00000000eed00000|100%| E|CS|TAMS 0x00000000eec00000, 0x00000000eec00000| Complete 
| 237|0x00000000eed00000, 0x00000000eee00000, 0x00000000eee00000|100%| E|CS|TAMS 0x00000000eed00000, 0x00000000eed00000| Complete 
| 238|0x00000000eee00000, 0x00000000eef00000, 0x00000000eef00000|100%| E|CS|TAMS 0x00000000eee00000, 0x00000000eee00000| Complete 
| 239|0x00000000eef00000, 0x00000000ef000000, 0x00000000ef000000|100%| E|CS|TAMS 0x00000000eef00000, 0x00000000eef00000| Complete 
| 240|0x00000000ef000000, 0x00000000ef100000, 0x00000000ef100000|100%| E|CS|TAMS 0x00000000ef000000, 0x00000000ef000000| Complete 
| 241|0x00000000ef100000, 0x00000000ef200000, 0x00000000ef200000|100%| E|CS|TAMS 0x00000000ef100000, 0x00000000ef100000| Complete 
| 242|0x00000000ef200000, 0x00000000ef300000, 0x00000000ef300000|100%| E|CS|TAMS 0x00000000ef200000, 0x00000000ef200000| Complete 
| 243|0x00000000ef300000, 0x00000000ef400000, 0x00000000ef400000|100%| E|CS|TAMS 0x00000000ef300000, 0x00000000ef300000| Complete 
| 244|0x00000000ef400000, 0x00000000ef500000, 0x00000000ef500000|100%| E|CS|TAMS 0x00000000ef400000, 0x00000000ef400000| Complete 
| 245|0x00000000ef500000, 0x00000000ef600000, 0x00000000ef600000|100%| E|CS|TAMS 0x00000000ef500000, 0x00000000ef500000| Complete 
| 246|0x00000000ef600000, 0x00000000ef700000, 0x00000000ef700000|100%| E|CS|TAMS 0x00000000ef600000, 0x00000000ef600000| Complete 
| 247|0x00000000ef700000, 0x00000000ef800000, 0x00000000ef800000|100%| E|CS|TAMS 0x00000000ef700000, 0x00000000ef700000| Complete 
| 248|0x00000000ef800000, 0x00000000ef900000, 0x00000000ef900000|100%| E|CS|TAMS 0x00000000ef800000, 0x00000000ef800000| Complete 
| 249|0x00000000ef900000, 0x00000000efa00000, 0x00000000efa00000|100%| E|CS|TAMS 0x00000000ef900000, 0x00000000ef900000| Complete 
| 250|0x00000000efa00000, 0x00000000efb00000, 0x00000000efb00000|100%| E|CS|TAMS 0x00000000efa00000, 0x00000000efa00000| Complete 
| 251|0x00000000efb00000, 0x00000000efc00000, 0x00000000efc00000|100%| E|CS|TAMS 0x00000000efb00000, 0x00000000efb00000| Complete 
| 252|0x00000000efc00000, 0x00000000efd00000, 0x00000000efd00000|100%| E|CS|TAMS 0x00000000efc00000, 0x00000000efc00000| Complete 
| 253|0x00000000efd00000, 0x00000000efe00000, 0x00000000efe00000|100%| E|CS|TAMS 0x00000000efd00000, 0x00000000efd00000| Complete 
| 254|0x00000000efe00000, 0x00000000eff00000, 0x00000000eff00000|100%| E|CS|TAMS 0x00000000efe00000, 0x00000000efe00000| Complete 
| 255|0x00000000eff00000, 0x00000000f0000000, 0x00000000f0000000|100%| E|CS|TAMS 0x00000000eff00000, 0x00000000eff00000| Complete 

Card table byte_map: [0x0000018b67d10000,0x0000018b67e10000] _byte_map_base: 0x0000018b67610000

Marking Bits (Prev, Next): (CMBitMap*) 0x0000018b50a0da78, (CMBitMap*) 0x0000018b50a0dab0
 Prev Bits: [0x0000018b67f10000, 0x0000018b68710000)
 Next Bits: [0x0000018b68710000, 0x0000018b68f10000)

Polling page: 0x0000018b4e810000

Metaspace:

Usage:
  Non-class:     46.49 MB capacity,    45.65 MB ( 98%) used,   760.86 KB (  2%) free+waste,    90.75 KB ( <1%) overhead. 
      Class:      6.87 MB capacity,     6.52 MB ( 95%) used,   320.20 KB (  5%) free+waste,    40.06 KB ( <1%) overhead. 
       Both:     53.35 MB capacity,    52.17 MB ( 98%) used,     1.06 MB (  2%) free+waste,   130.81 KB ( <1%) overhead. 

Virtual space:
  Non-class space:       48.00 MB reserved,      46.50 MB ( 97%) committed 
      Class space:      248.00 MB reserved,       6.88 MB (  3%) committed 
             Both:      296.00 MB reserved,      53.38 MB ( 18%) committed 

Chunk freelists:
   Non-Class:  1.88 KB
       Class:  768 bytes
        Both:  2.63 KB

CodeHeap 'non-profiled nmethods': size=120064Kb used=4316Kb max_used=4316Kb free=115747Kb
 bounds [0x0000018b607d0000, 0x0000018b60c10000, 0x0000018b67d10000]
CodeHeap 'profiled nmethods': size=120000Kb used=15391Kb max_used=15391Kb free=104609Kb
 bounds [0x0000018b592a0000, 0x0000018b5a1b0000, 0x0000018b607d0000]
CodeHeap 'non-nmethods': size=5696Kb used=2307Kb max_used=2373Kb free=3389Kb
 bounds [0x0000018b58d10000, 0x0000018b58f80000, 0x0000018b592a0000]
 total_blobs=8938 nmethods=6377 adapters=715
 compilation: enabled
              stopped_count=0, restarted_count=0
 full_count=0

Compilation events (10 events):
Event: 60.907 Thread 0x0000018b6bebb800 6587       3       java.security.MessageDigestSpi::<init> (5 bytes)
Event: 60.907 Thread 0x0000018b6bebb800 nmethod 6587 0x0000018b5a1a2390 code [0x0000018b5a1a2540, 0x0000018b5a1a26f8]
Event: 61.010 Thread 0x0000018b6bebb800 6589       3       sun.invoke.util.VerifyAccess::isMemberAccessible (313 bytes)
Event: 61.022 Thread 0x0000018b6bebb800 nmethod 6589 0x0000018b5a1a2790 code [0x0000018b5a1a2c60, 0x0000018b5a1a4f10]
Event: 61.022 Thread 0x0000018b6bebb800 6590       3       java.lang.invoke.AbstractValidatingLambdaMetafactory::isAdaptableTo (126 bytes)
Event: 61.025 Thread 0x0000018b6bebb800 nmethod 6590 0x0000018b5a1a5990 code [0x0000018b5a1a5c20, 0x0000018b5a1a6670]
Event: 61.025 Thread 0x0000018b6bebb800 6591       3       java.lang.invoke.MemberName::hashCode (43 bytes)
Event: 61.027 Thread 0x0000018b6bebb800 nmethod 6591 0x0000018b5a1a6a90 code [0x0000018b5a1a6d00, 0x0000018b5a1a7a30]
Event: 61.027 Thread 0x0000018b6bebb800 6592       3       java.lang.Byte::hashCode (8 bytes)
Event: 61.028 Thread 0x0000018b6bebb800 nmethod 6592 0x0000018b5a1a7d90 code [0x0000018b5a1a7f40, 0x0000018b5a1a80f8]

GC Heap History (10 events):
Event: 19.365 GC heap before
{Heap before GC invocations=3 (full 0):
 garbage-first heap   total 262144K, used 55450K [0x00000000e0000000, 0x0000000100000000)
  region size 1024K, 47 young (48128K), 4 survivors (4096K)
 Metaspace       used 20689K, capacity 21142K, committed 21248K, reserved 272384K
  class space    used 2572K, capacity 2742K, committed 2816K, reserved 253952K
}
Event: 19.389 GC heap after
{Heap after GC invocations=4 (full 0):
 garbage-first heap   total 262144K, used 14984K [0x00000000e0000000, 0x0000000100000000)
  region size 1024K, 3 young (3072K), 3 survivors (3072K)
 Metaspace       used 20689K, capacity 21142K, committed 21248K, reserved 272384K
  class space    used 2572K, capacity 2742K, committed 2816K, reserved 253952K
}
Event: 25.049 GC heap before
{Heap before GC invocations=5 (full 0):
 garbage-first heap   total 262144K, used 70280K [0x00000000e0000000, 0x0000000100000000)
  region size 1024K, 58 young (59392K), 3 survivors (3072K)
 Metaspace       used 29697K, capacity 30198K, committed 30336K, reserved 280576K
  class space    used 3695K, capacity 3854K, committed 3968K, reserved 253952K
}
Event: 25.070 GC heap after
{Heap after GC invocations=6 (full 0):
 garbage-first heap   total 262144K, used 17783K [0x00000000e0000000, 0x0000000100000000)
  region size 1024K, 6 young (6144K), 6 survivors (6144K)
 Metaspace       used 29697K, capacity 30198K, committed 30336K, reserved 280576K
  class space    used 3695K, capacity 3854K, committed 3968K, reserved 253952K
}
Event: 28.416 GC heap before
{Heap before GC invocations=6 (full 0):
 garbage-first heap   total 262144K, used 44407K [0x00000000e0000000, 0x0000000100000000)
  region size 1024K, 30 young (30720K), 6 survivors (6144K)
 Metaspace       used 35105K, capacity 35705K, committed 35840K, reserved 286720K
  class space    used 4190K, capacity 4405K, committed 4480K, reserved 253952K
}
Event: 28.444 GC heap after
{Heap after GC invocations=7 (full 0):
 garbage-first heap   total 262144K, used 20468K [0x00000000e0000000, 0x0000000100000000)
  region size 1024K, 8 young (8192K), 8 survivors (8192K)
 Metaspace       used 35105K, capacity 35705K, committed 35840K, reserved 286720K
  class space    used 4190K, capacity 4405K, committed 4480K, reserved 253952K
}
Event: 43.906 GC heap before
{Heap before GC invocations=8 (full 0):
 garbage-first heap   total 262144K, used 144372K [0x00000000e0000000, 0x0000000100000000)
  region size 1024K, 129 young (132096K), 8 survivors (8192K)
 Metaspace       used 46900K, capacity 47788K, committed 47872K, reserved 296960K
  class space    used 5878K, capacity 6139K, committed 6144K, reserved 253952K
}
Event: 43.955 GC heap after
{Heap after GC invocations=9 (full 0):
 garbage-first heap   total 262144K, used 26755K [0x00000000e0000000, 0x0000000100000000)
  region size 1024K, 14 young (14336K), 14 survivors (14336K)
 Metaspace       used 46900K, capacity 47788K, committed 47872K, reserved 296960K
  class space    used 5878K, capacity 6139K, committed 6144K, reserved 253952K
}
Event: 57.845 GC heap before
{Heap before GC invocations=9 (full 0):
 garbage-first heap   total 262144K, used 169091K [0x00000000e0000000, 0x0000000100000000)
  region size 1024K, 153 young (156672K), 14 survivors (14336K)
 Metaspace       used 52856K, capacity 53961K, committed 54144K, reserved 301056K
  class space    used 6615K, capacity 6982K, committed 7040K, reserved 253952K
}
Event: 57.935 GC heap after
{Heap after GC invocations=10 (full 0):
 garbage-first heap   total 262144K, used 36742K [0x00000000e0000000, 0x0000000100000000)
  region size 1024K, 19 young (19456K), 19 survivors (19456K)
 Metaspace       used 52856K, capacity 53961K, committed 54144K, reserved 301056K
  class space    used 6615K, capacity 6982K, committed 7040K, reserved 253952K
}

Deoptimization events (10 events):
Event: 60.247 Thread 0x0000018b6cdcc800 Uncommon trap: reason=class_check action=maybe_recompile pc=0x0000018b60b40cdc method=org.gradle.internal.component.external.model.maven.DefaultMavenModuleResolveMetadata.include(Lorg/gradle/internal/component/external/model/maven/MavenDependencyDescripto
Event: 60.247 Thread 0x0000018b6cdcc800 Uncommon trap: reason=class_check action=maybe_recompile pc=0x0000018b60b40cdc method=org.gradle.internal.component.external.model.maven.DefaultMavenModuleResolveMetadata.include(Lorg/gradle/internal/component/external/model/maven/MavenDependencyDescripto
Event: 60.247 Thread 0x0000018b6cdcc800 Uncommon trap: reason=class_check action=maybe_recompile pc=0x0000018b60b40cdc method=org.gradle.internal.component.external.model.maven.DefaultMavenModuleResolveMetadata.include(Lorg/gradle/internal/component/external/model/maven/MavenDependencyDescripto
Event: 60.247 Thread 0x0000018b6cdcc800 Uncommon trap: reason=class_check action=maybe_recompile pc=0x0000018b60b40cdc method=org.gradle.internal.component.external.model.maven.DefaultMavenModuleResolveMetadata.include(Lorg/gradle/internal/component/external/model/maven/MavenDependencyDescripto
Event: 60.365 Thread 0x0000018b6cdcc800 Uncommon trap: reason=bimorphic_or_optimized_type_check action=maybe_recompile pc=0x0000018b60b2e814 method=com.google.common.collect.AbstractIndexedListIterator.next()Ljava/lang/Object; @ 27 c2
Event: 60.471 Thread 0x0000018b6cdb6000 Uncommon trap: reason=unstable_if action=reinterpret pc=0x0000018b608dc308 method=java.util.concurrent.ConcurrentHashMap.get(Ljava/lang/Object;)Ljava/lang/Object; @ 152 c2
Event: 60.472 Thread 0x0000018b6cdb6000 Uncommon trap: reason=class_check action=maybe_recompile pc=0x0000018b608a5258 method=java.util.concurrent.ConcurrentHashMap.putVal(Ljava/lang/Object;Ljava/lang/Object;Z)Ljava/lang/Object; @ 242 c2
Event: 60.473 Thread 0x0000018b6ea49000 Uncommon trap: reason=class_check action=maybe_recompile pc=0x0000018b608a5258 method=java.util.concurrent.ConcurrentHashMap.putVal(Ljava/lang/Object;Ljava/lang/Object;Z)Ljava/lang/Object; @ 242 c2
Event: 60.476 Thread 0x0000018b6cdb6000 Uncommon trap: reason=class_check action=maybe_recompile pc=0x0000018b608a5258 method=java.util.concurrent.ConcurrentHashMap.putVal(Ljava/lang/Object;Ljava/lang/Object;Z)Ljava/lang/Object; @ 242 c2
Event: 60.477 Thread 0x0000018b6ea49000 Uncommon trap: reason=class_check action=maybe_recompile pc=0x0000018b608a5258 method=java.util.concurrent.ConcurrentHashMap.putVal(Ljava/lang/Object;Ljava/lang/Object;Z)Ljava/lang/Object; @ 242 c2

Classes redefined (0 events):
No events

Internal exceptions (10 events):
Event: 47.729 Thread 0x0000018b6c1f7800 Exception <a 'java/lang/NoSuchMethodError'{0x00000000ed116c60}: <clinit>> (0x00000000ed116c60) thrown at [t:/workspace/open/src/hotspot/share/prims/jni.cpp, line 1364]
Event: 47.783 Thread 0x0000018b6c1f7800 Exception <a 'java/lang/NoSuchMethodError'{0x00000000ed120610}: <clinit>> (0x00000000ed120610) thrown at [t:/workspace/open/src/hotspot/share/prims/jni.cpp, line 1364]
Event: 47.797 Thread 0x0000018b6c1f7800 Exception <a 'java/lang/NoSuchMethodError'{0x00000000ed12a6a8}: <clinit>> (0x00000000ed12a6a8) thrown at [t:/workspace/open/src/hotspot/share/prims/jni.cpp, line 1364]
Event: 48.340 Thread 0x0000018b6c1f7800 Exception <a 'java/lang/NoSuchMethodError'{0x00000000ed13eb90}: <clinit>> (0x00000000ed13eb90) thrown at [t:/workspace/open/src/hotspot/share/prims/jni.cpp, line 1364]
Event: 48.965 Thread 0x0000018b6cdcc800 Exception <a 'java/lang/NoSuchMethodError'{0x00000000ecd15f38}: java.lang.invoke.DirectMethodHandle$Holder.invokeInterface(Ljava/lang/Object;Ljava/lang/Object;)I> (0x00000000ecd15f38) thrown at [t:/workspace/open/src/hotspot/share/interpreter/linkResolver
Event: 48.966 Thread 0x0000018b6cdcc800 Exception <a 'java/lang/IncompatibleClassChangeError'{0x00000000ecd19770}: Found class java.lang.Object, but interface was expected> (0x00000000ecd19770) thrown at [t:/workspace/open/src/hotspot/share/interpreter/linkResolver.cpp, line 838]
Event: 49.230 Thread 0x0000018b6cdcc800 Implicit null exception at 0x0000018b609f29ea to 0x0000018b609f2bce
Event: 49.668 Thread 0x0000018b6c1f7800 Exception <a 'java/lang/NoSuchMethodError'{0x00000000ed012d98}: <clinit>> (0x00000000ed012d98) thrown at [t:/workspace/open/src/hotspot/share/prims/jni.cpp, line 1364]
Event: 49.672 Thread 0x0000018b6c1f7800 Exception <a 'java/lang/NoSuchMethodError'{0x00000000ed01c820}: <clinit>> (0x00000000ed01c820) thrown at [t:/workspace/open/src/hotspot/share/prims/jni.cpp, line 1364]
Event: 57.766 Thread 0x0000018b6cdcc800 Implicit null exception at 0x0000018b60b92dd5 to 0x0000018b60b92e8a

Events (10 events):
Event: 61.048 loading class org/gradle/internal/execution/history/changes/PropertyChanges
Event: 61.048 loading class org/gradle/internal/execution/history/changes/PropertyChanges done
Event: 61.048 Thread 0x0000018b6cdcc800 DEOPT PACKING pc=0x0000018b5937bac1 sp=0x0000001d8a4f9ec0
Event: 61.049 Thread 0x0000018b6cdcc800 DEOPT UNPACKING pc=0x0000018b58d4cf4e sp=0x0000001d8a4f9368 mode 1
Event: 61.049 Thread 0x0000018b6cdcc800 DEOPT PACKING pc=0x0000018b60a1699c sp=0x0000001d8a4f9f20
Event: 61.049 Thread 0x0000018b6cdcc800 DEOPT UNPACKING pc=0x0000018b58d4cf4e sp=0x0000001d8a4f93d8 mode 1
Event: 61.049 Thread 0x0000018b6cdcc800 DEOPT PACKING pc=0x0000018b60a1699c sp=0x0000001d8a4f9fd0
Event: 61.049 Thread 0x0000018b6cdcc800 DEOPT UNPACKING pc=0x0000018b58d4cf4e sp=0x0000001d8a4f9488 mode 1
Event: 61.053 loading class org/gradle/internal/execution/history/changes/PropertyDiffListener
Event: 61.053 loading class org/gradle/internal/execution/history/changes/PropertyDiffListener done


Dynamic libraries:
0x00007ff6aa740000 - 0x00007ff6aa787000 	C:\Program Files\Java\jdk-11.0.2\bin\java.exe
0x00007ffa2c850000 - 0x00007ffa2ca3d000 	C:\Windows\SYSTEM32\ntdll.dll
0x00007ffa29f40000 - 0x00007ffa29ff3000 	C:\Windows\System32\KERNEL32.DLL
0x00007ffa289c0000 - 0x00007ffa28c53000 	C:\Windows\System32\KERNELBASE.dll
0x00007ffa2c770000 - 0x00007ffa2c813000 	C:\Windows\System32\ADVAPI32.dll
0x00007ffa2c0b0000 - 0x00007ffa2c14e000 	C:\Windows\System32\msvcrt.dll
0x00007ffa2a5b0000 - 0x00007ffa2a64e000 	C:\Windows\System32\sechost.dll
0x00007ffa2c150000 - 0x00007ffa2c272000 	C:\Windows\System32\RPCRT4.dll
0x00007ffa2c430000 - 0x00007ffa2c5c7000 	C:\Windows\System32\USER32.dll
0x00007ffa299b0000 - 0x00007ffa299d0000 	C:\Windows\System32\win32u.dll
0x00007ffa2bf20000 - 0x00007ffa2bf49000 	C:\Windows\System32\GDI32.dll
0x00007ffa28ec0000 - 0x00007ffa29059000 	C:\Windows\System32\gdi32full.dll
0x00007ffa28920000 - 0x00007ffa289c0000 	C:\Windows\System32\msvcp_win.dll
0x00007ffa297d0000 - 0x00007ffa298ca000 	C:\Windows\System32\ucrtbase.dll
0x00007ffa20f00000 - 0x00007ffa21179000 	C:\Windows\WinSxS\amd64_microsoft.windows.common-controls_6595b64144ccf1df_6.0.17763.678_none_05b74150071d72bf\COMCTL32.dll
0x00007ffa29c10000 - 0x00007ffa29f3c000 	C:\Windows\System32\combase.dll
0x00007ffa29930000 - 0x00007ffa299ae000 	C:\Windows\System32\bcryptPrimitives.dll
0x00007ffa24510000 - 0x00007ffa2451a000 	C:\Windows\SYSTEM32\VERSION.dll
0x00007ffa2c740000 - 0x00007ffa2c76e000 	C:\Windows\System32\IMM32.DLL
0x00007ffa16b20000 - 0x00007ffa16b36000 	C:\Program Files\Java\jdk-11.0.2\bin\vcruntime140.dll
0x00007ffa07940000 - 0x00007ffa079ea000 	C:\Program Files\Java\jdk-11.0.2\bin\msvcp140.dll
0x00007ff9ee570000 - 0x00007ff9ef097000 	C:\Program Files\Java\jdk-11.0.2\bin\server\jvm.dll
0x00007ffa2bb40000 - 0x00007ffa2bb48000 	C:\Windows\System32\PSAPI.DLL
0x00007ffa22a20000 - 0x00007ffa22a29000 	C:\Windows\SYSTEM32\WSOCK32.dll
0x00007ffa2a0b0000 - 0x00007ffa2a11d000 	C:\Windows\System32\WS2_32.dll
0x00007ffa25a10000 - 0x00007ffa25a34000 	C:\Windows\SYSTEM32\WINMM.dll
0x00007ffa259e0000 - 0x00007ffa25a0d000 	C:\Windows\SYSTEM32\WINMMBASE.dll
0x00007ffa28e40000 - 0x00007ffa28e8a000 	C:\Windows\System32\cfgmgr32.dll
0x00007ffa28900000 - 0x00007ffa28911000 	C:\Windows\System32\kernel.appcore.dll
0x00007ffa13d60000 - 0x00007ffa13d71000 	C:\Program Files\Java\jdk-11.0.2\bin\verify.dll
0x00007ffa17c40000 - 0x00007ffa17e2d000 	C:\Windows\SYSTEM32\DBGHELP.DLL
0x00007ffa17af0000 - 0x00007ffa17b1a000 	C:\Windows\SYSTEM32\dbgcore.DLL
0x00007ffa0e820000 - 0x00007ffa0e849000 	C:\Program Files\Java\jdk-11.0.2\bin\java.dll
0x00007ffa07cf0000 - 0x00007ffa07d27000 	C:\Program Files\Java\jdk-11.0.2\bin\jdwp.dll
0x00007ffa0ed10000 - 0x00007ffa0ed26000 	C:\Program Files\Java\jdk-11.0.2\bin\zip.dll
0x00007ffa17190000 - 0x00007ffa1719a000 	C:\Program Files\Java\jdk-11.0.2\bin\jimage.dll
0x00007ffa2a650000 - 0x00007ffa2bb40000 	C:\Windows\System32\SHELL32.dll
0x00007ffa2bd90000 - 0x00007ffa2be38000 	C:\Windows\System32\shcore.dll
0x00007ffa29060000 - 0x00007ffa297aa000 	C:\Windows\System32\windows.storage.dll
0x00007ffa288b0000 - 0x00007ffa288d4000 	C:\Windows\System32\profapi.dll
0x00007ffa28850000 - 0x00007ffa288ad000 	C:\Windows\System32\powrprof.dll
0x00007ffa2bec0000 - 0x00007ffa2bf12000 	C:\Windows\System32\shlwapi.dll
0x00007ffa297b0000 - 0x00007ffa297c7000 	C:\Windows\System32\cryptsp.dll
0x00007ffa17120000 - 0x00007ffa1712a000 	C:\Program Files\Java\jdk-11.0.2\bin\dt_socket.dll
0x00007ffa28060000 - 0x00007ffa280c7000 	C:\Windows\system32\mswsock.dll
0x00007ffa16b40000 - 0x00007ffa16b59000 	C:\Program Files\Java\jdk-11.0.2\bin\net.dll
0x00007ffa20b30000 - 0x00007ffa20c22000 	C:\Windows\SYSTEM32\WINHTTP.dll
0x00007ffa19e10000 - 0x00007ffa19fe7000 	C:\Windows\SYSTEM32\urlmon.dll
0x00007ffa1a2a0000 - 0x00007ffa1a548000 	C:\Windows\SYSTEM32\iertutil.dll
0x00007ffa281f0000 - 0x00007ffa281fc000 	C:\Windows\SYSTEM32\CRYPTBASE.DLL
0x00007ffa0d040000 - 0x00007ffa0d053000 	C:\Program Files\Java\jdk-11.0.2\bin\nio.dll
0x00007ffa07020000 - 0x00007ffa07046000 	C:\Users\gabri\.gradle\native\29\windows-amd64\native-platform.dll
0x00007ffa17070000 - 0x00007ffa17079000 	C:\Program Files\Java\jdk-11.0.2\bin\management.dll
0x00007ffa16460000 - 0x00007ffa1646c000 	C:\Program Files\Java\jdk-11.0.2\bin\management_ext.dll
0x00007ffa27bf0000 - 0x00007ffa27c23000 	C:\Windows\system32\rsaenh.dll
0x00007ffa28e90000 - 0x00007ffa28eb6000 	C:\Windows\System32\bcrypt.dll
0x00007ffa28750000 - 0x00007ffa28778000 	C:\Windows\SYSTEM32\USERENV.dll
0x00007ffa27da0000 - 0x00007ffa27ddd000 	C:\Windows\SYSTEM32\IPHLPAPI.DLL
0x00007ffa2c0a0000 - 0x00007ffa2c0a8000 	C:\Windows\System32\NSI.dll
0x00007ffa21d00000 - 0x00007ffa21d16000 	C:\Windows\SYSTEM32\dhcpcsvc6.DLL
0x00007ffa21ce0000 - 0x00007ffa21cfc000 	C:\Windows\SYSTEM32\dhcpcsvc.DLL
0x00007ffa27de0000 - 0x00007ffa27ea6000 	C:\Windows\SYSTEM32\DNSAPI.dll

dbghelp: loaded successfully - version: 4.0.5 - missing functions: none
symbol engine: initialized successfully - sym options: 0x614 - pdb path: .;C:\Program Files\Java\jdk-11.0.2\bin;C:\Windows\SYSTEM32;C:\Windows\WinSxS\amd64_microsoft.windows.common-controls_6595b64144ccf1df_6.0.17763.678_none_05b74150071d72bf;C:\Program Files\Java\jdk-11.0.2\bin\server;C:\Users\gabri\.gradle\native\29\windows-amd64

VM Arguments:
jvm_args: -XX:MaxMetaspaceSize=256m -XX:+HeapDumpOnOutOfMemoryError -agentlib:jdwp=transport=dt_socket,server=n,suspend=y,address=127.0.0.1:52088 --add-opens=java.base/java.util=ALL-UNNAMED --add-opens=java.base/java.lang=ALL-UNNAMED --add-opens=java.base/java.lang.invoke=ALL-UNNAMED --add-opens=java.prefs/java.util.prefs=ALL-UNNAMED -Xms256m -Xmx512m -Dfile.encoding=windows-1252 -Duser.country=BR -Duser.language=pt -Duser.variant 
java_command: org.gradle.launcher.daemon.bootstrap.GradleDaemon 5.4.1
java_class_path (initial): C:\Users\gabri\.gradle\wrapper\dists\gradle-5.4.1-bin\e75iq110yv9r9wt1a6619x2xm\gradle-5.4.1\lib\gradle-launcher-5.4.1.jar
Launcher Type: SUN_STANDARD

[Global flags]
     intx CICompilerCount                          = 3                                         {product} {ergonomic}
   size_t CompressedClassSpaceSize                 = 260046848                                 {product} {ergonomic}
     uint ConcGCThreads                            = 1                                         {product} {ergonomic}
     uint G1ConcRefinementThreads                  = 4                                         {product} {ergonomic}
   size_t G1HeapRegionSize                         = 1048576                                   {product} {ergonomic}
    uintx GCDrainStackTargetSize                   = 64                                        {product} {ergonomic}
     bool HeapDumpOnOutOfMemoryError               = true                                   {manageable} {command line}
   size_t InitialHeapSize                          = 268435456                                 {product} {command line}
   size_t MarkStackSize                            = 4194304                                   {product} {ergonomic}
   size_t MaxHeapSize                              = 536870912                                 {product} {command line}
   size_t MaxMetaspaceSize                         = 268435456                                 {product} {command line}
   size_t MaxNewSize                               = 321912832                                 {product} {ergonomic}
   size_t MinHeapDeltaBytes                        = 1048576                                   {product} {ergonomic}
    uintx NonNMethodCodeHeapSize                   = 5830092                                {pd product} {ergonomic}
    uintx NonProfiledCodeHeapSize                  = 122914074                              {pd product} {ergonomic}
    uintx ProfiledCodeHeapSize                     = 122914074                              {pd product} {ergonomic}
    uintx ReservedCodeCacheSize                    = 251658240                              {pd product} {ergonomic}
     bool SegmentedCodeCache                       = true                                      {product} {ergonomic}
     bool UseCompressedClassPointers               = true                                 {lp64_product} {ergonomic}
     bool UseCompressedOops                        = true                                 {lp64_product} {ergonomic}
     bool UseG1GC                                  = true                                      {product} {ergonomic}
     bool UseLargePagesIndividualAllocation        = false                                  {pd product} {ergonomic}

Logging:
Log output configuration:
 #0: stdout all=warning uptime,level,tags
 #1: stderr all=off uptime,level,tags

Environment Variables:
JAVA_HOME=C:\Program Files\Java\jdk1.8.0_201
CLASSPATH=.;
PATH=C:\Program Files\JetBrains\IntelliJ IDEA Community Edition 2019.1.3\jbr\\bin;C:\Program Files\JetBrains\IntelliJ IDEA Community Edition 2019.1.3\jbr\\bin\server;C:\Program Files\JetBrains\IntelliJ IDEA Community Edition 2019.1.3\jbr\\bin;C:\Program Files\JetBrains\IntelliJ IDEA Community Edition 2019.1.3\jbr\\bin\server;C:\ProgramData\DockerDesktop\version-bin;C:\Program Files\Docker\Docker\Resources\bin;C:\Windows\system32;C:\Windows;C:\Windows\System32\Wbem;C:\Windows\System32\WindowsPowerShell\v1.0\;C:\Windows\System32\OpenSSH\;C:\Program Files\nodejs\;C:\Program Files\Git\cmd;C:\Program Files\NVIDIA Corporation\NVIDIA NvDLISR;C:\Program Files\dotnet\;C:\Program Files\Microsoft SQL Server\130\Tools\Binn\;C:\ProgramData\chocolatey\bin;C:\Program Files\Java\jdk1.8.0_201\bin;C:\Program Files (x86)\Yarn\bin\;C:\Program Files\Microsoft SQL Server\Client SDK\ODBC\110\Tools\Binn\;C:\Program Files (x86)\Microsoft SQL Server\120\Tools\Binn\ManagementStudio\;C:\Program Files (x86)\Microsoft SQL Server\120\Tools\Binn\;C:\Program Files\Microsoft SQL Server\120\Tools\Binn\;C:\Program Files (x86)\Microsoft SQL Server\120\DTS\Binn\;C:\Program Files\Microsoft SQL Server\120\DTS\Binn\;C:\Program Files (x86)\NVIDIA Corporation\PhysX\Common;C:\Users\gabri\AppData\Local\Microsoft\WindowsApps;C:\Users\gabri\AppData\Roaming\npm;C:\Users\gabri\AppData\Local\Programs\Microsoft VS Code\bin;C:\Python27;C:\Users\gabri\AppData\Local\Android\Sdk\emulator;C:\Users\gabri\AppData\Local\Android\Sdk\tools;C:\Users\gabri\AppData\Local\Android\Sdk\tools\bin;C:\Users\gabri\AppData\Local\Android\Sdk\platform-tools;C:\Program Files\MySQL\MySQL Server 8.0\bin;C:\Program Files\MongoDB\Server\4.0\bin;C:\Users\gabri\AppData\Local\Yarn\bin;C:\Users\gabri\Documents\apache-maven-3.6.1\bin;C:\Program Files\Docker Toolbox;C:\Users\gabri\AppData\Local\Programs\Azure Data Studio\bin;C:\Users\gabri\Documents\mvn;C:\Users\gabri\.dotnet\tools
USERNAME=gabri
OS=Windows_NT
PROCESSOR_IDENTIFIER=AMD64 Family 21 Model 2 Stepping 0, AuthenticAMD



---------------  S Y S T E M  ---------------

OS: Windows 10 , 64 bit Build 17763 (10.0.17763.475)

CPU:total 4 (initial active 4) (4 cores per cpu, 1 threads per core) family 21 model 2 stepping 0, cmov, cx8, fxsr, mmx, sse, sse2, sse3, ssse3, sse4.1, sse4.2, popcnt, avx, aes, clmul, mmxext, 3dnowpref, lzcnt, sse4a, tsc, tscinvbit, tscinv, bmi1, fma

Memory: 4k page, system-wide physical 12271M (5358M free)
TotalPageFile size 18415M (AvailPageFile size 7474M)
current process WorkingSet (physical memory assigned to process): 369M, peak: 369M
current process commit charge ("private bytes"): 472M, peak: 472M

vm_info: Java HotSpot(TM) 64-Bit Server VM (11.0.2+9-LTS) for windows-amd64 JRE (11.0.2+9-LTS), built on Jan 18 2019 05:24:10 by "mach5one" with MS VC++ 15.5 (VS2017)

END.
